<?xml version="1.0" ?>
<!DOCTYPE coverage SYSTEM "http://cobertura.sourceforge.net/xml/coverage-04.dtd">
<coverage lines-valid="4029" lines-covered="1210" line-rate="0.3003" branches-valid="3640" branches-covered="832" branch-rate="0.2286" timestamp="1646303480010" complexity="0" version="0.1">
  <sources>
    <source>C:\Projekt\komponentkartan</source>
  </sources>
  <packages>
    <package name="src" line-rate="1" branch-rate="1">
      <classes>
        <class name="test.ts" filename="projects\komponentkartan\src\test.ts" line-rate="1" branch-rate="1">
          <methods>
          </methods>
          <lines>
            <line number="8" hits="1" branch="false"/>
            <line number="10" hits="1" branch="false"/>
            <line number="12" hits="1" branch="false"/>
          </lines>
        </class>
      </classes>
    </package>
    <package name="src.lib" line-rate="1" branch-rate="1">
      <classes>
        <class name="animation.ts" filename="projects\komponentkartan\src\lib\animation.ts" line-rate="1" branch-rate="1">
          <methods>
          </methods>
          <lines>
            <line number="2" hits="1" branch="false"/>
            <line number="14" hits="1" branch="false"/>
            <line number="23" hits="1" branch="false"/>
            <line number="33" hits="1" branch="false"/>
            <line number="50" hits="1" branch="false"/>
            <line number="56" hits="1" branch="false"/>
          </lines>
        </class>
        <class name="index.ts" filename="projects\komponentkartan\src\lib\index.ts" line-rate="1" branch-rate="1">
          <methods>
          </methods>
          <lines>
          </lines>
        </class>
      </classes>
    </package>
    <package name="src.lib.controls.action-panel" line-rate="0.2917" branch-rate="0.2632">
      <classes>
        <class name="action-panel.component.ts" filename="projects\komponentkartan\src\lib\controls\action-panel\action-panel.component.ts" line-rate="0.2916" branch-rate="0.2631">
          <methods>
            <method name="(anonymous_0)" hits="1" signature="()V">
              <lines>
                <line number="1" hits="1"/>
              </lines>
            </method>
            <method name="(anonymous_1)" hits="1" signature="()V">
              <lines>
                <line number="11" hits="1"/>
              </lines>
            </method>
            <method name="ActionPanelComponent" hits="0" signature="()V">
              <lines>
                <line number="12" hits="0"/>
              </lines>
            </method>
            <method name="(anonymous_3)" hits="0" signature="()V">
              <lines>
                <line number="23" hits="0"/>
              </lines>
            </method>
            <method name="(anonymous_4)" hits="0" signature="()V">
              <lines>
                <line number="27" hits="0"/>
              </lines>
            </method>
            <method name="(anonymous_5)" hits="0" signature="()V">
              <lines>
                <line number="49" hits="0"/>
              </lines>
            </method>
            <method name="(anonymous_6)" hits="0" signature="()V">
              <lines>
                <line number="54" hits="0"/>
              </lines>
            </method>
            <method name="(anonymous_7)" hits="0" signature="()V">
              <lines>
                <line number="62" hits="0"/>
              </lines>
            </method>
          </methods>
          <lines>
            <line number="1" hits="1" branch="true" condition-coverage="66.66666666666666% (2/3)"/>
            <line number="2" hits="1" branch="true" condition-coverage="25% (1/4)"/>
            <line number="3" hits="1" branch="true" condition-coverage="75% (3/4)"/>
            <line number="4" hits="1" branch="true" condition-coverage="37.5% (3/8)"/>
            <line number="5" hits="1" branch="true" condition-coverage="33.33333333333333% (1/3)"/>
            <line number="11" hits="1" branch="false"/>
            <line number="13" hits="0" branch="false"/>
            <line number="14" hits="0" branch="false"/>
            <line number="15" hits="0" branch="false"/>
            <line number="16" hits="0" branch="false"/>
            <line number="17" hits="0" branch="false"/>
            <line number="18" hits="0" branch="false"/>
            <line number="19" hits="0" branch="false"/>
            <line number="20" hits="0" branch="false"/>
            <line number="21" hits="0" branch="false"/>
            <line number="23" hits="1" branch="false"/>
            <line number="24" hits="0" branch="false"/>
            <line number="25" hits="0" branch="false"/>
            <line number="27" hits="1" branch="false"/>
            <line number="28" hits="0" branch="false"/>
            <line number="29" hits="0" branch="true" condition-coverage="0% (0/2)"/>
            <line number="30" hits="0" branch="true" condition-coverage="0% (0/2)"/>
            <line number="31" hits="0" branch="false"/>
            <line number="32" hits="0" branch="false"/>
            <line number="35" hits="0" branch="false"/>
            <line number="36" hits="0" branch="false"/>
            <line number="39" hits="0" branch="false"/>
            <line number="40" hits="0" branch="true" condition-coverage="0% (0/2)"/>
            <line number="41" hits="0" branch="true" condition-coverage="0% (0/2)"/>
            <line number="42" hits="0" branch="false"/>
            <line number="45" hits="0" branch="false"/>
            <line number="49" hits="1" branch="false"/>
            <line number="50" hits="0" branch="false"/>
            <line number="51" hits="0" branch="false"/>
            <line number="52" hits="0" branch="false"/>
            <line number="54" hits="1" branch="false"/>
            <line number="55" hits="0" branch="true" condition-coverage="0% (0/2)"/>
            <line number="56" hits="0" branch="false"/>
            <line number="58" hits="0" branch="true" condition-coverage="0% (0/2)"/>
            <line number="59" hits="0" branch="false"/>
            <line number="62" hits="1" branch="false"/>
            <line number="63" hits="0" branch="true" condition-coverage="0% (0/2)"/>
            <line number="64" hits="0" branch="false"/>
            <line number="66" hits="0" branch="true" condition-coverage="0% (0/2)"/>
            <line number="67" hits="0" branch="false"/>
            <line number="70" hits="1" branch="false"/>
            <line number="77" hits="1" branch="false"/>
            <line number="108" hits="1" branch="false"/>
          </lines>
        </class>
      </classes>
    </package>
    <package name="src.lib.controls.button" line-rate="0.4286" branch-rate="0.3125">
      <classes>
        <class name="button.component.ts" filename="projects\komponentkartan\src\lib\controls\button\button.component.ts" line-rate="0.4285" branch-rate="0.3125">
          <methods>
            <method name="(anonymous_0)" hits="1" signature="()V">
              <lines>
                <line number="1" hits="1"/>
              </lines>
            </method>
            <method name="(anonymous_1)" hits="1" signature="()V">
              <lines>
                <line number="11" hits="1"/>
              </lines>
            </method>
            <method name="ButtonComponent" hits="0" signature="()V">
              <lines>
                <line number="12" hits="0"/>
              </lines>
            </method>
            <method name="(anonymous_3)" hits="0" signature="()V">
              <lines>
                <line number="20" hits="0"/>
              </lines>
            </method>
            <method name="(anonymous_4)" hits="0" signature="()V">
              <lines>
                <line number="24" hits="0"/>
              </lines>
            </method>
            <method name="(anonymous_5)" hits="0" signature="()V">
              <lines>
                <line number="30" hits="0"/>
              </lines>
            </method>
            <method name="(anonymous_6)" hits="0" signature="()V">
              <lines>
                <line number="33" hits="0"/>
              </lines>
            </method>
            <method name="(anonymous_7)" hits="0" signature="()V">
              <lines>
                <line number="38" hits="0"/>
              </lines>
            </method>
            <method name="(anonymous_8)" hits="0" signature="()V">
              <lines>
                <line number="44" hits="0"/>
              </lines>
            </method>
            <method name="(anonymous_9)" hits="0" signature="()V">
              <lines>
                <line number="54" hits="0"/>
              </lines>
            </method>
          </methods>
          <lines>
            <line number="1" hits="1" branch="true" condition-coverage="66.66666666666666% (2/3)"/>
            <line number="2" hits="1" branch="true" condition-coverage="25% (1/4)"/>
            <line number="3" hits="1" branch="true" condition-coverage="75% (3/4)"/>
            <line number="4" hits="1" branch="true" condition-coverage="37.5% (3/8)"/>
            <line number="5" hits="1" branch="true" condition-coverage="33.33333333333333% (1/3)"/>
            <line number="11" hits="1" branch="false"/>
            <line number="13" hits="0" branch="false"/>
            <line number="14" hits="0" branch="false"/>
            <line number="15" hits="0" branch="false"/>
            <line number="16" hits="0" branch="false"/>
            <line number="17" hits="0" branch="false"/>
            <line number="18" hits="0" branch="false"/>
            <line number="20" hits="1" branch="false"/>
            <line number="21" hits="0" branch="true" condition-coverage="0% (0/2)"/>
            <line number="22" hits="0" branch="false"/>
            <line number="24" hits="1" branch="false"/>
            <line number="25" hits="0" branch="true" condition-coverage="0% (0/2)"/>
            <line number="26" hits="0" branch="false"/>
            <line number="27" hits="0" branch="false"/>
            <line number="30" hits="1" branch="false"/>
            <line number="31" hits="0" branch="false"/>
            <line number="33" hits="1" branch="false"/>
            <line number="34" hits="0" branch="false"/>
            <line number="35" hits="0" branch="true" condition-coverage="0% (0/2)"/>
            <line number="36" hits="0" branch="true" condition-coverage="0% (0/4)"/>
            <line number="37" hits="0" branch="false"/>
            <line number="38" hits="0" branch="false"/>
            <line number="39" hits="0" branch="false"/>
            <line number="44" hits="1" branch="false"/>
            <line number="45" hits="0" branch="false"/>
            <line number="52" hits="0" branch="false"/>
            <line number="54" hits="1" branch="false"/>
            <line number="55" hits="1" branch="false"/>
            <line number="61" hits="1" branch="false"/>
            <line number="68" hits="1" branch="false"/>
          </lines>
        </class>
      </classes>
    </package>
    <package name="src.lib.controls.card" line-rate="0.6286" branch-rate="0.396">
      <classes>
        <class name="card-column.component.ts" filename="projects\komponentkartan\src\lib\controls\card\card-column.component.ts" line-rate="0.8332999999999999" branch-rate="0.4545">
          <methods>
            <method name="(anonymous_0)" hits="1" signature="()V">
              <lines>
                <line number="1" hits="1"/>
              </lines>
            </method>
            <method name="(anonymous_1)" hits="1" signature="()V">
              <lines>
                <line number="8" hits="1"/>
              </lines>
            </method>
            <method name="CardColumnComponent" hits="0" signature="()V">
              <lines>
                <line number="9" hits="0"/>
              </lines>
            </method>
            <method name="(anonymous_3)" hits="0" signature="()V">
              <lines>
                <line number="13" hits="0"/>
              </lines>
            </method>
          </methods>
          <lines>
            <line number="1" hits="1" branch="true" condition-coverage="66.66666666666666% (2/3)"/>
            <line number="2" hits="1" branch="true" condition-coverage="25% (1/4)"/>
            <line number="3" hits="1" branch="true" condition-coverage="75% (3/4)"/>
            <line number="4" hits="1" branch="true" condition-coverage="37.5% (3/8)"/>
            <line number="5" hits="1" branch="true" condition-coverage="33.33333333333333% (1/3)"/>
            <line number="8" hits="1" branch="false"/>
            <line number="10" hits="0" branch="false"/>
            <line number="11" hits="0" branch="false"/>
            <line number="13" hits="1" branch="false"/>
            <line number="14" hits="1" branch="false"/>
            <line number="21" hits="1" branch="false"/>
            <line number="27" hits="1" branch="false"/>
          </lines>
        </class>
        <class name="card-header.component.ts" filename="projects\komponentkartan\src\lib\controls\card\card-header.component.ts" line-rate="0.8332999999999999" branch-rate="0.4545">
          <methods>
            <method name="(anonymous_0)" hits="1" signature="()V">
              <lines>
                <line number="1" hits="1"/>
              </lines>
            </method>
            <method name="(anonymous_1)" hits="1" signature="()V">
              <lines>
                <line number="9" hits="1"/>
              </lines>
            </method>
            <method name="CardHeaderComponent" hits="0" signature="()V">
              <lines>
                <line number="10" hits="0"/>
              </lines>
            </method>
            <method name="(anonymous_3)" hits="0" signature="()V">
              <lines>
                <line number="14" hits="0"/>
              </lines>
            </method>
          </methods>
          <lines>
            <line number="1" hits="1" branch="true" condition-coverage="66.66666666666666% (2/3)"/>
            <line number="2" hits="1" branch="true" condition-coverage="25% (1/4)"/>
            <line number="3" hits="1" branch="true" condition-coverage="75% (3/4)"/>
            <line number="4" hits="1" branch="true" condition-coverage="37.5% (3/8)"/>
            <line number="5" hits="1" branch="true" condition-coverage="33.33333333333333% (1/3)"/>
            <line number="9" hits="1" branch="false"/>
            <line number="11" hits="0" branch="false"/>
            <line number="12" hits="0" branch="false"/>
            <line number="14" hits="1" branch="false"/>
            <line number="15" hits="1" branch="false"/>
            <line number="19" hits="1" branch="false"/>
            <line number="26" hits="1" branch="false"/>
          </lines>
        </class>
        <class name="card.component.ts" filename="projects\komponentkartan\src\lib\controls\card\card.component.ts" line-rate="0.6875" branch-rate="0.3846">
          <methods>
            <method name="(anonymous_0)" hits="1" signature="()V">
              <lines>
                <line number="1" hits="1"/>
              </lines>
            </method>
            <method name="(anonymous_1)" hits="1" signature="()V">
              <lines>
                <line number="11" hits="1"/>
              </lines>
            </method>
            <method name="CardComponent" hits="0" signature="()V">
              <lines>
                <line number="12" hits="0"/>
              </lines>
            </method>
            <method name="(anonymous_3)" hits="0" signature="()V">
              <lines>
                <line number="14" hits="0"/>
              </lines>
            </method>
            <method name="(anonymous_4)" hits="0" signature="()V">
              <lines>
                <line number="23" hits="0"/>
              </lines>
            </method>
          </methods>
          <lines>
            <line number="1" hits="1" branch="true" condition-coverage="66.66666666666666% (2/3)"/>
            <line number="2" hits="1" branch="true" condition-coverage="25% (1/4)"/>
            <line number="3" hits="1" branch="true" condition-coverage="75% (3/4)"/>
            <line number="4" hits="1" branch="true" condition-coverage="37.5% (3/8)"/>
            <line number="5" hits="1" branch="true" condition-coverage="33.33333333333333% (1/3)"/>
            <line number="11" hits="1" branch="false"/>
            <line number="14" hits="1" branch="false"/>
            <line number="15" hits="0" branch="true" condition-coverage="0% (0/2)"/>
            <line number="16" hits="0" branch="false"/>
            <line number="18" hits="0" branch="true" condition-coverage="0% (0/2)"/>
            <line number="19" hits="0" branch="false"/>
            <line number="20" hits="0" branch="false"/>
            <line number="23" hits="1" branch="false"/>
            <line number="24" hits="1" branch="false"/>
            <line number="27" hits="1" branch="false"/>
            <line number="34" hits="1" branch="false"/>
          </lines>
        </class>
        <class name="cardSection.component.ts" filename="projects\komponentkartan\src\lib\controls\card\cardSection.component.ts" line-rate="0.43329999999999996" branch-rate="0.3225">
          <methods>
            <method name="(anonymous_0)" hits="1" signature="()V">
              <lines>
                <line number="1" hits="1"/>
              </lines>
            </method>
            <method name="(anonymous_1)" hits="1" signature="()V">
              <lines>
                <line number="11" hits="1"/>
              </lines>
            </method>
            <method name="CardSectionComponent" hits="0" signature="()V">
              <lines>
                <line number="12" hits="0"/>
              </lines>
            </method>
            <method name="(anonymous_3)" hits="0" signature="()V">
              <lines>
                <line number="21" hits="0"/>
              </lines>
            </method>
            <method name="(anonymous_4)" hits="0" signature="()V">
              <lines>
                <line number="25" hits="0"/>
              </lines>
            </method>
            <method name="(anonymous_5)" hits="0" signature="()V">
              <lines>
                <line number="31" hits="0"/>
              </lines>
            </method>
            <method name="(anonymous_6)" hits="0" signature="()V">
              <lines>
                <line number="39" hits="0"/>
              </lines>
            </method>
            <method name="(anonymous_7)" hits="0" signature="()V">
              <lines>
                <line number="42" hits="0"/>
              </lines>
            </method>
          </methods>
          <lines>
            <line number="1" hits="1" branch="true" condition-coverage="66.66666666666666% (2/3)"/>
            <line number="2" hits="1" branch="true" condition-coverage="25% (1/4)"/>
            <line number="3" hits="1" branch="true" condition-coverage="75% (3/4)"/>
            <line number="4" hits="1" branch="true" condition-coverage="37.5% (3/8)"/>
            <line number="5" hits="1" branch="true" condition-coverage="33.33333333333333% (1/3)"/>
            <line number="11" hits="1" branch="false"/>
            <line number="13" hits="0" branch="false"/>
            <line number="14" hits="0" branch="false"/>
            <line number="15" hits="0" branch="false"/>
            <line number="16" hits="0" branch="false"/>
            <line number="17" hits="0" branch="false"/>
            <line number="18" hits="0" branch="false"/>
            <line number="19" hits="0" branch="false"/>
            <line number="21" hits="1" branch="false"/>
            <line number="22" hits="0" branch="false"/>
            <line number="23" hits="0" branch="true" condition-coverage="0% (0/5)"/>
            <line number="24" hits="0" branch="false"/>
            <line number="25" hits="0" branch="false"/>
            <line number="26" hits="0" branch="false"/>
            <line number="28" hits="0" branch="false"/>
            <line number="31" hits="1" branch="false"/>
            <line number="32" hits="0" branch="true" condition-coverage="0% (0/4)"/>
            <line number="33" hits="0" branch="false"/>
            <line number="36" hits="0" branch="false"/>
            <line number="39" hits="1" branch="false"/>
            <line number="40" hits="0" branch="false"/>
            <line number="42" hits="1" branch="false"/>
            <line number="43" hits="1" branch="false"/>
            <line number="53" hits="1" branch="false"/>
            <line number="61" hits="1" branch="false"/>
          </lines>
        </class>
      </classes>
    </package>
    <package name="src.lib.controls.checkbox" line-rate="0.4107" branch-rate="0.2778">
      <classes>
        <class name="checkbox.component.ts" filename="projects\komponentkartan\src\lib\controls\checkbox\checkbox.component.ts" line-rate="0.4107" branch-rate="0.2777">
          <methods>
            <method name="(anonymous_0)" hits="1" signature="()V">
              <lines>
                <line number="1" hits="1"/>
              </lines>
            </method>
            <method name="(anonymous_1)" hits="1" signature="()V">
              <lines>
                <line number="12" hits="1"/>
              </lines>
            </method>
            <method name="CheckboxComponent" hits="0" signature="()V">
              <lines>
                <line number="13" hits="0"/>
              </lines>
            </method>
            <method name="(anonymous_3)" hits="0" signature="()V">
              <lines>
                <line number="23" hits="0"/>
              </lines>
            </method>
            <method name="(anonymous_4)" hits="0" signature="()V">
              <lines>
                <line number="29" hits="0"/>
              </lines>
            </method>
            <method name="(anonymous_5)" hits="0" signature="()V">
              <lines>
                <line number="32" hits="0"/>
              </lines>
            </method>
            <method name="(anonymous_6)" hits="0" signature="()V">
              <lines>
                <line number="35" hits="0"/>
              </lines>
            </method>
            <method name="(anonymous_7)" hits="0" signature="()V">
              <lines>
                <line number="46" hits="0"/>
              </lines>
            </method>
            <method name="(anonymous_8)" hits="0" signature="()V">
              <lines>
                <line number="53" hits="0"/>
              </lines>
            </method>
            <method name="(anonymous_9)" hits="0" signature="()V">
              <lines>
                <line number="62" hits="0"/>
              </lines>
            </method>
            <method name="(anonymous_10)" hits="0" signature="()V">
              <lines>
                <line number="65" hits="0"/>
              </lines>
            </method>
            <method name="(anonymous_11)" hits="0" signature="()V">
              <lines>
                <line number="68" hits="0"/>
              </lines>
            </method>
            <method name="(anonymous_12)" hits="0" signature="()V">
              <lines>
                <line number="71" hits="0"/>
              </lines>
            </method>
            <method name="(anonymous_13)" hits="0" signature="()V">
              <lines>
                <line number="73" hits="0"/>
              </lines>
            </method>
            <method name="(anonymous_14)" hits="0" signature="()V">
              <lines>
                <line number="74" hits="0"/>
              </lines>
            </method>
            <method name="(anonymous_15)" hits="0" signature="()V">
              <lines>
                <line number="78" hits="0"/>
              </lines>
            </method>
            <method name="(anonymous_16)" hits="0" signature="()V">
              <lines>
                <line number="97" hits="0"/>
              </lines>
            </method>
          </methods>
          <lines>
            <line number="1" hits="1" branch="true" condition-coverage="66.66666666666666% (2/3)"/>
            <line number="2" hits="1" branch="true" condition-coverage="25% (1/4)"/>
            <line number="3" hits="1" branch="true" condition-coverage="75% (3/4)"/>
            <line number="4" hits="1" branch="true" condition-coverage="37.5% (3/8)"/>
            <line number="5" hits="1" branch="true" condition-coverage="33.33333333333333% (1/3)"/>
            <line number="12" hits="1" branch="false"/>
            <line number="14" hits="0" branch="false"/>
            <line number="15" hits="0" branch="false"/>
            <line number="16" hits="0" branch="false"/>
            <line number="17" hits="0" branch="false"/>
            <line number="18" hits="0" branch="false"/>
            <line number="19" hits="0" branch="false"/>
            <line number="20" hits="0" branch="false"/>
            <line number="22" hits="1" branch="false"/>
            <line number="23" hits="1" branch="false"/>
            <line number="24" hits="0" branch="true" condition-coverage="0% (0/4)"/>
            <line number="25" hits="0" branch="false"/>
            <line number="26" hits="0" branch="false"/>
            <line number="29" hits="1" branch="false"/>
            <line number="30" hits="0" branch="false"/>
            <line number="32" hits="1" branch="false"/>
            <line number="33" hits="0" branch="false"/>
            <line number="35" hits="1" branch="false"/>
            <line number="36" hits="0" branch="true" condition-coverage="0% (0/2)"/>
            <line number="37" hits="0" branch="false"/>
            <line number="38" hits="0" branch="true" condition-coverage="0% (0/2)"/>
            <line number="39" hits="0" branch="false"/>
            <line number="41" hits="0" branch="false"/>
            <line number="42" hits="0" branch="false"/>
            <line number="43" hits="0" branch="false"/>
            <line number="46" hits="1" branch="false"/>
            <line number="47" hits="0" branch="true" condition-coverage="0% (0/2)"/>
            <line number="48" hits="0" branch="false"/>
            <line number="49" hits="0" branch="false"/>
            <line number="50" hits="0" branch="false"/>
            <line number="53" hits="1" branch="false"/>
            <line number="54" hits="0" branch="true" condition-coverage="0% (0/2)"/>
            <line number="55" hits="0" branch="false"/>
            <line number="56" hits="0" branch="false"/>
            <line number="57" hits="0" branch="true" condition-coverage="0% (0/2)"/>
            <line number="58" hits="0" branch="false"/>
            <line number="62" hits="1" branch="false"/>
            <line number="63" hits="0" branch="false"/>
            <line number="65" hits="1" branch="false"/>
            <line number="66" hits="0" branch="false"/>
            <line number="68" hits="1" branch="false"/>
            <line number="69" hits="0" branch="false"/>
            <line number="71" hits="1" branch="false"/>
            <line number="73" hits="1" branch="false"/>
            <line number="74" hits="1" branch="false"/>
            <line number="75" hits="0" branch="false"/>
            <line number="78" hits="1" branch="false"/>
            <line number="82" hits="1" branch="false"/>
            <line number="91" hits="1" branch="false"/>
            <line number="97" hits="0" branch="false"/>
            <line number="103" hits="1" branch="false"/>
          </lines>
        </class>
      </classes>
    </package>
    <package name="src.lib.controls.close-button" line-rate="0.7692" branch-rate="0.4167">
      <classes>
        <class name="close-button.component.ts" filename="projects\komponentkartan\src\lib\controls\close-button\close-button.component.ts" line-rate="0.7692" branch-rate="0.41659999999999997">
          <methods>
            <method name="(anonymous_0)" hits="1" signature="()V">
              <lines>
                <line number="1" hits="1"/>
              </lines>
            </method>
            <method name="(anonymous_1)" hits="1" signature="()V">
              <lines>
                <line number="10" hits="1"/>
              </lines>
            </method>
            <method name="CloseButtonComponent" hits="0" signature="()V">
              <lines>
                <line number="11" hits="0"/>
              </lines>
            </method>
            <method name="(anonymous_3)" hits="0" signature="()V">
              <lines>
                <line number="14" hits="0"/>
              </lines>
            </method>
          </methods>
          <lines>
            <line number="1" hits="1" branch="true" condition-coverage="66.66666666666666% (2/3)"/>
            <line number="2" hits="1" branch="true" condition-coverage="25% (1/4)"/>
            <line number="3" hits="1" branch="true" condition-coverage="75% (3/4)"/>
            <line number="4" hits="1" branch="true" condition-coverage="37.5% (3/8)"/>
            <line number="5" hits="1" branch="true" condition-coverage="33.33333333333333% (1/3)"/>
            <line number="10" hits="1" branch="false"/>
            <line number="12" hits="0" branch="false"/>
            <line number="14" hits="1" branch="false"/>
            <line number="15" hits="0" branch="true" condition-coverage="0% (0/2)"/>
            <line number="16" hits="0" branch="false"/>
            <line number="19" hits="1" branch="false"/>
            <line number="22" hits="1" branch="false"/>
            <line number="29" hits="1" branch="false"/>
          </lines>
        </class>
      </classes>
    </package>
    <package name="src.lib.controls.combobox" line-rate="0.1591" branch-rate="0.08470000000000001">
      <classes>
        <class name="combobox-item.component.ts" filename="projects\komponentkartan\src\lib\controls\combobox\combobox-item.component.ts" line-rate="0.5217" branch-rate="0.41659999999999997">
          <methods>
            <method name="(anonymous_0)" hits="1" signature="()V">
              <lines>
                <line number="1" hits="1"/>
              </lines>
            </method>
            <method name="(anonymous_1)" hits="1" signature="()V">
              <lines>
                <line number="9" hits="1"/>
              </lines>
            </method>
            <method name="ComboboxItemComponent" hits="0" signature="()V">
              <lines>
                <line number="10" hits="0"/>
              </lines>
            </method>
            <method name="(anonymous_3)" hits="0" signature="()V">
              <lines>
                <line number="18" hits="0"/>
              </lines>
            </method>
            <method name="(anonymous_4)" hits="0" signature="()V">
              <lines>
                <line number="24" hits="0"/>
              </lines>
            </method>
            <method name="(anonymous_5)" hits="0" signature="()V">
              <lines>
                <line number="28" hits="0"/>
              </lines>
            </method>
          </methods>
          <lines>
            <line number="1" hits="1" branch="true" condition-coverage="66.66666666666666% (2/3)"/>
            <line number="2" hits="1" branch="true" condition-coverage="25% (1/4)"/>
            <line number="3" hits="1" branch="true" condition-coverage="75% (3/4)"/>
            <line number="4" hits="1" branch="true" condition-coverage="37.5% (3/8)"/>
            <line number="5" hits="1" branch="true" condition-coverage="33.33333333333333% (1/3)"/>
            <line number="9" hits="1" branch="false"/>
            <line number="12" hits="0" branch="false"/>
            <line number="13" hits="0" branch="false"/>
            <line number="14" hits="0" branch="false"/>
            <line number="15" hits="0" branch="false"/>
            <line number="16" hits="0" branch="false"/>
            <line number="18" hits="1" branch="false"/>
            <line number="19" hits="0" branch="false"/>
            <line number="20" hits="0" branch="true" condition-coverage="0% (0/2)"/>
            <line number="21" hits="0" branch="false"/>
            <line number="24" hits="1" branch="false"/>
            <line number="25" hits="0" branch="false"/>
            <line number="26" hits="0" branch="false"/>
            <line number="28" hits="1" branch="false"/>
            <line number="29" hits="0" branch="false"/>
            <line number="31" hits="1" branch="false"/>
            <line number="37" hits="1" branch="false"/>
            <line number="43" hits="1" branch="false"/>
          </lines>
        </class>
        <class name="combobox.component.ts" filename="projects\komponentkartan\src\lib\controls\combobox\combobox.component.ts" line-rate="0.13369999999999999" branch-rate="0.0471">
          <methods>
            <method name="(anonymous_0)" hits="1" signature="()V">
              <lines>
                <line number="1" hits="1"/>
              </lines>
            </method>
            <method name="_defaultCompare" hits="0" signature="()V">
              <lines>
                <line number="16" hits="0"/>
              </lines>
            </method>
            <method name="(anonymous_2)" hits="1" signature="()V">
              <lines>
                <line number="19" hits="1"/>
              </lines>
            </method>
            <method name="ComboboxComponent" hits="0" signature="()V">
              <lines>
                <line number="20" hits="0"/>
              </lines>
            </method>
            <method name="(anonymous_4)" hits="0" signature="()V">
              <lines>
                <line number="47" hits="0"/>
              </lines>
            </method>
            <method name="(anonymous_5)" hits="0" signature="()V">
              <lines>
                <line number="54" hits="0"/>
              </lines>
            </method>
            <method name="(anonymous_6)" hits="0" signature="()V">
              <lines>
                <line number="55" hits="0"/>
              </lines>
            </method>
            <method name="(anonymous_7)" hits="0" signature="()V">
              <lines>
                <line number="62" hits="0"/>
              </lines>
            </method>
            <method name="(anonymous_8)" hits="0" signature="()V">
              <lines>
                <line number="69" hits="0"/>
              </lines>
            </method>
            <method name="(anonymous_9)" hits="0" signature="()V">
              <lines>
                <line number="75" hits="0"/>
              </lines>
            </method>
            <method name="(anonymous_10)" hits="0" signature="()V">
              <lines>
                <line number="82" hits="0"/>
              </lines>
            </method>
            <method name="(anonymous_11)" hits="0" signature="()V">
              <lines>
                <line number="87" hits="0"/>
              </lines>
            </method>
            <method name="(anonymous_12)" hits="0" signature="()V">
              <lines>
                <line number="87" hits="0"/>
              </lines>
            </method>
            <method name="(anonymous_13)" hits="0" signature="()V">
              <lines>
                <line number="91" hits="0"/>
              </lines>
            </method>
            <method name="(anonymous_14)" hits="0" signature="()V">
              <lines>
                <line number="94" hits="0"/>
              </lines>
            </method>
            <method name="(anonymous_15)" hits="0" signature="()V">
              <lines>
                <line number="95" hits="0"/>
              </lines>
            </method>
            <method name="(anonymous_16)" hits="0" signature="()V">
              <lines>
                <line number="104" hits="0"/>
              </lines>
            </method>
            <method name="(anonymous_17)" hits="0" signature="()V">
              <lines>
                <line number="106" hits="0"/>
              </lines>
            </method>
            <method name="(anonymous_18)" hits="0" signature="()V">
              <lines>
                <line number="111" hits="0"/>
              </lines>
            </method>
            <method name="(anonymous_19)" hits="0" signature="()V">
              <lines>
                <line number="114" hits="0"/>
              </lines>
            </method>
            <method name="(anonymous_20)" hits="0" signature="()V">
              <lines>
                <line number="119" hits="0"/>
              </lines>
            </method>
            <method name="(anonymous_21)" hits="0" signature="()V">
              <lines>
                <line number="133" hits="0"/>
              </lines>
            </method>
            <method name="(anonymous_22)" hits="0" signature="()V">
              <lines>
                <line number="139" hits="0"/>
              </lines>
            </method>
            <method name="(anonymous_23)" hits="0" signature="()V">
              <lines>
                <line number="154" hits="0"/>
              </lines>
            </method>
            <method name="(anonymous_24)" hits="0" signature="()V">
              <lines>
                <line number="162" hits="0"/>
              </lines>
            </method>
            <method name="(anonymous_25)" hits="0" signature="()V">
              <lines>
                <line number="164" hits="0"/>
              </lines>
            </method>
            <method name="(anonymous_26)" hits="0" signature="()V">
              <lines>
                <line number="170" hits="0"/>
              </lines>
            </method>
            <method name="(anonymous_27)" hits="0" signature="()V">
              <lines>
                <line number="173" hits="0"/>
              </lines>
            </method>
            <method name="(anonymous_28)" hits="0" signature="()V">
              <lines>
                <line number="177" hits="0"/>
              </lines>
            </method>
            <method name="(anonymous_29)" hits="0" signature="()V">
              <lines>
                <line number="178" hits="0"/>
              </lines>
            </method>
            <method name="(anonymous_30)" hits="0" signature="()V">
              <lines>
                <line number="185" hits="0"/>
              </lines>
            </method>
            <method name="(anonymous_31)" hits="0" signature="()V">
              <lines>
                <line number="197" hits="0"/>
              </lines>
            </method>
            <method name="(anonymous_32)" hits="0" signature="()V">
              <lines>
                <line number="201" hits="0"/>
              </lines>
            </method>
            <method name="(anonymous_33)" hits="0" signature="()V">
              <lines>
                <line number="207" hits="0"/>
              </lines>
            </method>
            <method name="(anonymous_34)" hits="0" signature="()V">
              <lines>
                <line number="216" hits="0"/>
              </lines>
            </method>
            <method name="(anonymous_35)" hits="0" signature="()V">
              <lines>
                <line number="217" hits="0"/>
              </lines>
            </method>
            <method name="(anonymous_36)" hits="0" signature="()V">
              <lines>
                <line number="225" hits="0"/>
              </lines>
            </method>
            <method name="(anonymous_37)" hits="0" signature="()V">
              <lines>
                <line number="229" hits="0"/>
              </lines>
            </method>
            <method name="(anonymous_38)" hits="0" signature="()V">
              <lines>
                <line number="237" hits="0"/>
              </lines>
            </method>
            <method name="(anonymous_39)" hits="0" signature="()V">
              <lines>
                <line number="248" hits="0"/>
              </lines>
            </method>
            <method name="(anonymous_40)" hits="0" signature="()V">
              <lines>
                <line number="263" hits="0"/>
              </lines>
            </method>
            <method name="(anonymous_41)" hits="0" signature="()V">
              <lines>
                <line number="270" hits="0"/>
              </lines>
            </method>
            <method name="(anonymous_42)" hits="0" signature="()V">
              <lines>
                <line number="281" hits="0"/>
              </lines>
            </method>
            <method name="(anonymous_43)" hits="0" signature="()V">
              <lines>
                <line number="305" hits="0"/>
              </lines>
            </method>
            <method name="(anonymous_44)" hits="0" signature="()V">
              <lines>
                <line number="306" hits="0"/>
              </lines>
            </method>
            <method name="(anonymous_45)" hits="0" signature="()V">
              <lines>
                <line number="314" hits="0"/>
              </lines>
            </method>
            <method name="(anonymous_46)" hits="0" signature="()V">
              <lines>
                <line number="320" hits="0"/>
              </lines>
            </method>
            <method name="(anonymous_47)" hits="0" signature="()V">
              <lines>
                <line number="332" hits="0"/>
              </lines>
            </method>
            <method name="(anonymous_48)" hits="0" signature="()V">
              <lines>
                <line number="335" hits="0"/>
              </lines>
            </method>
            <method name="(anonymous_49)" hits="0" signature="()V">
              <lines>
                <line number="345" hits="0"/>
              </lines>
            </method>
            <method name="(anonymous_50)" hits="0" signature="()V">
              <lines>
                <line number="348" hits="0"/>
              </lines>
            </method>
            <method name="(anonymous_51)" hits="0" signature="()V">
              <lines>
                <line number="349" hits="0"/>
              </lines>
            </method>
            <method name="(anonymous_52)" hits="0" signature="()V">
              <lines>
                <line number="355" hits="0"/>
              </lines>
            </method>
            <method name="(anonymous_53)" hits="0" signature="()V">
              <lines>
                <line number="369" hits="0"/>
              </lines>
            </method>
            <method name="(anonymous_54)" hits="0" signature="()V">
              <lines>
                <line number="374" hits="0"/>
              </lines>
            </method>
            <method name="(anonymous_55)" hits="0" signature="()V">
              <lines>
                <line number="377" hits="0"/>
              </lines>
            </method>
            <method name="(anonymous_56)" hits="0" signature="()V">
              <lines>
                <line number="390" hits="0"/>
              </lines>
            </method>
            <method name="(anonymous_57)" hits="0" signature="()V">
              <lines>
                <line number="392" hits="0"/>
              </lines>
            </method>
            <method name="(anonymous_58)" hits="0" signature="()V">
              <lines>
                <line number="393" hits="0"/>
              </lines>
            </method>
            <method name="(anonymous_59)" hits="0" signature="()V">
              <lines>
                <line number="394" hits="0"/>
              </lines>
            </method>
            <method name="(anonymous_60)" hits="0" signature="()V">
              <lines>
                <line number="402" hits="0"/>
              </lines>
            </method>
            <method name="(anonymous_61)" hits="0" signature="()V">
              <lines>
                <line number="408" hits="0"/>
              </lines>
            </method>
            <method name="(anonymous_62)" hits="0" signature="()V">
              <lines>
                <line number="410" hits="0"/>
              </lines>
            </method>
            <method name="(anonymous_63)" hits="0" signature="()V">
              <lines>
                <line number="411" hits="0"/>
              </lines>
            </method>
            <method name="(anonymous_64)" hits="0" signature="()V">
              <lines>
                <line number="412" hits="0"/>
              </lines>
            </method>
            <method name="(anonymous_65)" hits="0" signature="()V">
              <lines>
                <line number="415" hits="0"/>
              </lines>
            </method>
            <method name="(anonymous_66)" hits="0" signature="()V">
              <lines>
                <line number="422" hits="0"/>
              </lines>
            </method>
            <method name="(anonymous_67)" hits="0" signature="()V">
              <lines>
                <line number="428" hits="0"/>
              </lines>
            </method>
            <method name="(anonymous_68)" hits="0" signature="()V">
              <lines>
                <line number="430" hits="0"/>
              </lines>
            </method>
            <method name="(anonymous_69)" hits="0" signature="()V">
              <lines>
                <line number="431" hits="0"/>
              </lines>
            </method>
            <method name="(anonymous_70)" hits="0" signature="()V">
              <lines>
                <line number="443" hits="0"/>
              </lines>
            </method>
            <method name="(anonymous_71)" hits="0" signature="()V">
              <lines>
                <line number="447" hits="0"/>
              </lines>
            </method>
            <method name="(anonymous_72)" hits="0" signature="()V">
              <lines>
                <line number="448" hits="0"/>
              </lines>
            </method>
            <method name="(anonymous_73)" hits="0" signature="()V">
              <lines>
                <line number="461" hits="0"/>
              </lines>
            </method>
            <method name="(anonymous_74)" hits="0" signature="()V">
              <lines>
                <line number="464" hits="0"/>
              </lines>
            </method>
            <method name="(anonymous_75)" hits="0" signature="()V">
              <lines>
                <line number="465" hits="0"/>
              </lines>
            </method>
            <method name="(anonymous_76)" hits="0" signature="()V">
              <lines>
                <line number="473" hits="0"/>
              </lines>
            </method>
            <method name="(anonymous_77)" hits="0" signature="()V">
              <lines>
                <line number="475" hits="0"/>
              </lines>
            </method>
            <method name="(anonymous_78)" hits="0" signature="()V">
              <lines>
                <line number="476" hits="0"/>
              </lines>
            </method>
            <method name="(anonymous_79)" hits="0" signature="()V">
              <lines>
                <line number="485" hits="0"/>
              </lines>
            </method>
            <method name="(anonymous_80)" hits="0" signature="()V">
              <lines>
                <line number="487" hits="0"/>
              </lines>
            </method>
            <method name="(anonymous_81)" hits="0" signature="()V">
              <lines>
                <line number="492" hits="0"/>
              </lines>
            </method>
            <method name="(anonymous_82)" hits="0" signature="()V">
              <lines>
                <line number="498" hits="0"/>
              </lines>
            </method>
            <method name="(anonymous_83)" hits="0" signature="()V">
              <lines>
                <line number="506" hits="0"/>
              </lines>
            </method>
            <method name="(anonymous_84)" hits="0" signature="()V">
              <lines>
                <line number="514" hits="0"/>
              </lines>
            </method>
          </methods>
          <lines>
            <line number="1" hits="1" branch="true" condition-coverage="66.66666666666666% (2/3)"/>
            <line number="2" hits="1" branch="true" condition-coverage="25% (1/4)"/>
            <line number="3" hits="1" branch="true" condition-coverage="75% (3/4)"/>
            <line number="4" hits="1" branch="true" condition-coverage="37.5% (3/8)"/>
            <line number="5" hits="1" branch="true" condition-coverage="33.33333333333333% (1/3)"/>
            <line number="17" hits="0" branch="false"/>
            <line number="19" hits="1" branch="false"/>
            <line number="21" hits="0" branch="false"/>
            <line number="22" hits="0" branch="false"/>
            <line number="23" hits="0" branch="false"/>
            <line number="24" hits="0" branch="false"/>
            <line number="25" hits="0" branch="false"/>
            <line number="26" hits="0" branch="false"/>
            <line number="27" hits="0" branch="false"/>
            <line number="28" hits="0" branch="false"/>
            <line number="29" hits="0" branch="false"/>
            <line number="30" hits="0" branch="false"/>
            <line number="31" hits="0" branch="false"/>
            <line number="32" hits="0" branch="false"/>
            <line number="33" hits="0" branch="false"/>
            <line number="34" hits="0" branch="false"/>
            <line number="35" hits="0" branch="false"/>
            <line number="36" hits="0" branch="false"/>
            <line number="37" hits="0" branch="false"/>
            <line number="38" hits="0" branch="false"/>
            <line number="39" hits="0" branch="false"/>
            <line number="40" hits="0" branch="false"/>
            <line number="41" hits="0" branch="false"/>
            <line number="42" hits="0" branch="true" condition-coverage="0% (0/2)"/>
            <line number="43" hits="0" branch="false"/>
            <line number="46" hits="1" branch="false"/>
            <line number="48" hits="0" branch="false"/>
            <line number="53" hits="1" branch="false"/>
            <line number="55" hits="0" branch="true" condition-coverage="0% (0/2)"/>
            <line number="56" hits="0" branch="true" condition-coverage="0% (0/4)"/>
            <line number="61" hits="1" branch="false"/>
            <line number="63" hits="0" branch="true" condition-coverage="0% (0/3)"/>
            <line number="68" hits="1" branch="false"/>
            <line number="70" hits="0" branch="true" condition-coverage="0% (0/4)"/>
            <line number="75" hits="1" branch="false"/>
            <line number="76" hits="0" branch="true" condition-coverage="0% (0/3)"/>
            <line number="77" hits="0" branch="true" condition-coverage="0% (0/5)"/>
            <line number="78" hits="0" branch="false"/>
            <line number="79" hits="0" branch="false"/>
            <line number="82" hits="1" branch="false"/>
            <line number="83" hits="0" branch="true" condition-coverage="0% (0/4)"/>
            <line number="84" hits="0" branch="false"/>
            <line number="85" hits="0" branch="false"/>
            <line number="87" hits="0" branch="true" condition-coverage="0% (0/5)"/>
            <line number="88" hits="0" branch="false"/>
            <line number="91" hits="1" branch="false"/>
            <line number="92" hits="0" branch="false"/>
            <line number="93" hits="0" branch="false"/>
            <line number="94" hits="0" branch="false"/>
            <line number="95" hits="0" branch="false"/>
            <line number="96" hits="0" branch="false"/>
            <line number="99" hits="0" branch="false"/>
            <line number="100" hits="0" branch="false"/>
            <line number="102" hits="0" branch="false"/>
            <line number="105" hits="0" branch="false"/>
            <line number="106" hits="0" branch="false"/>
            <line number="107" hits="0" branch="false"/>
            <line number="111" hits="1" branch="false"/>
            <line number="112" hits="0" branch="false"/>
            <line number="113" hits="0" branch="true" condition-coverage="0% (0/2)"/>
            <line number="114" hits="0" branch="false"/>
            <line number="115" hits="0" branch="false"/>
            <line number="119" hits="0" branch="false"/>
            <line number="120" hits="0" branch="false"/>
            <line number="123" hits="0" branch="true" condition-coverage="0% (0/2)"/>
            <line number="124" hits="0" branch="false"/>
            <line number="125" hits="0" branch="true" condition-coverage="0% (0/2)"/>
            <line number="126" hits="0" branch="false"/>
            <line number="130" hits="0" branch="false"/>
            <line number="133" hits="1" branch="false"/>
            <line number="134" hits="0" branch="false"/>
            <line number="135" hits="0" branch="false"/>
            <line number="136" hits="0" branch="false"/>
            <line number="137" hits="0" branch="false"/>
            <line number="139" hits="1" branch="false"/>
            <line number="141" hits="0" branch="false"/>
            <line number="142" hits="0" branch="true" condition-coverage="0% (0/2)"/>
            <line number="143" hits="0" branch="false"/>
            <line number="145" hits="0" branch="true" condition-coverage="0% (0/2)"/>
            <line number="146" hits="0" branch="false"/>
            <line number="149" hits="0" branch="true" condition-coverage="0% (0/2)"/>
            <line number="150" hits="0" branch="false"/>
            <line number="151" hits="0" branch="false"/>
            <line number="154" hits="1" branch="false"/>
            <line number="155" hits="0" branch="false"/>
            <line number="156" hits="0" branch="false"/>
            <line number="157" hits="0" branch="true" condition-coverage="0% (0/2)"/>
            <line number="158" hits="0" branch="false"/>
            <line number="160" hits="0" branch="false"/>
            <line number="162" hits="1" branch="false"/>
            <line number="163" hits="0" branch="false"/>
            <line number="164" hits="0" branch="false"/>
            <line number="165" hits="0" branch="false"/>
            <line number="166" hits="0" branch="false"/>
            <line number="167" hits="0" branch="false"/>
            <line number="170" hits="1" branch="false"/>
            <line number="171" hits="0" branch="false"/>
            <line number="173" hits="1" branch="false"/>
            <line number="174" hits="0" branch="false"/>
            <line number="175" hits="0" branch="false"/>
            <line number="177" hits="1" branch="false"/>
            <line number="178" hits="1" branch="false"/>
            <line number="179" hits="0" branch="true" condition-coverage="0% (0/4)"/>
            <line number="180" hits="0" branch="false"/>
            <line number="182" hits="0" branch="true" condition-coverage="0% (0/2)"/>
            <line number="183" hits="0" branch="false"/>
            <line number="184" hits="0" branch="false"/>
            <line number="185" hits="0" branch="false"/>
            <line number="186" hits="0" branch="true" condition-coverage="0% (0/2)"/>
            <line number="187" hits="0" branch="false"/>
            <line number="190" hits="0" branch="true" condition-coverage="0% (0/2)"/>
            <line number="191" hits="0" branch="false"/>
            <line number="194" hits="0" branch="false"/>
            <line number="197" hits="1" branch="false"/>
            <line number="198" hits="0" branch="false"/>
            <line number="199" hits="0" branch="true" condition-coverage="0% (0/2)"/>
            <line number="200" hits="0" branch="true" condition-coverage="0% (0/2)"/>
            <line number="201" hits="0" branch="false"/>
            <line number="202" hits="0" branch="false"/>
            <line number="207" hits="0" branch="false"/>
            <line number="208" hits="0" branch="false"/>
            <line number="212" hits="0" branch="true" condition-coverage="0% (0/2)"/>
            <line number="213" hits="0" branch="false"/>
            <line number="216" hits="1" branch="false"/>
            <line number="217" hits="0" branch="true" condition-coverage="0% (0/2)"/>
            <line number="218" hits="0" branch="true" condition-coverage="0% (0/2)"/>
            <line number="219" hits="0" branch="false"/>
            <line number="220" hits="0" branch="false"/>
            <line number="221" hits="0" branch="false"/>
            <line number="222" hits="0" branch="false"/>
            <line number="225" hits="1" branch="false"/>
            <line number="226" hits="0" branch="false"/>
            <line number="227" hits="0" branch="false"/>
            <line number="229" hits="1" branch="false"/>
            <line number="230" hits="0" branch="true" condition-coverage="0% (0/2)"/>
            <line number="231" hits="0" branch="false"/>
            <line number="232" hits="0" branch="false"/>
            <line number="234" hits="0" branch="false"/>
            <line number="235" hits="0" branch="false"/>
            <line number="237" hits="1" branch="false"/>
            <line number="238" hits="0" branch="false"/>
            <line number="239" hits="0" branch="false"/>
            <line number="240" hits="0" branch="true" condition-coverage="0% (0/4)"/>
            <line number="241" hits="0" branch="false"/>
            <line number="243" hits="0" branch="true" condition-coverage="0% (0/4)"/>
            <line number="244" hits="0" branch="false"/>
            <line number="246" hits="0" branch="false"/>
            <line number="247" hits="0" branch="true" condition-coverage="0% (0/2)"/>
            <line number="248" hits="0" branch="false"/>
            <line number="249" hits="0" branch="true" condition-coverage="0% (0/2)"/>
            <line number="250" hits="0" branch="false"/>
            <line number="253" hits="0" branch="false"/>
            <line number="255" hits="0" branch="false"/>
            <line number="258" hits="0" branch="false"/>
            <line number="259" hits="0" branch="false"/>
            <line number="260" hits="0" branch="false"/>
            <line number="263" hits="1" branch="false"/>
            <line number="264" hits="0" branch="false"/>
            <line number="265" hits="0" branch="true" condition-coverage="0% (0/5)"/>
            <line number="266" hits="0" branch="false"/>
            <line number="268" hits="0" branch="true" condition-coverage="0% (0/2)"/>
            <line number="269" hits="0" branch="true" condition-coverage="0% (0/2)"/>
            <line number="270" hits="0" branch="false"/>
            <line number="271" hits="0" branch="true" condition-coverage="0% (0/2)"/>
            <line number="272" hits="0" branch="false"/>
            <line number="275" hits="0" branch="false"/>
            <line number="277" hits="0" branch="false"/>
            <line number="280" hits="0" branch="false"/>
            <line number="281" hits="0" branch="false"/>
            <line number="282" hits="0" branch="false"/>
            <line number="286" hits="0" branch="true" condition-coverage="0% (0/4)"/>
            <line number="287" hits="0" branch="true" condition-coverage="0% (0/2)"/>
            <line number="288" hits="0" branch="false"/>
            <line number="289" hits="0" branch="false"/>
            <line number="290" hits="0" branch="false"/>
            <line number="293" hits="0" branch="false"/>
            <line number="294" hits="0" branch="false"/>
            <line number="297" hits="0" branch="true" condition-coverage="0% (0/5)"/>
            <line number="298" hits="0" branch="false"/>
            <line number="300" hits="0" branch="true" condition-coverage="0% (0/5)"/>
            <line number="301" hits="0" branch="false"/>
            <line number="303" hits="0" branch="true" condition-coverage="0% (0/4)"/>
            <line number="304" hits="0" branch="false"/>
            <line number="305" hits="0" branch="false"/>
            <line number="306" hits="0" branch="false"/>
            <line number="307" hits="0" branch="true" condition-coverage="0% (0/2)"/>
            <line number="308" hits="0" branch="false"/>
            <line number="312" hits="0" branch="true" condition-coverage="0% (0/4)"/>
            <line number="313" hits="0" branch="false"/>
            <line number="314" hits="0" branch="false"/>
            <line number="315" hits="0" branch="true" condition-coverage="0% (0/2)"/>
            <line number="316" hits="0" branch="false"/>
            <line number="319" hits="0" branch="true" condition-coverage="0% (0/2)"/>
            <line number="320" hits="0" branch="false"/>
            <line number="321" hits="0" branch="false"/>
            <line number="322" hits="0" branch="true" condition-coverage="0% (0/2)"/>
            <line number="323" hits="0" branch="false"/>
            <line number="326" hits="0" branch="false"/>
            <line number="327" hits="0" branch="false"/>
            <line number="331" hits="0" branch="true" condition-coverage="0% (0/5)"/>
            <line number="332" hits="0" branch="false"/>
            <line number="333" hits="0" branch="false"/>
            <line number="334" hits="0" branch="false"/>
            <line number="335" hits="0" branch="false"/>
            <line number="336" hits="0" branch="true" condition-coverage="0% (0/2)"/>
            <line number="337" hits="0" branch="false"/>
            <line number="340" hits="0" branch="false"/>
            <line number="345" hits="1" branch="false"/>
            <line number="346" hits="0" branch="false"/>
            <line number="348" hits="1" branch="false"/>
            <line number="349" hits="0" branch="false"/>
            <line number="350" hits="0" branch="true" condition-coverage="0% (0/2)"/>
            <line number="351" hits="0" branch="false"/>
            <line number="352" hits="0" branch="false"/>
            <line number="355" hits="1" branch="false"/>
            <line number="356" hits="0" branch="true" condition-coverage="0% (0/2)"/>
            <line number="357" hits="0" branch="false"/>
            <line number="358" hits="0" branch="true" condition-coverage="0% (0/2)"/>
            <line number="359" hits="0" branch="false"/>
            <line number="361" hits="0" branch="true" condition-coverage="0% (0/2)"/>
            <line number="362" hits="0" branch="false"/>
            <line number="364" hits="0" branch="true" condition-coverage="0% (0/2)"/>
            <line number="365" hits="0" branch="false"/>
            <line number="367" hits="0" branch="false"/>
            <line number="369" hits="1" branch="false"/>
            <line number="370" hits="0" branch="false"/>
            <line number="371" hits="0" branch="false"/>
            <line number="372" hits="0" branch="false"/>
            <line number="373" hits="0" branch="false"/>
            <line number="374" hits="0" branch="false"/>
            <line number="375" hits="0" branch="false"/>
            <line number="378" hits="0" branch="true" condition-coverage="0% (0/2)"/>
            <line number="379" hits="0" branch="false"/>
            <line number="380" hits="0" branch="false"/>
            <line number="383" hits="0" branch="false"/>
            <line number="384" hits="0" branch="false"/>
            <line number="386" hits="0" branch="false"/>
            <line number="390" hits="1" branch="false"/>
            <line number="391" hits="0" branch="false"/>
            <line number="392" hits="0" branch="false"/>
            <line number="393" hits="0" branch="false"/>
            <line number="394" hits="0" branch="true" condition-coverage="0% (0/2)"/>
            <line number="395" hits="0" branch="true" condition-coverage="0% (0/2)"/>
            <line number="396" hits="0" branch="false"/>
            <line number="397" hits="0" branch="false"/>
            <line number="400" hits="0" branch="true" condition-coverage="0% (0/2)"/>
            <line number="401" hits="0" branch="false"/>
            <line number="402" hits="0" branch="false"/>
            <line number="403" hits="0" branch="false"/>
            <line number="408" hits="1" branch="false"/>
            <line number="409" hits="0" branch="false"/>
            <line number="410" hits="0" branch="false"/>
            <line number="411" hits="0" branch="false"/>
            <line number="412" hits="0" branch="true" condition-coverage="0% (0/2)"/>
            <line number="413" hits="0" branch="true" condition-coverage="0% (0/2)"/>
            <line number="414" hits="0" branch="false"/>
            <line number="415" hits="0" branch="false"/>
            <line number="416" hits="0" branch="false"/>
            <line number="420" hits="0" branch="true" condition-coverage="0% (0/4)"/>
            <line number="421" hits="0" branch="false"/>
            <line number="422" hits="0" branch="false"/>
            <line number="423" hits="0" branch="false"/>
            <line number="428" hits="1" branch="false"/>
            <line number="429" hits="0" branch="true" condition-coverage="0% (0/2)"/>
            <line number="430" hits="0" branch="false"/>
            <line number="431" hits="0" branch="false"/>
            <line number="432" hits="0" branch="true" condition-coverage="0% (0/4)"/>
            <line number="433" hits="0" branch="true" condition-coverage="0% (0/2)"/>
            <line number="434" hits="0" branch="true" condition-coverage="0% (0/2)"/>
            <line number="435" hits="0" branch="false"/>
            <line number="438" hits="0" branch="false"/>
            <line number="443" hits="1" branch="false"/>
            <line number="444" hits="0" branch="false"/>
            <line number="446" hits="0" branch="false"/>
            <line number="447" hits="0" branch="false"/>
            <line number="448" hits="0" branch="false"/>
            <line number="449" hits="0" branch="true" condition-coverage="0% (0/4)"/>
            <line number="450" hits="0" branch="false"/>
            <line number="451" hits="0" branch="false"/>
            <line number="452" hits="0" branch="false"/>
            <line number="455" hits="0" branch="true" condition-coverage="0% (0/4)"/>
            <line number="456" hits="0" branch="false"/>
            <line number="457" hits="0" branch="true" condition-coverage="0% (0/2)"/>
            <line number="458" hits="0" branch="false"/>
            <line number="461" hits="1" branch="false"/>
            <line number="462" hits="0" branch="false"/>
            <line number="464" hits="0" branch="false"/>
            <line number="465" hits="0" branch="false"/>
            <line number="466" hits="0" branch="true" condition-coverage="0% (0/4)"/>
            <line number="467" hits="0" branch="false"/>
            <line number="468" hits="0" branch="false"/>
            <line number="469" hits="0" branch="false"/>
            <line number="473" hits="1" branch="false"/>
            <line number="474" hits="0" branch="false"/>
            <line number="475" hits="0" branch="false"/>
            <line number="476" hits="0" branch="false"/>
            <line number="477" hits="0" branch="true" condition-coverage="0% (0/2)"/>
            <line number="478" hits="0" branch="false"/>
            <line number="479" hits="0" branch="true" condition-coverage="0% (0/2)"/>
            <line number="480" hits="0" branch="false"/>
            <line number="481" hits="0" branch="false"/>
            <line number="485" hits="1" branch="false"/>
            <line number="486" hits="0" branch="false"/>
            <line number="487" hits="0" branch="false"/>
            <line number="488" hits="0" branch="true" condition-coverage="0% (0/2)"/>
            <line number="489" hits="0" branch="true" condition-coverage="0% (0/2)"/>
            <line number="490" hits="0" branch="false"/>
            <line number="491" hits="0" branch="false"/>
            <line number="492" hits="0" branch="false"/>
            <line number="493" hits="0" branch="false"/>
            <line number="494" hits="0" branch="false"/>
            <line number="498" hits="0" branch="false"/>
            <line number="499" hits="0" branch="false"/>
            <line number="500" hits="0" branch="false"/>
            <line number="501" hits="0" branch="false"/>
            <line number="506" hits="1" branch="false"/>
            <line number="508" hits="0" branch="false"/>
            <line number="509" hits="0" branch="false"/>
            <line number="510" hits="0" branch="true" condition-coverage="0% (0/2)"/>
            <line number="511" hits="0" branch="false"/>
            <line number="514" hits="1" branch="false"/>
            <line number="518" hits="1" branch="false"/>
            <line number="541" hits="1" branch="false"/>
            <line number="548" hits="1" branch="false"/>
          </lines>
        </class>
      </classes>
    </package>
    <package name="src.lib.controls.datepicker" line-rate="0.10189999999999999" branch-rate="0.0437">
      <classes>
        <class name="datepicker-item.component.ts" filename="projects\komponentkartan\src\lib\controls\datepicker\datepicker-item.component.ts" line-rate="0.23879999999999998" branch-rate="0.1818">
          <methods>
            <method name="(anonymous_0)" hits="1" signature="()V">
              <lines>
                <line number="1" hits="1"/>
              </lines>
            </method>
            <method name="(anonymous_1)" hits="1" signature="()V">
              <lines>
                <line number="9" hits="1"/>
              </lines>
            </method>
            <method name="DatepickerItemComponent" hits="0" signature="()V">
              <lines>
                <line number="10" hits="0"/>
              </lines>
            </method>
            <method name="(anonymous_3)" hits="0" signature="()V">
              <lines>
                <line number="19" hits="0"/>
              </lines>
            </method>
            <method name="(anonymous_4)" hits="0" signature="()V">
              <lines>
                <line number="44" hits="0"/>
              </lines>
            </method>
            <method name="(anonymous_5)" hits="0" signature="()V">
              <lines>
                <line number="47" hits="0"/>
              </lines>
            </method>
            <method name="(anonymous_6)" hits="0" signature="()V">
              <lines>
                <line number="53" hits="0"/>
              </lines>
            </method>
            <method name="(anonymous_7)" hits="0" signature="()V">
              <lines>
                <line number="78" hits="0"/>
              </lines>
            </method>
            <method name="(anonymous_8)" hits="0" signature="()V">
              <lines>
                <line number="81" hits="0"/>
              </lines>
            </method>
            <method name="(anonymous_9)" hits="0" signature="()V">
              <lines>
                <line number="84" hits="0"/>
              </lines>
            </method>
            <method name="(anonymous_10)" hits="0" signature="()V">
              <lines>
                <line number="87" hits="0"/>
              </lines>
            </method>
          </methods>
          <lines>
            <line number="1" hits="1" branch="true" condition-coverage="66.66666666666666% (2/3)"/>
            <line number="2" hits="1" branch="true" condition-coverage="25% (1/4)"/>
            <line number="3" hits="1" branch="true" condition-coverage="75% (3/4)"/>
            <line number="4" hits="1" branch="true" condition-coverage="37.5% (3/8)"/>
            <line number="5" hits="1" branch="true" condition-coverage="33.33333333333333% (1/3)"/>
            <line number="9" hits="1" branch="false"/>
            <line number="12" hits="0" branch="false"/>
            <line number="13" hits="0" branch="false"/>
            <line number="14" hits="0" branch="false"/>
            <line number="15" hits="0" branch="false"/>
            <line number="16" hits="0" branch="false"/>
            <line number="17" hits="0" branch="false"/>
            <line number="19" hits="1" branch="false"/>
            <line number="20" hits="0" branch="false"/>
            <line number="21" hits="0" branch="true" condition-coverage="0% (0/3)"/>
            <line number="23" hits="0" branch="false"/>
            <line number="24" hits="0" branch="false"/>
            <line number="25" hits="0" branch="false"/>
            <line number="29" hits="0" branch="false"/>
            <line number="31" hits="0" branch="false"/>
            <line number="32" hits="0" branch="false"/>
            <line number="33" hits="0" branch="false"/>
            <line number="36" hits="0" branch="false"/>
            <line number="38" hits="0" branch="false"/>
            <line number="39" hits="0" branch="false"/>
            <line number="40" hits="0" branch="false"/>
            <line number="41" hits="0" branch="false"/>
            <line number="44" hits="1" branch="false"/>
            <line number="45" hits="0" branch="false"/>
            <line number="47" hits="1" branch="false"/>
            <line number="48" hits="0" branch="false"/>
            <line number="49" hits="0" branch="true" condition-coverage="0% (0/5)"/>
            <line number="50" hits="0" branch="false"/>
            <line number="51" hits="0" branch="false"/>
            <line number="53" hits="0" branch="false"/>
            <line number="54" hits="0" branch="false"/>
            <line number="57" hits="0" branch="true" condition-coverage="0% (0/4)"/>
            <line number="58" hits="0" branch="false"/>
            <line number="59" hits="0" branch="false"/>
            <line number="60" hits="0" branch="false"/>
            <line number="62" hits="0" branch="true" condition-coverage="0% (0/4)"/>
            <line number="63" hits="0" branch="false"/>
            <line number="64" hits="0" branch="false"/>
            <line number="65" hits="0" branch="false"/>
            <line number="67" hits="0" branch="true" condition-coverage="0% (0/4)"/>
            <line number="68" hits="0" branch="false"/>
            <line number="69" hits="0" branch="false"/>
            <line number="70" hits="0" branch="false"/>
            <line number="72" hits="0" branch="true" condition-coverage="0% (0/4)"/>
            <line number="73" hits="0" branch="false"/>
            <line number="74" hits="0" branch="false"/>
            <line number="75" hits="0" branch="false"/>
            <line number="78" hits="1" branch="false"/>
            <line number="79" hits="0" branch="false"/>
            <line number="81" hits="1" branch="false"/>
            <line number="82" hits="0" branch="false"/>
            <line number="84" hits="1" branch="false"/>
            <line number="85" hits="0" branch="false"/>
            <line number="87" hits="1" branch="false"/>
            <line number="88" hits="0" branch="true" condition-coverage="0% (0/2)"/>
            <line number="89" hits="0" branch="false"/>
            <line number="91" hits="0" branch="true" condition-coverage="0% (0/2)"/>
            <line number="92" hits="0" branch="false"/>
            <line number="95" hits="0" branch="false"/>
            <line number="98" hits="1" branch="false"/>
            <line number="112" hits="1" branch="false"/>
            <line number="118" hits="1" branch="false"/>
          </lines>
        </class>
        <class name="datepicker.component.ts" filename="projects\komponentkartan\src\lib\controls\datepicker\datepicker.component.ts" line-rate="0.0793" branch-rate="0.0223">
          <methods>
            <method name="(anonymous_0)" hits="1" signature="()V">
              <lines>
                <line number="1" hits="1"/>
              </lines>
            </method>
            <method name="(anonymous_1)" hits="1" signature="()V">
              <lines>
                <line number="17" hits="1"/>
              </lines>
            </method>
            <method name="DatepickerComponent" hits="0" signature="()V">
              <lines>
                <line number="18" hits="0"/>
              </lines>
            </method>
            <method name="(anonymous_3)" hits="0" signature="()V">
              <lines>
                <line number="44" hits="0"/>
              </lines>
            </method>
            <method name="(anonymous_4)" hits="0" signature="()V">
              <lines>
                <line number="58" hits="0"/>
              </lines>
            </method>
            <method name="(anonymous_5)" hits="0" signature="()V">
              <lines>
                <line number="68" hits="0"/>
              </lines>
            </method>
            <method name="(anonymous_6)" hits="0" signature="()V">
              <lines>
                <line number="77" hits="0"/>
              </lines>
            </method>
            <method name="(anonymous_7)" hits="0" signature="()V">
              <lines>
                <line number="92" hits="0"/>
              </lines>
            </method>
            <method name="(anonymous_8)" hits="0" signature="()V">
              <lines>
                <line number="101" hits="0"/>
              </lines>
            </method>
            <method name="(anonymous_9)" hits="0" signature="()V">
              <lines>
                <line number="106" hits="0"/>
              </lines>
            </method>
            <method name="(anonymous_10)" hits="0" signature="()V">
              <lines>
                <line number="108" hits="0"/>
              </lines>
            </method>
            <method name="(anonymous_11)" hits="0" signature="()V">
              <lines>
                <line number="114" hits="0"/>
              </lines>
            </method>
            <method name="(anonymous_12)" hits="0" signature="()V">
              <lines>
                <line number="127" hits="0"/>
              </lines>
            </method>
            <method name="(anonymous_13)" hits="0" signature="()V">
              <lines>
                <line number="135" hits="0"/>
              </lines>
            </method>
            <method name="(anonymous_14)" hits="0" signature="()V">
              <lines>
                <line number="138" hits="0"/>
              </lines>
            </method>
            <method name="(anonymous_15)" hits="0" signature="()V">
              <lines>
                <line number="140" hits="0"/>
              </lines>
            </method>
            <method name="(anonymous_16)" hits="0" signature="()V">
              <lines>
                <line number="145" hits="0"/>
              </lines>
            </method>
            <method name="(anonymous_17)" hits="0" signature="()V">
              <lines>
                <line number="148" hits="0"/>
              </lines>
            </method>
            <method name="(anonymous_18)" hits="0" signature="()V">
              <lines>
                <line number="154" hits="0"/>
              </lines>
            </method>
            <method name="(anonymous_19)" hits="0" signature="()V">
              <lines>
                <line number="157" hits="0"/>
              </lines>
            </method>
            <method name="(anonymous_20)" hits="0" signature="()V">
              <lines>
                <line number="158" hits="0"/>
              </lines>
            </method>
[...]
            <line number="21" hits="0" branch="false"/>
            <line number="22" hits="0" branch="true" condition-coverage="0% (0/5)"/>
            <line number="23" hits="0" branch="false"/>
            <line number="25" hits="0" branch="true" condition-coverage="0% (0/5)"/>
            <line number="26" hits="0" branch="true" condition-coverage="0% (0/2)"/>
            <line number="28" hits="0" branch="true" condition-coverage="0% (0/2)"/>
            <line number="29" hits="0" branch="false"/>
            <line number="32" hits="0" branch="false"/>
            <line number="37" hits="0" branch="false"/>
            <line number="40" hits="1" branch="false"/>
            <line number="45" hits="1" branch="false"/>
          </lines>
        </class>
        <class name="filterPipe.ts" filename="projects\komponentkartan\src\lib\pipes\filterPipe.ts" line-rate="0.3333" branch-rate="0.2631">
          <methods>
            <method name="(anonymous_0)" hits="1" signature="()V">
              <lines>
                <line number="1" hits="1"/>
              </lines>
            </method>
            <method name="(anonymous_1)" hits="1" signature="()V">
              <lines>
                <line number="8" hits="1"/>
              </lines>
            </method>
            <method name="FilterPipe" hits="1" signature="()V">
              <lines>
                <line number="9" hits="1"/>
              </lines>
            </method>
            <method name="(anonymous_3)" hits="0" signature="()V">
              <lines>
                <line number="11" hits="0"/>
              </lines>
            </method>
            <method name="(anonymous_4)" hits="0" signature="()V">
              <lines>
                <line number="19" hits="0"/>
              </lines>
            </method>
            <method name="(anonymous_5)" hits="0" signature="()V">
              <lines>
                <line number="21" hits="0"/>
              </lines>
            </method>
          </methods>
          <lines>
            <line number="1" hits="1" branch="true" condition-coverage="66.66666666666666% (2/3)"/>
            <line number="2" hits="1" branch="true" condition-coverage="25% (1/4)"/>
            <line number="3" hits="1" branch="true" condition-coverage="75% (3/4)"/>
            <line number="4" hits="1" branch="true" condition-coverage="37.5% (3/8)"/>
            <line number="5" hits="1" branch="true" condition-coverage="33.33333333333333% (1/3)"/>
            <line number="8" hits="1" branch="false"/>
            <line number="11" hits="1" branch="false"/>
            <line number="12" hits="0" branch="true" condition-coverage="0% (0/2)"/>
            <line number="13" hits="0" branch="false"/>
            <line number="15" hits="0" branch="false"/>
            <line number="16" hits="0" branch="false"/>
            <line number="17" hits="0" branch="false"/>
            <line number="18" hits="0" branch="false"/>
            <line number="19" hits="0" branch="false"/>
            <line number="20" hits="0" branch="true" condition-coverage="0% (0/2)"/>
            <line number="21" hits="0" branch="true" condition-coverage="0% (0/5)"/>
            <line number="22" hits="0" branch="false"/>
            <line number="23" hits="0" branch="true" condition-coverage="0% (0/5)"/>
            <line number="25" hits="0" branch="false"/>
            <line number="26" hits="0" branch="false"/>
            <line number="31" hits="0" branch="false"/>
            <line number="32" hits="0" branch="false"/>
            <line number="33" hits="0" branch="true" condition-coverage="0% (0/2)"/>
            <line number="34" hits="0" branch="false"/>
            <line number="37" hits="0" branch="false"/>
            <line number="39" hits="1" branch="false"/>
            <line number="44" hits="1" branch="false"/>
          </lines>
        </class>
        <class name="safePipe.ts" filename="projects\komponentkartan\src\lib\pipes\safePipe.ts" line-rate="0.8332999999999999" branch-rate="0.4545">
          <methods>
            <method name="(anonymous_0)" hits="1" signature="()V">
              <lines>
                <line number="1" hits="1"/>
              </lines>
            </method>
            <method name="(anonymous_1)" hits="1" signature="()V">
              <lines>
                <line number="9" hits="1"/>
              </lines>
            </method>
            <method name="SafePipe" hits="0" signature="()V">
              <lines>
                <line number="10" hits="0"/>
              </lines>
            </method>
            <method name="(anonymous_3)" hits="0" signature="()V">
              <lines>
                <line number="13" hits="0"/>
              </lines>
            </method>
            <method name="(anonymous_4)" hits="0" signature="()V">
              <lines>
                <line number="16" hits="0"/>
              </lines>
            </method>
          </methods>
          <lines>
            <line number="1" hits="1" branch="true" condition-coverage="66.66666666666666% (2/3)"/>
            <line number="2" hits="1" branch="true" condition-coverage="25% (1/4)"/>
            <line number="3" hits="1" branch="true" condition-coverage="75% (3/4)"/>
            <line number="4" hits="1" branch="true" condition-coverage="37.5% (3/8)"/>
            <line number="5" hits="1" branch="true" condition-coverage="33.33333333333333% (1/3)"/>
            <line number="9" hits="1" branch="false"/>
            <line number="11" hits="0" branch="false"/>
            <line number="13" hits="1" branch="false"/>
            <line number="14" hits="0" branch="false"/>
            <line number="16" hits="1" branch="false"/>
            <line number="19" hits="1" branch="false"/>
            <line number="22" hits="1" branch="false"/>
          </lines>
        </class>
        <class name="truncatePipe.ts" filename="projects\komponentkartan\src\lib\pipes\truncatePipe.ts" line-rate="0.4285" branch-rate="0.3333">
          <methods>
            <method name="(anonymous_0)" hits="1" signature="()V">
              <lines>
                <line number="1" hits="1"/>
              </lines>
            </method>
            <method name="(anonymous_1)" hits="1" signature="()V">
              <lines>
                <line number="8" hits="1"/>
              </lines>
            </method>
            <method name="TruncatePipe" hits="1" signature="()V">
              <lines>
                <line number="9" hits="1"/>
              </lines>
            </method>
            <method name="(anonymous_3)" hits="0" signature="()V">
              <lines>
                <line number="11" hits="0"/>
              </lines>
            </method>
          </methods>
          <lines>
            <line number="1" hits="1" branch="true" condition-coverage="66.66666666666666% (2/3)"/>
            <line number="2" hits="1" branch="true" condition-coverage="25% (1/4)"/>
            <line number="3" hits="1" branch="true" condition-coverage="75% (3/4)"/>
            <line number="4" hits="1" branch="true" condition-coverage="37.5% (3/8)"/>
            <line number="5" hits="1" branch="true" condition-coverage="33.33333333333333% (1/3)"/>
            <line number="8" hits="1" branch="false"/>
            <line number="11" hits="1" branch="false"/>
            <line number="12" hits="0" branch="false"/>
            <line number="13" hits="0" branch="true" condition-coverage="0% (0/2)"/>
            <line number="14" hits="0" branch="false"/>
            <line number="16" hits="0" branch="true" condition-coverage="0% (0/2)"/>
            <line number="17" hits="0" branch="false"/>
            <line number="19" hits="0" branch="false"/>
            <line number="20" hits="0" branch="true" condition-coverage="0% (0/2)"/>
            <line number="21" hits="0" branch="false"/>
            <line number="23" hits="0" branch="true" condition-coverage="0% (0/2)"/>
            <line number="24" hits="0" branch="false"/>
            <line number="26" hits="0" branch="false"/>
            <line number="27" hits="0" branch="false"/>
            <line number="29" hits="1" branch="false"/>
            <line number="32" hits="1" branch="false"/>
          </lines>
        </class>
      </classes>
    </package>
    <package name="src.lib.services" line-rate="0.6346" branch-rate="0.4286">
      <classes>
        <class name="browserDetector.ts" filename="projects\komponentkartan\src\lib\services\browserDetector.ts" line-rate="0.5555" branch-rate="0.3846">
          <methods>
            <method name="(anonymous_0)" hits="1" signature="()V">
              <lines>
                <line number="1" hits="1"/>
              </lines>
            </method>
            <method name="(anonymous_1)" hits="1" signature="()V">
              <lines>
                <line number="8" hits="1"/>
              </lines>
            </method>
            <method name="BrowserDetector" hits="0" signature="()V">
              <lines>
                <line number="9" hits="0"/>
              </lines>
            </method>
            <method name="(anonymous_3)" hits="0" signature="()V">
              <lines>
                <line number="11" hits="0"/>
              </lines>
            </method>
            <method name="(anonymous_4)" hits="0" signature="()V">
              <lines>
                <line number="24" hits="0"/>
              </lines>
            </method>
          </methods>
          <lines>
            <line number="1" hits="1" branch="true" condition-coverage="66.66666666666666% (2/3)"/>
            <line number="2" hits="1" branch="true" condition-coverage="25% (1/4)"/>
            <line number="3" hits="1" branch="true" condition-coverage="75% (3/4)"/>
            <line number="4" hits="1" branch="true" condition-coverage="37.5% (3/8)"/>
            <line number="5" hits="1" branch="true" condition-coverage="33.33333333333333% (1/3)"/>
            <line number="8" hits="1" branch="false"/>
            <line number="11" hits="1" branch="false"/>
            <line number="12" hits="0" branch="false"/>
            <line number="13" hits="0" branch="false"/>
            <line number="14" hits="0" branch="true" condition-coverage="0% (0/2)"/>
            <line number="15" hits="0" branch="false"/>
            <line number="17" hits="0" branch="false"/>
            <line number="18" hits="0" branch="true" condition-coverage="0% (0/2)"/>
            <line number="19" hits="0" branch="false"/>
            <line number="22" hits="0" branch="false"/>
            <line number="24" hits="1" branch="false"/>
            <line number="25" hits="1" branch="false"/>
            <line number="28" hits="1" branch="false"/>
          </lines>
        </class>
        <class name="modalService.ts" filename="projects\komponentkartan\src\lib\services\modalService.ts" line-rate="0.55" branch-rate="0.4545">
          <methods>
            <method name="(anonymous_0)" hits="1" signature="()V">
              <lines>
                <line number="1" hits="1"/>
              </lines>
            </method>
            <method name="(anonymous_1)" hits="1" signature="()V">
              <lines>
                <line number="9" hits="1"/>
              </lines>
            </method>
            <method name="ModalService" hits="0" signature="()V">
              <lines>
                <line number="10" hits="0"/>
              </lines>
            </method>
            <method name="(anonymous_3)" hits="0" signature="()V">
              <lines>
                <line number="20" hits="0"/>
              </lines>
            </method>
            <method name="(anonymous_4)" hits="0" signature="()V">
              <lines>
                <line number="23" hits="0"/>
              </lines>
            </method>
            <method name="(anonymous_5)" hits="0" signature="()V">
              <lines>
                <line number="26" hits="0"/>
              </lines>
            </method>
          </methods>
          <lines>
            <line number="1" hits="1" branch="true" condition-coverage="66.66666666666666% (2/3)"/>
            <line number="2" hits="1" branch="true" condition-coverage="25% (1/4)"/>
            <line number="3" hits="1" branch="true" condition-coverage="75% (3/4)"/>
            <line number="4" hits="1" branch="true" condition-coverage="37.5% (3/8)"/>
            <line number="5" hits="1" branch="true" condition-coverage="33.33333333333333% (1/3)"/>
            <line number="9" hits="1" branch="false"/>
            <line number="12" hits="0" branch="false"/>
            <line number="13" hits="0" branch="false"/>
            <line number="14" hits="0" branch="false"/>
            <line number="16" hits="0" branch="false"/>
            <line number="17" hits="0" branch="false"/>
            <line number="18" hits="0" branch="false"/>
            <line number="20" hits="1" branch="false"/>
            <line number="21" hits="0" branch="false"/>
            <line number="23" hits="1" branch="false"/>
            <line number="24" hits="0" branch="false"/>
            <line number="26" hits="1" branch="false"/>
            <line number="27" hits="0" branch="false"/>
            <line number="29" hits="1" branch="false"/>
            <line number="32" hits="1" branch="false"/>
          </lines>
        </class>
        <class name="page-header-height.service.ts" filename="projects\komponentkartan\src\lib\services\page-header-height.service.ts" line-rate="0.8571" branch-rate="0.4545">
          <methods>
            <method name="(anonymous_0)" hits="1" signature="()V">
              <lines>
                <line number="1" hits="1"/>
              </lines>
            </method>
            <method name="(anonymous_1)" hits="1" signature="()V">
              <lines>
                <line number="9" hits="1"/>
              </lines>
            </method>
            <method name="PageHeaderHeightService" hits="2" signature="()V">
              <lines>
                <line number="10" hits="2"/>
              </lines>
            </method>
            <method name="(anonymous_3)" hits="0" signature="()V">
              <lines>
                <line number="15" hits="0"/>
              </lines>
            </method>
          </methods>
          <lines>
            <line number="1" hits="1" branch="true" condition-coverage="66.66666666666666% (2/3)"/>
            <line number="2" hits="1" branch="true" condition-coverage="25% (1/4)"/>
            <line number="3" hits="1" branch="true" condition-coverage="75% (3/4)"/>
            <line number="4" hits="1" branch="true" condition-coverage="37.5% (3/8)"/>
            <line number="5" hits="1" branch="true" condition-coverage="33.33333333333333% (1/3)"/>
            <line number="9" hits="1" branch="false"/>
            <line number="11" hits="2" branch="false"/>
            <line number="12" hits="2" branch="false"/>
            <line number="13" hits="2" branch="false"/>
            <line number="15" hits="1" branch="false"/>
            <line number="16" hits="0" branch="false"/>
            <line number="17" hits="0" branch="false"/>
            <line number="19" hits="1" branch="false"/>
            <line number="24" hits="1" branch="false"/>
          </lines>
        </class>
      </classes>
    </package>
    <package name="src.lib.utils" line-rate="0.1389" branch-rate="0.0784">
      <classes>
        <class name="guid.ts" filename="projects\komponentkartan\src\lib\utils\guid.ts" line-rate="0.4285" branch-rate="0">
          <methods>
            <method name="(anonymous_0)" hits="1" signature="()V">
              <lines>
                <line number="1" hits="1"/>
              </lines>
            </method>
            <method name="Guid" hits="0" signature="()V">
              <lines>
                <line number="2" hits="0"/>
              </lines>
            </method>
            <method name="(anonymous_2)" hits="0" signature="()V">
              <lines>
                <line number="4" hits="0"/>
              </lines>
            </method>
            <method name="(anonymous_3)" hits="0" signature="()V">
              <lines>
                <line number="5" hits="0"/>
              </lines>
            </method>
          </methods>
          <lines>
            <line number="1" hits="1" branch="false"/>
            <line number="4" hits="1" branch="false"/>
            <line number="5" hits="0" branch="false"/>
            <line number="7" hits="0" branch="true" condition-coverage="0% (0/4)"/>
            <line number="8" hits="0" branch="false"/>
            <line number="10" hits="0" branch="false"/>
            <line number="12" hits="1" branch="false"/>
          </lines>
        </class>
        <class name="map-to-class-string.ts" filename="projects\komponentkartan\src\lib\utils\map-to-class-string.ts" line-rate="0.0689" branch-rate="0.0851">
          <methods>
            <method name="(anonymous_0)" hits="0" signature="()V">
              <lines>
                <line number="1" hits="0"/>
              </lines>
            </method>
            <method name="(anonymous_1)" hits="0" signature="()V">
              <lines>
                <line number="5" hits="0"/>
              </lines>
            </method>
            <method name="(anonymous_2)" hits="0" signature="()V">
              <lines>
                <line number="12" hits="0"/>
              </lines>
            </method>
            <method name="mapToClassString" hits="0" signature="()V">
              <lines>
                <line number="28" hits="0"/>
              </lines>
            </method>
          </methods>
          <lines>
            <line number="1" hits="1" branch="true" condition-coverage="66.66666666666666% (2/3)"/>
            <line number="2" hits="0" branch="true" condition-coverage="0% (0/4)"/>
            <line number="3" hits="0" branch="true" condition-coverage="0% (0/2)"/>
            <line number="4" hits="0" branch="true" condition-coverage="0% (0/4)"/>
            <line number="6" hits="0" branch="true" condition-coverage="0% (0/4)"/>
            <line number="7" hits="0" branch="true" condition-coverage="0% (0/2)"/>
            <line number="10" hits="0" branch="true" condition-coverage="0% (0/2)"/>
            <line number="12" hits="1" branch="true" condition-coverage="66.66666666666666% (2/3)"/>
            <line number="13" hits="0" branch="true" condition-coverage="0% (0/2)"/>
            <line number="14" hits="0" branch="true" condition-coverage="0% (0/2)"/>
            <line number="15" hits="0" branch="false"/>
            <line number="16" hits="0" branch="false"/>
            <line number="17" hits="0" branch="true" condition-coverage="0% (0/3)"/>
            <line number="19" hits="0" branch="false"/>
            <line number="21" hits="0" branch="false"/>
            <line number="22" hits="0" branch="true" condition-coverage="0% (0/5)"/>
            <line number="24" hits="0" branch="true" condition-coverage="0% (0/2)"/>
            <line number="26" hits="0" branch="false"/>
            <line number="30" hits="0" branch="false"/>
            <line number="31" hits="0" branch="false"/>
            <line number="32" hits="0" branch="false"/>
            <line number="33" hits="0" branch="false"/>
            <line number="34" hits="0" branch="true" condition-coverage="0% (0/2)"/>
            <line number="35" hits="0" branch="false"/>
            <line number="39" hits="0" branch="false"/>
            <line number="41" hits="0" branch="false"/>
            <line number="42" hits="0" branch="true" condition-coverage="0% (0/5)"/>
            <line number="44" hits="0" branch="true" condition-coverage="0% (0/2)"/>
            <line number="46" hits="0" branch="false"/>
          </lines>
        </class>
      </classes>
    </package>
  </packages>
</coverage>
