<?xml version="1.0" ?>
<!DOCTYPE coverage SYSTEM "http://cobertura.sourceforge.net/xml/coverage-04.dtd">
<coverage lines-valid="4656" lines-covered="3331" line-rate="0.7154" branches-valid="4107" branches-covered="1844" branch-rate="0.449" timestamp="1648103211948" complexity="0" version="0.1">
  <sources>
    <source>C:\Projekt\komponentkartan</source>
  </sources>
  <packages>
    <package name="src" line-rate="1" branch-rate="1">
      <classes>
        <class name="test.ts" filename="projects\komponentkartan\src\test.ts" line-rate="1" branch-rate="1">
          <methods>
          </methods>
          <lines>
            <line number="8" hits="1" branch="false"/>
            <line number="10" hits="1" branch="false"/>
            <line number="12" hits="1" branch="false"/>
          </lines>
        </class>
      </classes>
    </package>
    <package name="src.lib" line-rate="1" branch-rate="1">
      <classes>
        <class name="animation.ts" filename="projects\komponentkartan\src\lib\animation.ts" line-rate="1" branch-rate="1">
          <methods>
          </methods>
          <lines>
            <line number="2" hits="1" branch="false"/>
            <line number="14" hits="1" branch="false"/>
            <line number="23" hits="1" branch="false"/>
            <line number="33" hits="1" branch="false"/>
            <line number="50" hits="1" branch="false"/>
            <line number="56" hits="1" branch="false"/>
          </lines>
        </class>
        <class name="index.ts" filename="projects\komponentkartan\src\lib\index.ts" line-rate="1" branch-rate="1">
          <methods>
          </methods>
          <lines>
          </lines>
        </class>
      </classes>
    </package>
    <package name="src.lib.controls.action-panel" line-rate="1" branch-rate="0.6842">
      <classes>
        <class name="action-panel.component.ts" filename="projects\komponentkartan\src\lib\controls\action-panel\action-panel.component.ts" line-rate="1" branch-rate="0.6842">
          <methods>
            <method name="(anonymous_0)" hits="1" signature="()V">
              <lines>
                <line number="1" hits="1"/>
              </lines>
            </method>
            <method name="(anonymous_1)" hits="1" signature="()V">
              <lines>
                <line number="11" hits="1"/>
              </lines>
            </method>
            <method name="ActionPanelComponent" hits="25" signature="()V">
              <lines>
                <line number="12" hits="25"/>
              </lines>
            </method>
            <method name="(anonymous_3)" hits="7" signature="()V">
              <lines>
                <line number="23" hits="7"/>
              </lines>
            </method>
            <method name="(anonymous_4)" hits="6" signature="()V">
              <lines>
                <line number="27" hits="6"/>
              </lines>
            </method>
            <method name="(anonymous_5)" hits="3" signature="()V">
              <lines>
                <line number="49" hits="3"/>
              </lines>
            </method>
            <method name="(anonymous_6)" hits="5" signature="()V">
              <lines>
                <line number="54" hits="5"/>
              </lines>
            </method>
            <method name="(anonymous_7)" hits="5" signature="()V">
              <lines>
                <line number="62" hits="5"/>
              </lines>
            </method>
          </methods>
          <lines>
            <line number="1" hits="1" branch="true" condition-coverage="66.66666666666666% (2/3)"/>
            <line number="2" hits="1" branch="true" condition-coverage="25% (1/4)"/>
            <line number="3" hits="1" branch="true" condition-coverage="75% (3/4)"/>
            <line number="4" hits="1" branch="true" condition-coverage="37.5% (3/8)"/>
            <line number="5" hits="1" branch="true" condition-coverage="33.33333333333333% (1/3)"/>
            <line number="11" hits="1" branch="false"/>
            <line number="13" hits="25" branch="false"/>
            <line number="14" hits="25" branch="false"/>
            <line number="15" hits="25" branch="false"/>
            <line number="16" hits="25" branch="false"/>
            <line number="17" hits="25" branch="false"/>
            <line number="18" hits="25" branch="false"/>
            <line number="19" hits="25" branch="false"/>
            <line number="20" hits="25" branch="false"/>
            <line number="21" hits="25" branch="false"/>
            <line number="23" hits="1" branch="false"/>
            <line number="24" hits="7" branch="false"/>
            <line number="25" hits="7" branch="false"/>
            <line number="27" hits="1" branch="false"/>
            <line number="28" hits="6" branch="false"/>
            <line number="29" hits="6" branch="true" condition-coverage="100% (2/2)"/>
            <line number="30" hits="4" branch="true" condition-coverage="100% (2/2)"/>
            <line number="31" hits="2" branch="false"/>
            <line number="32" hits="2" branch="false"/>
            <line number="35" hits="2" branch="false"/>
            <line number="36" hits="2" branch="false"/>
            <line number="39" hits="6" branch="false"/>
            <line number="40" hits="6" branch="true" condition-coverage="100% (2/2)"/>
            <line number="41" hits="2" branch="true" condition-coverage="100% (2/2)"/>
            <line number="42" hits="1" branch="false"/>
            <line number="45" hits="1" branch="false"/>
            <line number="49" hits="1" branch="false"/>
            <line number="50" hits="3" branch="false"/>
            <line number="51" hits="3" branch="false"/>
            <line number="52" hits="3" branch="false"/>
            <line number="54" hits="1" branch="false"/>
            <line number="55" hits="5" branch="true" condition-coverage="100% (2/2)"/>
            <line number="56" hits="1" branch="false"/>
            <line number="58" hits="5" branch="true" condition-coverage="100% (2/2)"/>
            <line number="59" hits="1" branch="false"/>
            <line number="62" hits="1" branch="false"/>
            <line number="63" hits="5" branch="true" condition-coverage="100% (2/2)"/>
            <line number="64" hits="1" branch="false"/>
            <line number="66" hits="5" branch="true" condition-coverage="100% (2/2)"/>
            <line number="67" hits="1" branch="false"/>
            <line number="70" hits="1" branch="false"/>
            <line number="77" hits="1" branch="false"/>
            <line number="108" hits="1" branch="false"/>
          </lines>
        </class>
      </classes>
    </package>
    <package name="src.lib.controls.button" line-rate="0.8056" branch-rate="0.4706">
      <classes>
        <class name="button.component.ts" filename="projects\komponentkartan\src\lib\controls\button\button.component.ts" line-rate="0.8055" branch-rate="0.4705">
          <methods>
            <method name="(anonymous_0)" hits="1" signature="()V">
              <lines>
                <line number="1" hits="1"/>
              </lines>
            </method>
            <method name="(anonymous_1)" hits="1" signature="()V">
              <lines>
                <line number="11" hits="1"/>
              </lines>
            </method>
            <method name="ButtonComponent" hits="57" signature="()V">
              <lines>
                <line number="12" hits="57"/>
              </lines>
            </method>
            <method name="(anonymous_3)" hits="84" signature="()V">
              <lines>
                <line number="21" hits="84"/>
              </lines>
            </method>
            <method name="(anonymous_4)" hits="2" signature="()V">
              <lines>
                <line number="25" hits="2"/>
              </lines>
            </method>
            <method name="(anonymous_5)" hits="0" signature="()V">
              <lines>
                <line number="31" hits="0"/>
              </lines>
            </method>
            <method name="(anonymous_6)" hits="0" signature="()V">
              <lines>
                <line number="34" hits="0"/>
              </lines>
            </method>
            <method name="(anonymous_7)" hits="0" signature="()V">
              <lines>
                <line number="39" hits="0"/>
              </lines>
            </method>
            <method name="(anonymous_8)" hits="238" signature="()V">
              <lines>
                <line number="45" hits="238"/>
              </lines>
            </method>
            <method name="(anonymous_9)" hits="1" signature="()V">
              <lines>
                <line number="55" hits="1"/>
              </lines>
            </method>
          </methods>
          <lines>
            <line number="1" hits="1" branch="true" condition-coverage="66.66666666666666% (2/3)"/>
            <line number="2" hits="1" branch="true" condition-coverage="25% (1/4)"/>
            <line number="3" hits="1" branch="true" condition-coverage="75% (3/4)"/>
            <line number="4" hits="1" branch="true" condition-coverage="37.5% (3/8)"/>
            <line number="5" hits="1" branch="true" condition-coverage="33.33333333333333% (1/3)"/>
            <line number="11" hits="1" branch="false"/>
            <line number="13" hits="57" branch="false"/>
            <line number="14" hits="57" branch="false"/>
            <line number="15" hits="57" branch="false"/>
            <line number="16" hits="57" branch="false"/>
            <line number="17" hits="57" branch="false"/>
            <line number="18" hits="57" branch="false"/>
            <line number="19" hits="57" branch="false"/>
            <line number="21" hits="1" branch="false"/>
            <line number="22" hits="84" branch="true" condition-coverage="100% (2/2)"/>
            <line number="23" hits="84" branch="false"/>
            <line number="25" hits="1" branch="false"/>
            <line number="26" hits="2" branch="true" condition-coverage="100% (2/2)"/>
            <line number="27" hits="1" branch="false"/>
            <line number="28" hits="1" branch="false"/>
            <line number="31" hits="1" branch="false"/>
            <line number="32" hits="0" branch="false"/>
            <line number="34" hits="1" branch="false"/>
            <line number="35" hits="0" branch="false"/>
            <line number="36" hits="0" branch="true" condition-coverage="0% (0/2)"/>
            <line number="37" hits="0" branch="true" condition-coverage="0% (0/4)"/>
            <line number="38" hits="0" branch="false"/>
            <line number="39" hits="0" branch="false"/>
            <line number="40" hits="0" branch="false"/>
            <line number="45" hits="1" branch="false"/>
            <line number="46" hits="238" branch="false"/>
            <line number="53" hits="238" branch="false"/>
            <line number="55" hits="1" branch="false"/>
            <line number="56" hits="1" branch="false"/>
            <line number="63" hits="1" branch="false"/>
            <line number="70" hits="1" branch="false"/>
          </lines>
        </class>
      </classes>
    </package>
    <package name="src.lib.controls.card" line-rate="0.8571" branch-rate="0.4752">
      <classes>
        <class name="card-column.component.ts" filename="projects\komponentkartan\src\lib\controls\card\card-column.component.ts" line-rate="0.8332999999999999" branch-rate="0.4545">
          <methods>
            <method name="(anonymous_0)" hits="1" signature="()V">
              <lines>
                <line number="1" hits="1"/>
              </lines>
            </method>
            <method name="(anonymous_1)" hits="1" signature="()V">
              <lines>
                <line number="8" hits="1"/>
              </lines>
            </method>
            <method name="CardColumnComponent" hits="0" signature="()V">
              <lines>
                <line number="9" hits="0"/>
              </lines>
            </method>
            <method name="(anonymous_3)" hits="0" signature="()V">
              <lines>
                <line number="13" hits="0"/>
              </lines>
            </method>
          </methods>
          <lines>
            <line number="1" hits="1" branch="true" condition-coverage="66.66666666666666% (2/3)"/>
            <line number="2" hits="1" branch="true" condition-coverage="25% (1/4)"/>
            <line number="3" hits="1" branch="true" condition-coverage="75% (3/4)"/>
            <line number="4" hits="1" branch="true" condition-coverage="37.5% (3/8)"/>
            <line number="5" hits="1" branch="true" condition-coverage="33.33333333333333% (1/3)"/>
            <line number="8" hits="1" branch="false"/>
            <line number="10" hits="0" branch="false"/>
            <line number="11" hits="0" branch="false"/>
            <line number="13" hits="1" branch="false"/>
            <line number="14" hits="1" branch="false"/>
            <line number="21" hits="1" branch="false"/>
            <line number="27" hits="1" branch="false"/>
          </lines>
        </class>
        <class name="card-header.component.ts" filename="projects\komponentkartan\src\lib\controls\card\card-header.component.ts" line-rate="0.8332999999999999" branch-rate="0.4545">
          <methods>
            <method name="(anonymous_0)" hits="1" signature="()V">
              <lines>
                <line number="1" hits="1"/>
              </lines>
            </method>
            <method name="(anonymous_1)" hits="1" signature="()V">
              <lines>
                <line number="9" hits="1"/>
              </lines>
            </method>
            <method name="CardHeaderComponent" hits="0" signature="()V">
              <lines>
                <line number="10" hits="0"/>
              </lines>
            </method>
            <method name="(anonymous_3)" hits="0" signature="()V">
              <lines>
                <line number="14" hits="0"/>
              </lines>
            </method>
          </methods>
          <lines>
            <line number="1" hits="1" branch="true" condition-coverage="66.66666666666666% (2/3)"/>
            <line number="2" hits="1" branch="true" condition-coverage="25% (1/4)"/>
            <line number="3" hits="1" branch="true" condition-coverage="75% (3/4)"/>
            <line number="4" hits="1" branch="true" condition-coverage="37.5% (3/8)"/>
            <line number="5" hits="1" branch="true" condition-coverage="33.33333333333333% (1/3)"/>
            <line number="9" hits="1" branch="false"/>
            <line number="11" hits="0" branch="false"/>
            <line number="12" hits="0" branch="false"/>
            <line number="14" hits="1" branch="false"/>
            <line number="15" hits="1" branch="false"/>
            <line number="19" hits="1" branch="false"/>
            <line number="26" hits="1" branch="false"/>
          </lines>
        </class>
        <class name="card.component.ts" filename="projects\komponentkartan\src\lib\controls\card\card.component.ts" line-rate="0.6875" branch-rate="0.3846">
          <methods>
            <method name="(anonymous_0)" hits="1" signature="()V">
              <lines>
                <line number="1" hits="1"/>
              </lines>
            </method>
            <method name="(anonymous_1)" hits="1" signature="()V">
              <lines>
                <line number="11" hits="1"/>
              </lines>
            </method>
            <method name="CardComponent" hits="0" signature="()V">
              <lines>
                <line number="12" hits="0"/>
              </lines>
            </method>
            <method name="(anonymous_3)" hits="0" signature="()V">
              <lines>
                <line number="14" hits="0"/>
              </lines>
            </method>
            <method name="(anonymous_4)" hits="0" signature="()V">
              <lines>
                <line number="23" hits="0"/>
              </lines>
            </method>
          </methods>
          <lines>
            <line number="1" hits="1" branch="true" condition-coverage="66.66666666666666% (2/3)"/>
            <line number="2" hits="1" branch="true" condition-coverage="25% (1/4)"/>
            <line number="3" hits="1" branch="true" condition-coverage="75% (3/4)"/>
            <line number="4" hits="1" branch="true" condition-coverage="37.5% (3/8)"/>
            <line number="5" hits="1" branch="true" condition-coverage="33.33333333333333% (1/3)"/>
            <line number="11" hits="1" branch="false"/>
            <line number="14" hits="1" branch="false"/>
            <line number="15" hits="0" branch="true" condition-coverage="0% (0/2)"/>
            <line number="16" hits="0" branch="false"/>
            <line number="18" hits="0" branch="true" condition-coverage="0% (0/2)"/>
            <line number="19" hits="0" branch="false"/>
            <line number="20" hits="0" branch="false"/>
            <line number="23" hits="1" branch="false"/>
            <line number="24" hits="1" branch="false"/>
            <line number="27" hits="1" branch="false"/>
            <line number="34" hits="1" branch="false"/>
          </lines>
        </class>
        <class name="cardSection.component.ts" filename="projects\komponentkartan\src\lib\controls\card\cardSection.component.ts" line-rate="0.9666" branch-rate="0.5806">
          <methods>
            <method name="(anonymous_0)" hits="1" signature="()V">
              <lines>
                <line number="1" hits="1"/>
              </lines>
            </method>
            <method name="(anonymous_1)" hits="1" signature="()V">
              <lines>
                <line number="11" hits="1"/>
              </lines>
            </method>
            <method name="CardSectionComponent" hits="13" signature="()V">
              <lines>
                <line number="12" hits="13"/>
              </lines>
            </method>
            <method name="(anonymous_3)" hits="6" signature="()V">
              <lines>
                <line number="21" hits="6"/>
              </lines>
            </method>
            <method name="(anonymous_4)" hits="6" signature="()V">
              <lines>
                <line number="25" hits="6"/>
              </lines>
            </method>
            <method name="(anonymous_5)" hits="38" signature="()V">
              <lines>
                <line number="31" hits="38"/>
              </lines>
            </method>
            <method name="(anonymous_6)" hits="0" signature="()V">
              <lines>
                <line number="39" hits="0"/>
              </lines>
            </method>
            <method name="(anonymous_7)" hits="1" signature="()V">
              <lines>
                <line number="42" hits="1"/>
              </lines>
            </method>
          </methods>
          <lines>
            <line number="1" hits="1" branch="true" condition-coverage="66.66666666666666% (2/3)"/>
            <line number="2" hits="1" branch="true" condition-coverage="25% (1/4)"/>
            <line number="3" hits="1" branch="true" condition-coverage="75% (3/4)"/>
            <line number="4" hits="1" branch="true" condition-coverage="37.5% (3/8)"/>
            <line number="5" hits="1" branch="true" condition-coverage="33.33333333333333% (1/3)"/>
            <line number="11" hits="1" branch="false"/>
            <line number="13" hits="13" branch="false"/>
            <line number="14" hits="13" branch="false"/>
            <line number="15" hits="13" branch="false"/>
            <line number="16" hits="13" branch="false"/>
            <line number="17" hits="13" branch="false"/>
            <line number="18" hits="13" branch="false"/>
            <line number="19" hits="13" branch="false"/>
            <line number="21" hits="1" branch="false"/>
            <line number="22" hits="6" branch="false"/>
            <line number="23" hits="6" branch="true" condition-coverage="80% (4/5)"/>
            <line number="24" hits="6" branch="false"/>
            <line number="25" hits="6" branch="false"/>
            <line number="26" hits="6" branch="false"/>
            <line number="28" hits="6" branch="false"/>
            <line number="31" hits="1" branch="false"/>
            <line number="32" hits="38" branch="true" condition-coverage="100% (4/4)"/>
            <line number="33" hits="6" branch="false"/>
            <line number="36" hits="32" branch="false"/>
            <line number="39" hits="1" branch="false"/>
            <line number="40" hits="0" branch="false"/>
            <line number="42" hits="1" branch="false"/>
            <line number="43" hits="1" branch="false"/>
            <line number="53" hits="1" branch="false"/>
            <line number="61" hits="1" branch="false"/>
          </lines>
        </class>
      </classes>
    </package>
    <package name="src.lib.controls.checkbox" line-rate="0.617" branch-rate="0.3818">
      <classes>
        <class name="checkbox-group.component.ts" filename="projects\komponentkartan\src\lib\controls\checkbox\checkbox-group.component.ts" line-rate="0.5757" branch-rate="0.375">
          <methods>
            <method name="(anonymous_0)" hits="1" signature="()V">
              <lines>
                <line number="1" hits="1"/>
              </lines>
            </method>
            <method name="(anonymous_1)" hits="1" signature="()V">
              <lines>
                <line number="14" hits="1"/>
              </lines>
            </method>
            <method name="CheckboxGroupComponent" hits="11" signature="()V">
              <lines>
                <line number="15" hits="11"/>
              </lines>
            </method>
            <method name="(anonymous_3)" hits="10" signature="()V">
              <lines>
                <line number="29" hits="10"/>
              </lines>
            </method>
            <method name="(anonymous_4)" hits="21" signature="()V">
              <lines>
                <line number="38" hits="21"/>
              </lines>
            </method>
            <method name="(anonymous_5)" hits="0" signature="()V">
              <lines>
                <line number="42" hits="0"/>
              </lines>
            </method>
            <method name="(anonymous_6)" hits="0" signature="()V">
              <lines>
                <line number="43" hits="0"/>
              </lines>
            </method>
            <method name="(anonymous_7)" hits="0" signature="()V">
              <lines>
                <line number="44" hits="0"/>
              </lines>
            </method>
            <method name="(anonymous_8)" hits="0" signature="()V">
              <lines>
                <line number="44" hits="0"/>
              </lines>
            </method>
            <method name="(anonymous_9)" hits="21" signature="()V">
              <lines>
                <line number="49" hits="21"/>
              </lines>
            </method>
            <method name="(anonymous_10)" hits="0" signature="()V">
              <lines>
                <line number="50" hits="0"/>
              </lines>
            </method>
            <method name="(anonymous_11)" hits="0" signature="()V">
              <lines>
                <line number="50" hits="0"/>
              </lines>
            </method>
            <method name="(anonymous_12)" hits="11" signature="()V">
              <lines>
                <line number="55" hits="11"/>
              </lines>
            </method>
            <method name="(anonymous_13)" hits="0" signature="()V">
              <lines>
                <line number="59" hits="0"/>
              </lines>
            </method>
            <method name="(anonymous_14)" hits="1" signature="()V">
              <lines>
                <line number="64" hits="1"/>
              </lines>
            </method>
            <method name="(anonymous_15)" hits="0" signature="()V">
              <lines>
                <line number="71" hits="0"/>
              </lines>
            </method>
            <method name="(anonymous_16)" hits="198" signature="()V">
              <lines>
                <line number="80" hits="198"/>
              </lines>
            </method>
            <method name="(anonymous_17)" hits="0" signature="()V">
              <lines>
                <line number="85" hits="0"/>
              </lines>
            </method>
            <method name="(anonymous_18)" hits="31" signature="()V">
              <lines>
                <line number="104" hits="31"/>
              </lines>
            </method>
            <method name="(anonymous_19)" hits="0" signature="()V">
              <lines>
                <line number="106" hits="0"/>
              </lines>
            </method>
            <method name="(anonymous_20)" hits="21" signature="()V">
              <lines>
                <line number="110" hits="21"/>
              </lines>
            </method>
            <method name="(anonymous_21)" hits="1" signature="()V">
              <lines>
                <line number="113" hits="1"/>
              </lines>
            </method>
            <method name="(anonymous_22)" hits="0" signature="()V">
              <lines>
                <line number="121" hits="0"/>
              </lines>
            </method>
            <method name="(anonymous_23)" hits="0" signature="()V">
              <lines>
                <line number="121" hits="0"/>
              </lines>
            </method>
            <method name="(anonymous_24)" hits="0" signature="()V">
              <lines>
                <line number="126" hits="0"/>
              </lines>
            </method>
            <method name="(anonymous_25)" hits="0" signature="()V">
              <lines>
                <line number="132" hits="0"/>
              </lines>
            </method>
            <method name="(anonymous_26)" hits="0" signature="()V">
              <lines>
                <line number="133" hits="0"/>
              </lines>
            </method>
            <method name="(anonymous_27)" hits="0" signature="()V">
              <lines>
                <line number="134" hits="0"/>
              </lines>
            </method>
            <method name="(anonymous_28)" hits="0" signature="()V">
              <lines>
                <line number="134" hits="0"/>
              </lines>
            </method>
            <method name="(anonymous_29)" hits="0" signature="()V">
              <lines>
                <line number="141" hits="0"/>
              </lines>
            </method>
            <method name="(anonymous_30)" hits="0" signature="()V">
              <lines>
                <line number="146" hits="0"/>
              </lines>
            </method>
            <method name="(anonymous_31)" hits="0" signature="()V">
              <lines>
                <line number="148" hits="0"/>
              </lines>
            </method>
            <method name="(anonymous_32)" hits="0" signature="()V">
              <lines>
                <line number="153" hits="0"/>
              </lines>
            </method>
            <method name="(anonymous_33)" hits="0" signature="()V">
              <lines>
                <line number="156" hits="0"/>
              </lines>
            </method>
            <method name="(anonymous_34)" hits="1" signature="()V">
              <lines>
                <line number="160" hits="1"/>
              </lines>
            </method>
            <method name="(anonymous_35)" hits="0" signature="()V">
              <lines>
                <line number="179" hits="0"/>
              </lines>
            </method>
          </methods>
          <lines>
            <line number="1" hits="1" branch="true" condition-coverage="66.66666666666666% (2/3)"/>
            <line number="2" hits="1" branch="true" condition-coverage="25% (1/4)"/>
            <line number="3" hits="1" branch="true" condition-coverage="75% (3/4)"/>
            <line number="4" hits="1" branch="true" condition-coverage="37.5% (3/8)"/>
            <line number="5" hits="1" branch="true" condition-coverage="33.33333333333333% (1/3)"/>
            <line number="14" hits="1" branch="false"/>
            <line number="16" hits="11" branch="false"/>
            <line number="17" hits="11" branch="false"/>
            <line number="18" hits="11" branch="false"/>
            <line number="19" hits="11" branch="false"/>
            <line number="20" hits="11" branch="false"/>
            <line number="21" hits="11" branch="false"/>
            <line number="22" hits="11" branch="false"/>
            <line number="23" hits="11" branch="false"/>
            <line number="24" hits="11" branch="false"/>
            <line number="25" hits="11" branch="false"/>
            <line number="27" hits="1" branch="false"/>
            <line number="28" hits="1" branch="false"/>
            <line number="30" hits="10" branch="false"/>
            <line number="31" hits="10" branch="true" condition-coverage="50% (1/2)"/>
            <line number="32" hits="10" branch="false"/>
            <line number="38" hits="1" branch="false"/>
            <line number="39" hits="21" branch="false"/>
            <line number="40" hits="21" branch="false"/>
            <line number="42" hits="21" branch="false"/>
            <line number="43" hits="0" branch="false"/>
            <line number="44" hits="0" branch="false"/>
            <line number="45" hits="0" branch="false"/>
            <line number="46" hits="0" branch="false"/>
            <line number="49" hits="21" branch="false"/>
            <line number="50" hits="21" branch="false"/>
            <line number="51" hits="21" branch="false"/>
            <line number="55" hits="1" branch="false"/>
            <line number="56" hits="11" branch="false"/>
            <line number="57" hits="11" branch="false"/>
            <line number="59" hits="1" branch="false"/>
            <line number="60" hits="0" branch="true" condition-coverage="0% (0/4)"/>
            <line number="61" hits="0" branch="false"/>
            <line number="64" hits="1" branch="false"/>
            <line number="65" hits="1" branch="true" condition-coverage="50% (1/2)"/>
            <line number="67" hits="1" branch="false"/>
            <line number="68" hits="0" branch="false"/>
            <line number="71" hits="1" branch="false"/>
            <line number="73" hits="0" branch="false"/>
            <line number="74" hits="0" branch="false"/>
            <line number="75" hits="0" branch="true" condition-coverage="0% (0/2)"/>
            <line number="76" hits="0" branch="false"/>
            <line number="79" hits="1" branch="false"/>
            <line number="81" hits="198" branch="true" condition-coverage="50% (1/2)"/>
            <line number="82" hits="0" branch="false"/>
            <line number="84" hits="198" branch="true" condition-coverage="50% (1/2)"/>
            <line number="85" hits="198" branch="true" condition-coverage="50% (2/4)"/>
            <line number="86" hits="0" branch="false"/>
            <line number="87" hits="0" branch="false"/>
            <line number="89" hits="198" branch="true" condition-coverage="50% (1/2)"/>
            <line number="90" hits="0" branch="false"/>
            <line number="91" hits="0" branch="false"/>
            <line number="94" hits="198" branch="false"/>
            <line number="98" hits="0" branch="false"/>
            <line number="104" hits="1" branch="false"/>
            <line number="106" hits="31" branch="true" condition-coverage="75% (3/4)"/>
            <line number="107" hits="0" branch="false"/>
            <line number="110" hits="1" branch="false"/>
            <line number="111" hits="21" branch="false"/>
            <line number="113" hits="1" branch="false"/>
            <line number="114" hits="1" branch="true" condition-coverage="50% (1/2)"/>
            <line number="115" hits="1" branch="false"/>
            <line number="117" hits="0" branch="true" condition-coverage="0% (0/2)"/>
            <line number="118" hits="0" branch="false"/>
            <line number="119" hits="0" branch="false"/>
            <line number="120" hits="0" branch="true" condition-coverage="0% (0/2)"/>
            <line number="121" hits="0" branch="false"/>
            <line number="122" hits="0" branch="false"/>
            <line number="126" hits="1" branch="false"/>
            <line number="127" hits="0" branch="false"/>
            <line number="128" hits="0" branch="true" condition-coverage="0% (0/2)"/>
            <line number="129" hits="0" branch="false"/>
            <line number="131" hits="0" branch="true" condition-coverage="0% (0/2)"/>
            <line number="132" hits="0" branch="false"/>
            <line number="133" hits="0" branch="false"/>
            <line number="134" hits="0" branch="false"/>
            <line number="137" hits="0" branch="false"/>
            <line number="140" hits="0" branch="false"/>
            <line number="141" hits="0" branch="false"/>
            <line number="142" hits="0" branch="false"/>
            <line number="146" hits="1" branch="false"/>
            <line number="147" hits="0" branch="false"/>
            <line number="148" hits="0" branch="false"/>
            <line number="149" hits="0" branch="false"/>
            <line number="150" hits="0" branch="false"/>
            <line number="153" hits="1" branch="false"/>
            <line number="154" hits="0" branch="false"/>
            <line number="156" hits="1" branch="false"/>
            <line number="157" hits="0" branch="false"/>
            <line number="160" hits="1" branch="false"/>
            <line number="164" hits="1" branch="false"/>
            <line number="173" hits="1" branch="false"/>
            <line number="179" hits="0" branch="false"/>
            <line number="185" hits="1" branch="false"/>
          </lines>
        </class>
        <class name="checkbox.component.ts" filename="projects\komponentkartan\src\lib\controls\checkbox\checkbox.component.ts" line-rate="0.6629" branch-rate="0.38880000000000003">
          <methods>
            <method name="(anonymous_0)" hits="1" signature="()V">
              <lines>
                <line number="1" hits="1"/>
              </lines>
            </method>
            <method name="(anonymous_1)" hits="1" signature="()V">
              <lines>
                <line number="12" hits="1"/>
              </lines>
            </method>
            <method name="CheckboxComponent" hits="21" signature="()V">
              <lines>
                <line number="13" hits="21"/>
              </lines>
            </method>
            <method name="(anonymous_3)" hits="566" signature="()V">
              <lines>
                <line number="28" hits="566"/>
              </lines>
            </method>
            <method name="(anonymous_4)" hits="4" signature="()V">
              <lines>
                <line number="36" hits="4"/>
              </lines>
            </method>
            <method name="(anonymous_5)" hits="0" signature="()V">
              <lines>
                <line number="43" hits="0"/>
              </lines>
            </method>
            <method name="(anonymous_6)" hits="0" signature="()V">
              <lines>
                <line number="49" hits="0"/>
              </lines>
            </method>
            <method name="(anonymous_7)" hits="184" signature="()V">
              <lines>
                <line number="58" hits="184"/>
              </lines>
            </method>
            <method name="(anonymous_8)" hits="0" signature="()V">
              <lines>
                <line number="86" hits="0"/>
              </lines>
            </method>
            <method name="(anonymous_9)" hits="21" signature="()V">
              <lines>
                <line number="89" hits="21"/>
              </lines>
            </method>
            <method name="(anonymous_10)" hits="10" signature="()V">
              <lines>
                <line number="92" hits="10"/>
              </lines>
            </method>
            <method name="(anonymous_11)" hits="4" signature="()V">
              <lines>
                <line number="103" hits="4"/>
              </lines>
            </method>
            <method name="(anonymous_12)" hits="0" signature="()V">
              <lines>
                <line number="110" hits="0"/>
              </lines>
            </method>
            <method name="(anonymous_13)" hits="0" signature="()V">
              <lines>
                <line number="119" hits="0"/>
              </lines>
            </method>
            <method name="(anonymous_14)" hits="0" signature="()V">
              <lines>
                <line number="125" hits="0"/>
              </lines>
            </method>
            <method name="(anonymous_15)" hits="0" signature="()V">
              <lines>
                <line number="128" hits="0"/>
              </lines>
            </method>
            <method name="(anonymous_16)" hits="0" signature="()V">
              <lines>
                <line number="131" hits="0"/>
              </lines>
            </method>
            <method name="(anonymous_17)" hits="10" signature="()V">
              <lines>
                <line number="134" hits="10"/>
              </lines>
            </method>
            <method name="(anonymous_18)" hits="0" signature="()V">
              <lines>
                <line number="135" hits="0"/>
              </lines>
            </method>
            <method name="(anonymous_19)" hits="0" signature="()V">
              <lines>
                <line number="136" hits="0"/>
              </lines>
            </method>
            <method name="(anonymous_20)" hits="1" signature="()V">
              <lines>
                <line number="140" hits="1"/>
              </lines>
            </method>
            <method name="(anonymous_21)" hits="0" signature="()V">
              <lines>
                <line number="161" hits="0"/>
              </lines>
            </method>
          </methods>
          <lines>
            <line number="1" hits="1" branch="true" condition-coverage="66.66666666666666% (2/3)"/>
            <line number="2" hits="1" branch="true" condition-coverage="25% (1/4)"/>
            <line number="3" hits="1" branch="true" condition-coverage="75% (3/4)"/>
            <line number="4" hits="1" branch="true" condition-coverage="37.5% (3/8)"/>
            <line number="5" hits="1" branch="true" condition-coverage="33.33333333333333% (1/3)"/>
            <line number="12" hits="1" branch="false"/>
            <line number="14" hits="21" branch="false"/>
            <line number="15" hits="21" branch="false"/>
            <line number="16" hits="21" branch="false"/>
            <line number="17" hits="21" branch="false"/>
            <line number="18" hits="21" branch="false"/>
            <line number="19" hits="21" branch="false"/>
            <line number="20" hits="21" branch="false"/>
            <line number="21" hits="21" branch="false"/>
            <line number="22" hits="21" branch="false"/>
            <line number="23" hits="21" branch="false"/>
            <line number="24" hits="21" branch="false"/>
            <line number="26" hits="1" branch="false"/>
            <line number="27" hits="1" branch="false"/>
            <line number="29" hits="566" branch="true" condition-coverage="50% (1/2)"/>
            <line number="30" hits="0" branch="false"/>
            <line number="33" hits="566" branch="false"/>
            <line number="37" hits="4" branch="false"/>
            <line number="43" hits="1" branch="false"/>
            <line number="44" hits="0" branch="true" condition-coverage="0% (0/4)"/>
            <line number="45" hits="0" branch="false"/>
            <line number="46" hits="0" branch="false"/>
            <line number="49" hits="1" branch="false"/>
            <line number="51" hits="0" branch="false"/>
            <line number="52" hits="0" branch="false"/>
            <line number="53" hits="0" branch="true" condition-coverage="0% (0/2)"/>
            <line number="54" hits="0" branch="false"/>
            <line number="57" hits="1" branch="false"/>
            <line number="59" hits="184" branch="false"/>
            <line number="60" hits="184" branch="true" condition-coverage="50% (1/2)"/>
            <line number="61" hits="0" branch="false"/>
            <line number="63" hits="184" branch="true" condition-coverage="100% (2/2)"/>
            <line number="64" hits="24" branch="false"/>
            <line number="66" hits="160" branch="true" condition-coverage="50% (1/2)"/>
            <line number="67" hits="160" branch="true" condition-coverage="50% (2/4)"/>
            <line number="68" hits="0" branch="false"/>
            <line number="69" hits="0" branch="false"/>
            <line number="71" hits="160" branch="true" condition-coverage="50% (1/2)"/>
            <line number="72" hits="0" branch="false"/>
            <line number="73" hits="0" branch="false"/>
            <line number="76" hits="160" branch="false"/>
            <line number="80" hits="0" branch="false"/>
            <line number="86" hits="1" branch="false"/>
            <line number="87" hits="0" branch="false"/>
            <line number="89" hits="1" branch="false"/>
            <line number="90" hits="21" branch="false"/>
            <line number="92" hits="1" branch="false"/>
            <line number="93" hits="10" branch="true" condition-coverage="50% (1/2)"/>
            <line number="94" hits="10" branch="false"/>
            <line number="95" hits="10" branch="true" condition-coverage="50% (1/2)"/>
            <line number="96" hits="0" branch="false"/>
            <line number="98" hits="10" branch="false"/>
            <line number="99" hits="10" branch="false"/>
            <line number="100" hits="10" branch="false"/>
            <line number="103" hits="1" branch="false"/>
            <line number="104" hits="4" branch="true" condition-coverage="50% (1/2)"/>
            <line number="105" hits="4" branch="false"/>
            <line number="106" hits="4" branch="false"/>
            <line number="107" hits="4" branch="false"/>
            <line number="110" hits="1" branch="false"/>
            <line number="111" hits="0" branch="false"/>
            <line number="112" hits="0" branch="true" condition-coverage="0% (0/2)"/>
            <line number="113" hits="0" branch="false"/>
            <line number="115" hits="0" branch="true" condition-coverage="0% (0/2)"/>
            <line number="116" hits="0" branch="false"/>
            <line number="117" hits="0" branch="false"/>
            <line number="118" hits="0" branch="true" condition-coverage="0% (0/2)"/>
            <line number="119" hits="0" branch="false"/>
            <line number="120" hits="0" branch="false"/>
            <line number="125" hits="1" branch="false"/>
            <line number="126" hits="0" branch="false"/>
            <line number="128" hits="1" branch="false"/>
            <line number="129" hits="0" branch="false"/>
            <line number="131" hits="1" branch="false"/>
            <line number="132" hits="0" branch="false"/>
            <line number="134" hits="1" branch="false"/>
            <line number="135" hits="1" branch="false"/>
            <line number="136" hits="1" branch="false"/>
            <line number="137" hits="0" branch="false"/>
            <line number="140" hits="1" branch="false"/>
            <line number="144" hits="1" branch="false"/>
            <line number="155" hits="1" branch="false"/>
            <line number="161" hits="0" branch="false"/>
            <line number="167" hits="1" branch="false"/>
          </lines>
        </class>
      </classes>
    </package>
    <package name="src.lib.controls.close-button" line-rate="1" branch-rate="0.5">
      <classes>
        <class name="close-button.component.ts" filename="projects\komponentkartan\src\lib\controls\close-button\close-button.component.ts" line-rate="1" branch-rate="0.5">
          <methods>
            <method name="(anonymous_0)" hits="1" signature="()V">
              <lines>
                <line number="1" hits="1"/>
              </lines>
            </method>
            <method name="(anonymous_1)" hits="1" signature="()V">
              <lines>
                <line number="10" hits="1"/>
              </lines>
            </method>
            <method name="CloseButtonComponent" hits="10" signature="()V">
              <lines>
                <line number="11" hits="10"/>
              </lines>
            </method>
            <method name="(anonymous_3)" hits="2" signature="()V">
              <lines>
                <line number="14" hits="2"/>
              </lines>
            </method>
          </methods>
          <lines>
            <line number="1" hits="1" branch="true" condition-coverage="66.66666666666666% (2/3)"/>
            <line number="2" hits="1" branch="true" condition-coverage="25% (1/4)"/>
            <line number="3" hits="1" branch="true" condition-coverage="75% (3/4)"/>
            <line number="4" hits="1" branch="true" condition-coverage="37.5% (3/8)"/>
            <line number="5" hits="1" branch="true" condition-coverage="33.33333333333333% (1/3)"/>
            <line number="10" hits="1" branch="false"/>
            <line number="12" hits="10" branch="false"/>
            <line number="14" hits="1" branch="false"/>
            <line number="15" hits="2" branch="true" condition-coverage="100% (2/2)"/>
            <line number="16" hits="1" branch="false"/>
            <line number="19" hits="1" branch="false"/>
            <line number="22" hits="1" branch="false"/>
            <line number="29" hits="1" branch="false"/>
          </lines>
        </class>
      </classes>
    </package>
    <package name="src.lib.controls.combobox" line-rate="0.7994" branch-rate="0.5832999999999999">
      <classes>
        <class name="combobox-item.component.ts" filename="projects\komponentkartan\src\lib\controls\combobox\combobox-item.component.ts" line-rate="1" branch-rate="0.5">
          <methods>
            <method name="(anonymous_0)" hits="1" signature="()V">
              <lines>
                <line number="1" hits="1"/>
              </lines>
            </method>
            <method name="(anonymous_1)" hits="1" signature="()V">
              <lines>
                <line number="9" hits="1"/>
              </lines>
            </method>
            <method name="ComboboxItemComponent" hits="850" signature="()V">
              <lines>
                <line number="10" hits="850"/>
              </lines>
            </method>
            <method name="(anonymous_3)" hits="841" signature="()V">
              <lines>
                <line number="18" hits="841"/>
              </lines>
            </method>
            <method name="(anonymous_4)" hits="6" signature="()V">
              <lines>
                <line number="24" hits="6"/>
              </lines>
            </method>
            <method name="(anonymous_5)" hits="777" signature="()V">
              <lines>
                <line number="28" hits="777"/>
              </lines>
            </method>
          </methods>
          <lines>
            <line number="1" hits="1" branch="true" condition-coverage="66.66666666666666% (2/3)"/>
            <line number="2" hits="1" branch="true" condition-coverage="25% (1/4)"/>
            <line number="3" hits="1" branch="true" condition-coverage="75% (3/4)"/>
            <line number="4" hits="1" branch="true" condition-coverage="37.5% (3/8)"/>
            <line number="5" hits="1" branch="true" condition-coverage="33.33333333333333% (1/3)"/>
            <line number="9" hits="1" branch="false"/>
            <line number="12" hits="850" branch="false"/>
            <line number="13" hits="850" branch="false"/>
            <line number="14" hits="850" branch="false"/>
            <line number="15" hits="850" branch="false"/>
            <line number="16" hits="850" branch="false"/>
            <line number="18" hits="1" branch="false"/>
            <line number="19" hits="841" branch="false"/>
            <line number="20" hits="841" branch="true" condition-coverage="100% (2/2)"/>
            <line number="21" hits="1" branch="false"/>
            <line number="24" hits="1" branch="false"/>
            <line number="25" hits="6" branch="false"/>
            <line number="26" hits="6" branch="false"/>
            <line number="28" hits="1" branch="false"/>
            <line number="29" hits="777" branch="false"/>
            <line number="31" hits="1" branch="false"/>
            <line number="37" hits="1" branch="false"/>
            <line number="43" hits="1" branch="false"/>
          </lines>
        </class>
        <class name="combobox.component.ts" filename="projects\komponentkartan\src\lib\controls\combobox\combobox.component.ts" line-rate="0.7854000000000001" branch-rate="0.5925">
          <methods>
            <method name="(anonymous_0)" hits="1" signature="()V">
              <lines>
                <line number="1" hits="1"/>
              </lines>
            </method>
            <method name="_defaultCompare" hits="1688" signature="()V">
              <lines>
                <line number="16" hits="1688"/>
              </lines>
            </method>
            <method name="(anonymous_2)" hits="1" signature="()V">
              <lines>
                <line number="19" hits="1"/>
              </lines>
            </method>
            <method name="ComboboxComponent" hits="53" signature="()V">
              <lines>
                <line number="20" hits="53"/>
              </lines>
            </method>
            <method name="(anonymous_4)" hits="177" signature="()V">
              <lines>
                <line number="47" hits="177"/>
              </lines>
            </method>
            <method name="(anonymous_5)" hits="176" signature="()V">
              <lines>
                <line number="54" hits="176"/>
              </lines>
            </method>
            <method name="(anonymous_6)" hits="3060" signature="()V">
              <lines>
                <line number="55" hits="3060"/>
              </lines>
            </method>
            <method name="(anonymous_7)" hits="532" signature="()V">
              <lines>
                <line number="62" hits="532"/>
              </lines>
            </method>
            <method name="(anonymous_8)" hits="178" signature="()V">
              <lines>
                <line number="69" hits="178"/>
              </lines>
            </method>
            <method name="(anonymous_9)" hits="0" signature="()V">
              <lines>
                <line number="75" hits="0"/>
              </lines>
            </method>
            <method name="(anonymous_10)" hits="0" signature="()V">
              <lines>
                <line number="82" hits="0"/>
              </lines>
            </method>
            <method name="(anonymous_11)" hits="0" signature="()V">
              <lines>
                <line number="87" hits="0"/>
              </lines>
            </method>
            <method name="(anonymous_12)" hits="0" signature="()V">
              <lines>
                <line number="87" hits="0"/>
              </lines>
            </method>
            <method name="(anonymous_13)" hits="40" signature="()V">
              <lines>
                <line number="91" hits="40"/>
              </lines>
            </method>
            <method name="(anonymous_14)" hits="840" signature="()V">
              <lines>
                <line number="94" hits="840"/>
              </lines>
            </method>
            <method name="(anonymous_15)" hits="777" signature="()V">
              <lines>
                <line number="95" hits="777"/>
              </lines>
            </method>
            <method name="(anonymous_16)" hits="0" signature="()V">
              <lines>
                <line number="104" hits="0"/>
              </lines>
            </method>
            <method name="(anonymous_17)" hits="0" signature="()V">
              <lines>
                <line number="106" hits="0"/>
              </lines>
            </method>
            <method name="(anonymous_18)" hits="40" signature="()V">
              <lines>
                <line number="111" hits="40"/>
              </lines>
            </method>
            <method name="(anonymous_19)" hits="37" signature="()V">
              <lines>
                <line number="114" hits="37"/>
              </lines>
            </method>
            <method name="(anonymous_20)" hits="0" signature="()V">
              <lines>
                <line number="119" hits="0"/>
              </lines>
            </method>
            <method name="(anonymous_21)" hits="40" signature="()V">
              <lines>
                <line number="133" hits="40"/>
              </lines>
            </method>
            <method name="(anonymous_22)" hits="3" signature="()V">
              <lines>
                <line number="139" hits="3"/>
              </lines>
            </method>
            <method name="(anonymous_23)" hits="51" signature="()V">
              <lines>
                <line number="154" hits="51"/>
              </lines>
            </method>
            <method name="(anonymous_24)" hits="80" signature="()V">
              <lines>
                <line number="162" hits="80"/>
              </lines>
            </method>
            <method name="(anonymous_25)" hits="41" signature="()V">
              <lines>
                <line number="164" hits="41"/>
              </lines>
            </method>
            <method name="(anonymous_26)" hits="80" signature="()V">
              <lines>
                <line number="170" hits="80"/>
              </lines>
            </method>
            <method name="(anonymous_27)" hits="0" signature="()V">
              <lines>
                <line number="173" hits="0"/>
              </lines>
            </method>
            <method name="(anonymous_28)" hits="0" signature="()V">
              <lines>
                <line number="177" hits="0"/>
              </lines>
            </method>
            <method name="(anonymous_29)" hits="4" signature="()V">
              <lines>
                <line number="178" hits="4"/>
              </lines>
            </method>
            <method name="(anonymous_30)" hits="42" signature="()V">
              <lines>
                <line number="185" hits="42"/>
              </lines>
            </method>
            <method name="(anonymous_31)" hits="25" signature="()V">
              <lines>
                <line number="197" hits="25"/>
              </lines>
            </method>
            <method name="(anonymous_32)" hits="336" signature="()V">
              <lines>
                <line number="201" hits="336"/>
              </lines>
            </method>
            <method name="(anonymous_33)" hits="189" signature="()V">
              <lines>
                <line number="207" hits="189"/>
              </lines>
            </method>
            <method name="(anonymous_34)" hits="2" signature="()V">
              <lines>
                <line number="216" hits="2"/>
              </lines>
            </method>
            <method name="(anonymous_35)" hits="42" signature="()V">
              <lines>
                <line number="217" hits="42"/>
              </lines>
            </method>
            <method name="(anonymous_36)" hits="0" signature="()V">
              <lines>
                <line number="225" hits="0"/>
              </lines>
            </method>
            <method name="(anonymous_37)" hits="23" signature="()V">
              <lines>
                <line number="229" hits="23"/>
              </lines>
            </method>
            <method name="(anonymous_38)" hits="0" signature="()V">
              <lines>
                <line number="237" hits="0"/>
              </lines>
            </method>
            <method name="(anonymous_39)" hits="0" signature="()V">
              <lines>
                <line number="251" hits="0"/>
              </lines>
            </method>
            <method name="(anonymous_40)" hits="30" signature="()V">
              <lines>
                <line number="266" hits="30"/>
              </lines>
            </method>
            <method name="(anonymous_41)" hits="88" signature="()V">
              <lines>
                <line number="273" hits="88"/>
              </lines>
            </method>
            <method name="(anonymous_42)" hits="2" signature="()V">
              <lines>
                <line number="284" hits="2"/>
              </lines>
            </method>
            <method name="(anonymous_43)" hits="3" signature="()V">
              <lines>
                <line number="308" hits="3"/>
              </lines>
            </method>
            <method name="(anonymous_44)" hits="63" signature="()V">
              <lines>
                <line number="309" hits="63"/>
              </lines>
            </method>
            <method name="(anonymous_45)" hits="63" signature="()V">
              <lines>
                <line number="317" hits="63"/>
              </lines>
            </method>
            <method name="(anonymous_46)" hits="0" signature="()V">
              <lines>
                <line number="323" hits="0"/>
              </lines>
            </method>
            <method name="(anonymous_47)" hits="1" signature="()V">
              <lines>
                <line number="335" hits="1"/>
              </lines>
            </method>
            <method name="(anonymous_48)" hits="21" signature="()V">
              <lines>
                <line number="338" hits="21"/>
              </lines>
            </method>
            <method name="(anonymous_49)" hits="0" signature="()V">
              <lines>
                <line number="348" hits="0"/>
              </lines>
            </method>
            <method name="(anonymous_50)" hits="14" signature="()V">
              <lines>
                <line number="351" hits="14"/>
              </lines>
            </method>
            <method name="(anonymous_51)" hits="294" signature="()V">
              <lines>
                <line number="352" hits="294"/>
              </lines>
            </method>
            <method name="(anonymous_52)" hits="22" signature="()V">
              <lines>
                <line number="358" hits="22"/>
              </lines>
            </method>
            <method name="(anonymous_53)" hits="40" signature="()V">
              <lines>
                <line number="372" hits="40"/>
              </lines>
            </method>
            <method name="(anonymous_54)" hits="840" signature="()V">
              <lines>
                <line number="377" hits="840"/>
              </lines>
            </method>
            <method name="(anonymous_55)" hits="4" signature="()V">
              <lines>
                <line number="380" hits="4"/>
              </lines>
            </method>
            <method name="(anonymous_56)" hits="3" signature="()V">
              <lines>
                <line number="393" hits="3"/>
              </lines>
            </method>
            <method name="(anonymous_57)" hits="63" signature="()V">
              <lines>
                <line number="395" hits="63"/>
              </lines>
            </method>
            <method name="(anonymous_58)" hits="63" signature="()V">
              <lines>
                <line number="396" hits="63"/>
              </lines>
            </method>
            <method name="(anonymous_59)" hits="0" signature="()V">
              <lines>
                <line number="397" hits="0"/>
              </lines>
            </method>
            <method name="(anonymous_60)" hits="3" signature="()V">
              <lines>
                <line number="405" hits="3"/>
              </lines>
            </method>
            <method name="(anonymous_61)" hits="5" signature="()V">
              <lines>
                <line number="411" hits="5"/>
              </lines>
            </method>
            <method name="(anonymous_62)" hits="105" signature="()V">
              <lines>
                <line number="413" hits="105"/>
              </lines>
            </method>
            <method name="(anonymous_63)" hits="105" signature="()V">
              <lines>
                <line number="414" hits="105"/>
              </lines>
            </method>
            <method name="(anonymous_64)" hits="0" signature="()V">
              <lines>
                <line number="415" hits="0"/>
              </lines>
            </method>
            <method name="(anonymous_65)" hits="5" signature="()V">
              <lines>
                <line number="418" hits="5"/>
              </lines>
            </method>
            <method name="(anonymous_66)" hits="0" signature="()V">
              <lines>
                <line number="425" hits="0"/>
              </lines>
            </method>
            <method name="(anonymous_67)" hits="8" signature="()V">
              <lines>
                <line number="431" hits="8"/>
              </lines>
            </method>
            <method name="(anonymous_68)" hits="168" signature="()V">
              <lines>
                <line number="433" hits="168"/>
              </lines>
            </method>
            <method name="(anonymous_69)" hits="68" signature="()V">
              <lines>
                <line number="434" hits="68"/>
              </lines>
            </method>
            <method name="(anonymous_70)" hits="63" signature="()V">
              <lines>
                <line number="446" hits="63"/>
              </lines>
            </method>
            <method name="(anonymous_71)" hits="1323" signature="()V">
              <lines>
                <line number="450" hits="1323"/>
              </lines>
            </method>
            <method name="(anonymous_72)" hits="1323" signature="()V">
              <lines>
                <line number="451" hits="1323"/>
              </lines>
            </method>
            <method name="(anonymous_73)" hits="1" signature="()V">
              <lines>
                <line number="464" hits="1"/>
              </lines>
            </method>
            <method name="(anonymous_74)" hits="21" signature="()V">
              <lines>
                <line number="467" hits="21"/>
              </lines>
            </method>
            <method name="(anonymous_75)" hits="21" signature="()V">
              <lines>
                <line number="468" hits="21"/>
              </lines>
            </method>
            <method name="(anonymous_76)" hits="17" signature="()V">
              <lines>
                <line number="476" hits="17"/>
              </lines>
            </method>
            <method name="(anonymous_77)" hits="357" signature="()V">
              <lines>
                <line number="478" hits="357"/>
              </lines>
            </method>
            <method name="(anonymous_78)" hits="357" signature="()V">
              <lines>
                <line number="479" hits="357"/>
              </lines>
            </method>
            <method name="(anonymous_79)" hits="1" signature="()V">
              <lines>
                <line number="488" hits="1"/>
              </lines>
            </method>
            <method name="(anonymous_80)" hits="1" signature="()V">
              <lines>
                <line number="490" hits="1"/>
              </lines>
            </method>
            <method name="(anonymous_81)" hits="0" signature="()V">
              <lines>
                <line number="495" hits="0"/>
              </lines>
            </method>
            <method name="(anonymous_82)" hits="1" signature="()V">
              <lines>
                <line number="501" hits="1"/>
              </lines>
            </method>
            <method name="(anonymous_83)" hits="356" signature="()V">
              <lines>
                <line number="509" hits="356"/>
              </lines>
            </method>
            <method name="(anonymous_84)" hits="1" signature="()V">
              <lines>
                <line number="517" hits="1"/>
              </lines>
            </method>
          </methods>
          <lines>
            <line number="1" hits="1" branch="true" condition-coverage="66.66666666666666% (2/3)"/>
            <line number="2" hits="1" branch="true" condition-coverage="25% (1/4)"/>
            <line number="3" hits="1" branch="true" condition-coverage="75% (3/4)"/>
            <line number="4" hits="1" branch="true" condition-coverage="37.5% (3/8)"/>
            <line number="5" hits="1" branch="true" condition-coverage="33.33333333333333% (1/3)"/>
            <line number="17" hits="1688" branch="false"/>
            <line number="19" hits="1" branch="false"/>
            <line number="21" hits="53" branch="false"/>
            <line number="22" hits="53" branch="false"/>
            <line number="23" hits="53" branch="false"/>
            <line number="24" hits="53" branch="false"/>
            <line number="25" hits="53" branch="false"/>
            <line number="26" hits="53" branch="false"/>
            <line number="27" hits="53" branch="false"/>
            <line number="28" hits="53" branch="false"/>
            <line number="29" hits="53" branch="false"/>
            <line number="30" hits="53" branch="false"/>
            <line number="31" hits="53" branch="false"/>
            <line number="32" hits="53" branch="false"/>
            <line number="33" hits="53" branch="false"/>
            <line number="34" hits="53" branch="false"/>
            <line number="35" hits="53" branch="false"/>
            <line number="36" hits="53" branch="false"/>
            <line number="37" hits="53" branch="false"/>
            <line number="38" hits="53" branch="false"/>
            <line number="39" hits="53" branch="false"/>
            <line number="40" hits="53" branch="false"/>
            <line number="41" hits="53" branch="false"/>
            <line number="42" hits="53" branch="true" condition-coverage="100% (2/2)"/>
            <line number="43" hits="40" branch="false"/>
            <line number="46" hits="1" branch="false"/>
            <line number="48" hits="177" branch="false"/>
            <line number="53" hits="1" branch="false"/>
            <line number="55" hits="3060" branch="true" condition-coverage="50% (1/2)"/>
            <line number="56" hits="176" branch="true" condition-coverage="100% (4/4)"/>
            <line number="61" hits="1" branch="false"/>
            <line number="63" hits="532" branch="true" condition-coverage="100% (3/3)"/>
            <line number="68" hits="1" branch="false"/>
            <line number="70" hits="178" branch="true" condition-coverage="75% (3/4)"/>
            <line number="75" hits="1" branch="false"/>
            <line number="76" hits="0" branch="true" condition-coverage="0% (0/3)"/>
            <line number="77" hits="0" branch="true" condition-coverage="0% (0/5)"/>
            <line number="78" hits="0" branch="false"/>
            <line number="79" hits="0" branch="false"/>
            <line number="82" hits="1" branch="false"/>
            <line number="83" hits="0" branch="true" condition-coverage="0% (0/4)"/>
            <line number="84" hits="0" branch="false"/>
            <line number="85" hits="0" branch="false"/>
            <line number="87" hits="0" branch="true" condition-coverage="0% (0/5)"/>
            <line number="88" hits="0" branch="false"/>
            <line number="91" hits="1" branch="false"/>
            <line number="92" hits="40" branch="false"/>
            <line number="93" hits="40" branch="false"/>
            <line number="94" hits="40" branch="false"/>
            <line number="95" hits="840" branch="false"/>
            <line number="96" hits="777" branch="false"/>
            <line number="99" hits="40" branch="false"/>
            <line number="100" hits="840" branch="false"/>
            <line number="102" hits="40" branch="false"/>
            <line number="105" hits="0" branch="false"/>
            <line number="106" hits="0" branch="false"/>
            <line number="107" hits="0" branch="false"/>
            <line number="111" hits="1" branch="false"/>
            <line number="112" hits="40" branch="false"/>
            <line number="113" hits="40" branch="true" condition-coverage="50% (1/2)"/>
            <line number="114" hits="40" branch="false"/>
            <line number="115" hits="37" branch="false"/>
            <line number="119" hits="0" branch="false"/>
            <line number="120" hits="0" branch="false"/>
            <line number="123" hits="40" branch="true" condition-coverage="50% (1/2)"/>
            <line number="124" hits="0" branch="false"/>
            <line number="125" hits="0" branch="true" condition-coverage="0% (0/2)"/>
            <line number="126" hits="0" branch="false"/>
            <line number="130" hits="40" branch="false"/>
            <line number="133" hits="1" branch="false"/>
            <line number="134" hits="40" branch="false"/>
            <line number="135" hits="40" branch="false"/>
            <line number="136" hits="40" branch="false"/>
            <line number="137" hits="40" branch="false"/>
            <line number="139" hits="1" branch="false"/>
            <line number="141" hits="3" branch="false"/>
            <line number="142" hits="3" branch="true" condition-coverage="50% (1/2)"/>
            <line number="143" hits="0" branch="false"/>
            <line number="145" hits="3" branch="true" condition-coverage="50% (1/2)"/>
            <line number="146" hits="0" branch="false"/>
            <line number="149" hits="3" branch="true" condition-coverage="50% (1/2)"/>
            <line number="150" hits="3" branch="false"/>
            <line number="151" hits="3" branch="false"/>
            <line number="154" hits="1" branch="false"/>
            <line number="155" hits="51" branch="false"/>
            <line number="156" hits="51" branch="false"/>
            <line number="157" hits="51" branch="true" condition-coverage="100% (2/2)"/>
            <line number="158" hits="40" branch="false"/>
            <line number="160" hits="11" branch="false"/>
            <line number="162" hits="1" branch="false"/>
            <line number="163" hits="80" branch="false"/>
            <line number="164" hits="80" branch="false"/>
            <line number="165" hits="41" branch="false"/>
            <line number="166" hits="41" branch="false"/>
            <line number="167" hits="41" branch="false"/>
            <line number="170" hits="1" branch="false"/>
            <line number="171" hits="80" branch="false"/>
            <line number="173" hits="1" branch="false"/>
            <line number="174" hits="0" branch="false"/>
            <line number="175" hits="0" branch="false"/>
            <line number="177" hits="1" branch="false"/>
            <line number="178" hits="1" branch="false"/>
            <line number="179" hits="4" branch="true" condition-coverage="100% (4/4)"/>
            <line number="180" hits="2" branch="false"/>
            <line number="182" hits="2" branch="true" condition-coverage="50% (1/2)"/>
            <line number="183" hits="2" branch="false"/>
            <line number="184" hits="2" branch="false"/>
            <line number="185" hits="42" branch="false"/>
            <line number="186" hits="2" branch="true" condition-coverage="50% (1/2)"/>
            <line number="187" hits="0" branch="false"/>
            <line number="190" hits="2" branch="true" condition-coverage="50% (1/2)"/>
            <line number="191" hits="2" branch="false"/>
            <line number="194" hits="2" branch="false"/>
            <line number="197" hits="1" branch="false"/>
            <line number="198" hits="25" branch="false"/>
            <line number="199" hits="25" branch="true" condition-coverage="100% (2/2)"/>
            <line number="200" hits="16" branch="true" condition-coverage="50% (1/2)"/>
            <line number="201" hits="16" branch="false"/>
            <line number="202" hits="336" branch="false"/>
            <line number="207" hits="9" branch="false"/>
            <line number="208" hits="189" branch="false"/>
            <line number="212" hits="25" branch="true" condition-coverage="50% (1/2)"/>
            <line number="213" hits="0" branch="false"/>
            <line number="216" hits="1" branch="false"/>
            <line number="217" hits="42" branch="true" condition-coverage="100% (2/2)"/>
            <line number="218" hits="2" branch="true" condition-coverage="50% (1/2)"/>
            <line number="219" hits="0" branch="false"/>
            <line number="220" hits="0" branch="false"/>
            <line number="221" hits="0" branch="false"/>
            <line number="222" hits="0" branch="false"/>
            <line number="225" hits="1" branch="false"/>
            <line number="226" hits="0" branch="false"/>
            <line number="227" hits="0" branch="false"/>
            <line number="229" hits="1" branch="false"/>
            <line number="230" hits="23" branch="true" condition-coverage="100% (2/2)"/>
            <line number="231" hits="2" branch="false"/>
            <line number="232" hits="2" branch="false"/>
            <line number="234" hits="21" branch="false"/>
            <line number="235" hits="21" branch="false"/>
            <line number="237" hits="1" branch="false"/>
            <line number="238" hits="0" branch="false"/>
            <line number="239" hits="0" branch="false"/>
            <line number="240" hits="0" branch="true" condition-coverage="0% (0/4)"/>
            <line number="241" hits="0" branch="false"/>
            <line number="243" hits="0" branch="true" condition-coverage="0% (0/4)"/>
            <line number="244" hits="0" branch="false"/>
            <line number="246" hits="0" branch="true" condition-coverage="0% (0/4)"/>
            <line number="247" hits="0" branch="false"/>
            <line number="249" hits="0" branch="false"/>
            <line number="250" hits="0" branch="true" condition-coverage="0% (0/2)"/>
            <line number="251" hits="0" branch="false"/>
            <line number="252" hits="0" branch="true" condition-coverage="0% (0/2)"/>
            <line number="253" hits="0" branch="false"/>
            <line number="256" hits="0" branch="false"/>
            <line number="258" hits="0" branch="false"/>
            <line number="261" hits="0" branch="false"/>
            <line number="262" hits="0" branch="false"/>
            <line number="263" hits="0" branch="false"/>
            <line number="266" hits="1" branch="false"/>
            <line number="267" hits="30" branch="false"/>
            <line number="268" hits="30" branch="true" condition-coverage="80% (4/5)"/>
            <line number="269" hits="2" branch="false"/>
            <line number="271" hits="28" branch="true" condition-coverage="100% (2/2)"/>
            <line number="272" hits="10" branch="true" condition-coverage="100% (2/2)"/>
            <line number="273" hits="88" branch="false"/>
            <line number="274" hits="8" branch="true" condition-coverage="100% (2/2)"/>
            <line number="275" hits="4" branch="false"/>
            <line number="278" hits="4" branch="false"/>
            <line number="280" hits="8" branch="false"/>
            <line number="283" hits="2" branch="false"/>
            <line number="284" hits="2" branch="false"/>
            <line number="285" hits="2" branch="false"/>
            <line number="289" hits="18" branch="true" condition-coverage="100% (4/4)"/>
            <line number="290" hits="5" branch="true" condition-coverage="100% (2/2)"/>
            <line number="291" hits="3" branch="false"/>
            <line number="292" hits="3" branch="false"/>
            <line number="293" hits="3" branch="false"/>
            <line number="296" hits="2" branch="false"/>
            <line number="297" hits="2" branch="false"/>
            <line number="300" hits="13" branch="true" condition-coverage="100% (5/5)"/>
            <line number="301" hits="3" branch="false"/>
            <line number="303" hits="10" branch="true" condition-coverage="100% (5/5)"/>
            <line number="304" hits="3" branch="false"/>
            <line number="306" hits="7" branch="true" condition-coverage="100% (4/4)"/>
            <line number="307" hits="3" branch="false"/>
            <line number="308" hits="3" branch="false"/>
            <line number="309" hits="63" branch="false"/>
            <line number="310" hits="3" branch="true" condition-coverage="50% (1/2)"/>
            <line number="311" hits="3" branch="false"/>
            <line number="315" hits="4" branch="true" condition-coverage="100% (4/4)"/>
            <line number="316" hits="3" branch="false"/>
            <line number="317" hits="63" branch="false"/>
            <line number="318" hits="3" branch="true" condition-coverage="50% (1/2)"/>
            <line number="319" hits="3" branch="false"/>
            <line number="322" hits="1" branch="true" condition-coverage="50% (1/2)"/>
            <line number="323" hits="0" branch="false"/>
            <line number="324" hits="0" branch="false"/>
            <line number="325" hits="0" branch="true" condition-coverage="0% (0/2)"/>
            <line number="326" hits="0" branch="false"/>
            <line number="329" hits="0" branch="false"/>
            <line number="330" hits="0" branch="false"/>
            <line number="334" hits="1" branch="true" condition-coverage="80% (4/5)"/>
            <line number="335" hits="1" branch="false"/>
            <line number="336" hits="1" branch="false"/>
            <line number="337" hits="1" branch="false"/>
            <line number="338" hits="21" branch="false"/>
            <line number="339" hits="1" branch="true" condition-coverage="50% (1/2)"/>
            <line number="340" hits="1" branch="false"/>
            <line number="343" hits="0" branch="false"/>
            <line number="348" hits="1" branch="false"/>
            <line number="349" hits="0" branch="false"/>
            <line number="351" hits="1" branch="false"/>
            <line number="352" hits="294" branch="false"/>
            <line number="353" hits="14" branch="true" condition-coverage="50% (1/2)"/>
            <line number="354" hits="14" branch="false"/>
            <line number="355" hits="14" branch="false"/>
            <line number="358" hits="1" branch="false"/>
            <line number="359" hits="22" branch="true" condition-coverage="100% (2/2)"/>
            <line number="360" hits="22" branch="false"/>
            <line number="361" hits="22" branch="true" condition-coverage="50% (1/2)"/>
            <line number="362" hits="22" branch="false"/>
            <line number="364" hits="22" branch="true" condition-coverage="100% (2/2)"/>
            <line number="365" hits="20" branch="false"/>
            <line number="367" hits="22" branch="true" condition-coverage="50% (1/2)"/>
            <line number="368" hits="22" branch="false"/>
            <line number="370" hits="22" branch="false"/>
            <line number="372" hits="1" branch="false"/>
            <line number="373" hits="40" branch="false"/>
            <line number="374" hits="40" branch="false"/>
            <line number="375" hits="40" branch="false"/>
[...]
            <line number="25" hits="0" branch="true" condition-coverage="0% (0/5)"/>
            <line number="26" hits="0" branch="true" condition-coverage="0% (0/2)"/>
            <line number="28" hits="0" branch="true" condition-coverage="0% (0/2)"/>
            <line number="29" hits="0" branch="false"/>
            <line number="32" hits="0" branch="false"/>
            <line number="37" hits="0" branch="false"/>
            <line number="40" hits="1" branch="false"/>
            <line number="45" hits="1" branch="false"/>
          </lines>
        </class>
        <class name="filterPipe.ts" filename="projects\komponentkartan\src\lib\pipes\filterPipe.ts" line-rate="1" branch-rate="0.6578">
          <methods>
            <method name="(anonymous_0)" hits="1" signature="()V">
              <lines>
                <line number="1" hits="1"/>
              </lines>
            </method>
            <method name="(anonymous_1)" hits="1" signature="()V">
              <lines>
                <line number="8" hits="1"/>
              </lines>
            </method>
            <method name="FilterPipe" hits="1" signature="()V">
              <lines>
                <line number="9" hits="1"/>
              </lines>
            </method>
            <method name="(anonymous_3)" hits="11" signature="()V">
              <lines>
                <line number="11" hits="11"/>
              </lines>
            </method>
            <method name="(anonymous_4)" hits="40" signature="()V">
              <lines>
                <line number="19" hits="40"/>
              </lines>
            </method>
            <method name="(anonymous_5)" hits="17" signature="()V">
              <lines>
                <line number="21" hits="17"/>
              </lines>
            </method>
          </methods>
          <lines>
            <line number="1" hits="1" branch="true" condition-coverage="66.66666666666666% (2/3)"/>
            <line number="2" hits="1" branch="true" condition-coverage="25% (1/4)"/>
            <line number="3" hits="1" branch="true" condition-coverage="75% (3/4)"/>
            <line number="4" hits="1" branch="true" condition-coverage="37.5% (3/8)"/>
            <line number="5" hits="1" branch="true" condition-coverage="33.33333333333333% (1/3)"/>
            <line number="8" hits="1" branch="false"/>
            <line number="11" hits="1" branch="false"/>
            <line number="12" hits="11" branch="true" condition-coverage="100% (2/2)"/>
            <line number="13" hits="2" branch="false"/>
            <line number="15" hits="9" branch="false"/>
            <line number="16" hits="9" branch="false"/>
            <line number="17" hits="9" branch="false"/>
            <line number="18" hits="23" branch="false"/>
            <line number="19" hits="23" branch="false"/>
            <line number="20" hits="40" branch="true" condition-coverage="50% (1/2)"/>
            <line number="21" hits="40" branch="true" condition-coverage="100% (5/5)"/>
            <line number="22" hits="38" branch="false"/>
            <line number="23" hits="38" branch="true" condition-coverage="100% (5/5)"/>
            <line number="25" hits="13" branch="false"/>
            <line number="26" hits="13" branch="false"/>
            <line number="31" hits="23" branch="false"/>
            <line number="32" hits="40" branch="false"/>
            <line number="33" hits="40" branch="true" condition-coverage="100% (2/2)"/>
            <line number="34" hits="13" branch="false"/>
            <line number="37" hits="9" branch="false"/>
            <line number="39" hits="1" branch="false"/>
            <line number="44" hits="1" branch="false"/>
          </lines>
        </class>
        <class name="safePipe.ts" filename="projects\komponentkartan\src\lib\pipes\safePipe.ts" line-rate="0.8332999999999999" branch-rate="0.4545">
          <methods>
            <method name="(anonymous_0)" hits="1" signature="()V">
              <lines>
                <line number="1" hits="1"/>
              </lines>
            </method>
            <method name="(anonymous_1)" hits="1" signature="()V">
              <lines>
                <line number="9" hits="1"/>
              </lines>
            </method>
            <method name="SafePipe" hits="0" signature="()V">
              <lines>
                <line number="10" hits="0"/>
              </lines>
            </method>
            <method name="(anonymous_3)" hits="0" signature="()V">
              <lines>
                <line number="13" hits="0"/>
              </lines>
            </method>
            <method name="(anonymous_4)" hits="0" signature="()V">
              <lines>
                <line number="16" hits="0"/>
              </lines>
            </method>
          </methods>
          <lines>
            <line number="1" hits="1" branch="true" condition-coverage="66.66666666666666% (2/3)"/>
            <line number="2" hits="1" branch="true" condition-coverage="25% (1/4)"/>
            <line number="3" hits="1" branch="true" condition-coverage="75% (3/4)"/>
            <line number="4" hits="1" branch="true" condition-coverage="37.5% (3/8)"/>
            <line number="5" hits="1" branch="true" condition-coverage="33.33333333333333% (1/3)"/>
            <line number="9" hits="1" branch="false"/>
            <line number="11" hits="0" branch="false"/>
            <line number="13" hits="1" branch="false"/>
            <line number="14" hits="0" branch="false"/>
            <line number="16" hits="1" branch="false"/>
            <line number="19" hits="1" branch="false"/>
            <line number="22" hits="1" branch="false"/>
          </lines>
        </class>
        <class name="truncatePipe.ts" filename="projects\komponentkartan\src\lib\pipes\truncatePipe.ts" line-rate="0.9523" branch-rate="0.5666">
          <methods>
            <method name="(anonymous_0)" hits="1" signature="()V">
              <lines>
                <line number="1" hits="1"/>
              </lines>
            </method>
            <method name="(anonymous_1)" hits="1" signature="()V">
              <lines>
                <line number="8" hits="1"/>
              </lines>
            </method>
            <method name="TruncatePipe" hits="87" signature="()V">
              <lines>
                <line number="9" hits="87"/>
              </lines>
            </method>
            <method name="(anonymous_3)" hits="93" signature="()V">
              <lines>
                <line number="11" hits="93"/>
              </lines>
            </method>
          </methods>
          <lines>
            <line number="1" hits="1" branch="true" condition-coverage="66.66666666666666% (2/3)"/>
            <line number="2" hits="1" branch="true" condition-coverage="25% (1/4)"/>
            <line number="3" hits="1" branch="true" condition-coverage="75% (3/4)"/>
            <line number="4" hits="1" branch="true" condition-coverage="37.5% (3/8)"/>
            <line number="5" hits="1" branch="true" condition-coverage="33.33333333333333% (1/3)"/>
            <line number="8" hits="1" branch="false"/>
            <line number="11" hits="1" branch="false"/>
            <line number="12" hits="93" branch="false"/>
            <line number="13" hits="93" branch="true" condition-coverage="100% (2/2)"/>
            <line number="14" hits="87" branch="false"/>
            <line number="16" hits="6" branch="true" condition-coverage="100% (2/2)"/>
            <line number="17" hits="1" branch="false"/>
            <line number="19" hits="5" branch="false"/>
            <line number="20" hits="5" branch="true" condition-coverage="50% (1/2)"/>
            <line number="21" hits="0" branch="false"/>
            <line number="23" hits="5" branch="true" condition-coverage="100% (2/2)"/>
            <line number="24" hits="2" branch="false"/>
            <line number="26" hits="3" branch="false"/>
            <line number="27" hits="3" branch="false"/>
            <line number="29" hits="1" branch="false"/>
            <line number="32" hits="1" branch="false"/>
          </lines>
        </class>
      </classes>
    </package>
    <package name="src.lib.services" line-rate="0.7885" branch-rate="0.4286">
      <classes>
        <class name="browserDetector.ts" filename="projects\komponentkartan\src\lib\services\browserDetector.ts" line-rate="0.5555" branch-rate="0.3846">
          <methods>
            <method name="(anonymous_0)" hits="1" signature="()V">
              <lines>
                <line number="1" hits="1"/>
              </lines>
            </method>
            <method name="(anonymous_1)" hits="1" signature="()V">
              <lines>
                <line number="8" hits="1"/>
              </lines>
            </method>
            <method name="BrowserDetector" hits="0" signature="()V">
              <lines>
                <line number="9" hits="0"/>
              </lines>
            </method>
            <method name="(anonymous_3)" hits="0" signature="()V">
              <lines>
                <line number="11" hits="0"/>
              </lines>
            </method>
            <method name="(anonymous_4)" hits="0" signature="()V">
              <lines>
                <line number="24" hits="0"/>
              </lines>
            </method>
          </methods>
          <lines>
            <line number="1" hits="1" branch="true" condition-coverage="66.66666666666666% (2/3)"/>
            <line number="2" hits="1" branch="true" condition-coverage="25% (1/4)"/>
            <line number="3" hits="1" branch="true" condition-coverage="75% (3/4)"/>
            <line number="4" hits="1" branch="true" condition-coverage="37.5% (3/8)"/>
            <line number="5" hits="1" branch="true" condition-coverage="33.33333333333333% (1/3)"/>
            <line number="8" hits="1" branch="false"/>
            <line number="11" hits="1" branch="false"/>
            <line number="12" hits="0" branch="false"/>
            <line number="13" hits="0" branch="false"/>
            <line number="14" hits="0" branch="true" condition-coverage="0% (0/2)"/>
            <line number="15" hits="0" branch="false"/>
            <line number="17" hits="0" branch="false"/>
            <line number="18" hits="0" branch="true" condition-coverage="0% (0/2)"/>
            <line number="19" hits="0" branch="false"/>
            <line number="22" hits="0" branch="false"/>
            <line number="24" hits="1" branch="false"/>
            <line number="25" hits="1" branch="false"/>
            <line number="28" hits="1" branch="false"/>
          </lines>
        </class>
        <class name="modalService.ts" filename="projects\komponentkartan\src\lib\services\modalService.ts" line-rate="0.85" branch-rate="0.4545">
          <methods>
            <method name="(anonymous_0)" hits="1" signature="()V">
              <lines>
                <line number="1" hits="1"/>
              </lines>
            </method>
            <method name="(anonymous_1)" hits="1" signature="()V">
              <lines>
                <line number="9" hits="1"/>
              </lines>
            </method>
            <method name="ModalService" hits="2" signature="()V">
              <lines>
                <line number="10" hits="2"/>
              </lines>
            </method>
            <method name="(anonymous_3)" hits="0" signature="()V">
              <lines>
                <line number="20" hits="0"/>
              </lines>
            </method>
            <method name="(anonymous_4)" hits="0" signature="()V">
              <lines>
                <line number="23" hits="0"/>
              </lines>
            </method>
            <method name="(anonymous_5)" hits="0" signature="()V">
              <lines>
                <line number="26" hits="0"/>
              </lines>
            </method>
          </methods>
          <lines>
            <line number="1" hits="1" branch="true" condition-coverage="66.66666666666666% (2/3)"/>
            <line number="2" hits="1" branch="true" condition-coverage="25% (1/4)"/>
            <line number="3" hits="1" branch="true" condition-coverage="75% (3/4)"/>
            <line number="4" hits="1" branch="true" condition-coverage="37.5% (3/8)"/>
            <line number="5" hits="1" branch="true" condition-coverage="33.33333333333333% (1/3)"/>
            <line number="9" hits="1" branch="false"/>
            <line number="12" hits="2" branch="false"/>
            <line number="13" hits="2" branch="false"/>
            <line number="14" hits="2" branch="false"/>
            <line number="16" hits="2" branch="false"/>
            <line number="17" hits="2" branch="false"/>
            <line number="18" hits="2" branch="false"/>
            <line number="20" hits="1" branch="false"/>
            <line number="21" hits="0" branch="false"/>
            <line number="23" hits="1" branch="false"/>
            <line number="24" hits="0" branch="false"/>
            <line number="26" hits="1" branch="false"/>
            <line number="27" hits="0" branch="false"/>
            <line number="29" hits="1" branch="false"/>
            <line number="32" hits="1" branch="false"/>
          </lines>
        </class>
        <class name="page-header-height.service.ts" filename="projects\komponentkartan\src\lib\services\page-header-height.service.ts" line-rate="1" branch-rate="0.4545">
          <methods>
            <method name="(anonymous_0)" hits="1" signature="()V">
              <lines>
                <line number="1" hits="1"/>
              </lines>
            </method>
            <method name="(anonymous_1)" hits="1" signature="()V">
              <lines>
                <line number="9" hits="1"/>
              </lines>
            </method>
            <method name="PageHeaderHeightService" hits="25" signature="()V">
              <lines>
                <line number="10" hits="25"/>
              </lines>
            </method>
            <method name="(anonymous_3)" hits="6" signature="()V">
              <lines>
                <line number="15" hits="6"/>
              </lines>
            </method>
          </methods>
          <lines>
            <line number="1" hits="1" branch="true" condition-coverage="66.66666666666666% (2/3)"/>
            <line number="2" hits="1" branch="true" condition-coverage="25% (1/4)"/>
            <line number="3" hits="1" branch="true" condition-coverage="75% (3/4)"/>
            <line number="4" hits="1" branch="true" condition-coverage="37.5% (3/8)"/>
            <line number="5" hits="1" branch="true" condition-coverage="33.33333333333333% (1/3)"/>
            <line number="9" hits="1" branch="false"/>
            <line number="11" hits="25" branch="false"/>
            <line number="12" hits="25" branch="false"/>
            <line number="13" hits="25" branch="false"/>
            <line number="15" hits="1" branch="false"/>
            <line number="16" hits="6" branch="false"/>
            <line number="17" hits="6" branch="false"/>
            <line number="19" hits="1" branch="false"/>
            <line number="24" hits="1" branch="false"/>
          </lines>
        </class>
      </classes>
    </package>
    <package name="src.lib.utils" line-rate="0.8332999999999999" branch-rate="0.5882000000000001">
      <classes>
        <class name="guid.ts" filename="projects\komponentkartan\src\lib\utils\guid.ts" line-rate="1" branch-rate="1">
          <methods>
            <method name="(anonymous_0)" hits="1" signature="()V">
              <lines>
                <line number="1" hits="1"/>
              </lines>
            </method>
            <method name="Guid" hits="0" signature="()V">
              <lines>
                <line number="2" hits="0"/>
              </lines>
            </method>
            <method name="(anonymous_2)" hits="400" signature="()V">
              <lines>
                <line number="4" hits="400"/>
              </lines>
            </method>
            <method name="(anonymous_3)" hits="12400" signature="()V">
              <lines>
                <line number="5" hits="12400"/>
              </lines>
            </method>
          </methods>
          <lines>
            <line number="1" hits="1" branch="false"/>
            <line number="4" hits="1" branch="false"/>
            <line number="5" hits="400" branch="false"/>
            <line number="7" hits="12400" branch="true" condition-coverage="100% (4/4)"/>
            <line number="8" hits="12400" branch="false"/>
            <line number="10" hits="400" branch="false"/>
            <line number="12" hits="1" branch="false"/>
          </lines>
        </class>
        <class name="map-to-class-string.ts" filename="projects\komponentkartan\src\lib\utils\map-to-class-string.ts" line-rate="0.7931" branch-rate="0.5531">
          <methods>
            <method name="(anonymous_0)" hits="238" signature="()V">
              <lines>
                <line number="1" hits="238"/>
              </lines>
            </method>
            <method name="(anonymous_1)" hits="0" signature="()V">
              <lines>
                <line number="5" hits="0"/>
              </lines>
            </method>
            <method name="(anonymous_2)" hits="1190" signature="()V">
              <lines>
                <line number="12" hits="1190"/>
              </lines>
            </method>
            <method name="mapToClassString" hits="238" signature="()V">
              <lines>
                <line number="28" hits="238"/>
              </lines>
            </method>
          </methods>
          <lines>
            <line number="1" hits="1" branch="true" condition-coverage="66.66666666666666% (2/3)"/>
            <line number="2" hits="238" branch="true" condition-coverage="100% (4/4)"/>
            <line number="3" hits="238" branch="true" condition-coverage="50% (1/2)"/>
            <line number="4" hits="0" branch="true" condition-coverage="0% (0/4)"/>
            <line number="6" hits="0" branch="true" condition-coverage="0% (0/4)"/>
            <line number="7" hits="0" branch="true" condition-coverage="0% (0/2)"/>
            <line number="10" hits="0" branch="true" condition-coverage="0% (0/2)"/>
            <line number="12" hits="1" branch="true" condition-coverage="66.66666666666666% (2/3)"/>
            <line number="13" hits="1190" branch="true" condition-coverage="100% (2/2)"/>
            <line number="14" hits="1190" branch="true" condition-coverage="50% (1/2)"/>
            <line number="15" hits="1190" branch="false"/>
            <line number="16" hits="1190" branch="false"/>
            <line number="17" hits="2380" branch="true" condition-coverage="100% (3/3)"/>
            <line number="19" hits="0" branch="false"/>
            <line number="21" hits="1190" branch="false"/>
            <line number="22" hits="1190" branch="true" condition-coverage="80% (4/5)"/>
            <line number="24" hits="1190" branch="true" condition-coverage="50% (1/2)"/>
            <line number="26" hits="1190" branch="false"/>
            <line number="30" hits="238" branch="false"/>
            <line number="31" hits="238" branch="false"/>
            <line number="32" hits="238" branch="false"/>
            <line number="33" hits="1190" branch="false"/>
            <line number="34" hits="1190" branch="true" condition-coverage="100% (2/2)"/>
            <line number="35" hits="214" branch="false"/>
            <line number="39" hits="0" branch="false"/>
            <line number="41" hits="238" branch="false"/>
            <line number="42" hits="238" branch="true" condition-coverage="60% (3/5)"/>
            <line number="44" hits="238" branch="true" condition-coverage="50% (1/2)"/>
            <line number="46" hits="238" branch="false"/>
          </lines>
        </class>
      </classes>
    </package>
  </packages>
</coverage>
