<?xml version="1.0"?>
<testsuite name="Chrome Headless 126.0.6478.127 (Windows 10)" package="karma-test-result" timestamp="2024-07-04T06:59:46" id="0" hostname="W409412" tests="784" errors="0" failures="0" time="2.717">
  <properties>
    <property name="browser.fullName" value="Mozilla/5.0 (Windows NT 10.0; Win64; x64) AppleWebKit/537.36 (KHTML, like Gecko) HeadlessChrome/126.0.6478.127 Safari/537.36"/>
  </properties>
  <testcase name="[IconComponent] Instatiate spin is correct" time="0.002" classname=".[IconComponent] Instatiate"/>
  <testcase name="[IconComponent] Instatiate fixedWidth is correct" time="0" classname=".[IconComponent] Instatiate"/>
  <testcase name="[IconComponent] Instatiate size is correct" time="0" classname=".[IconComponent] Instatiate"/>
  <testcase name="[IconComponent] Instatiate color is correct" time="0.001" classname=".[IconComponent] Instatiate"/>
  <testcase name="[IconComponent] Instatiate ariaLabel is correct" time="0" classname=".[IconComponent] Instatiate"/>
  <testcase name="[IconComponent] Instatiate solid is correct" time="0" classname=".[IconComponent] Instatiate"/>
  <testcase name="[IconComponent] Instatiate pulse is correct" time="0" classname=".[IconComponent] Instatiate"/>
  <testcase name="[IconComponent] Instatiate border is correct" time="0" classname=".[IconComponent] Instatiate"/>
  <testcase name="[IconComponent] Instatiate disabled is correct" time="0" classname=".[IconComponent] Instatiate"/>
  <testcase name="[ToggleButtonComponent - Angular] When disabled is false click bubbles" time="0.047" classname=".[ToggleButtonComponent - Angular] When disabled is false"/>
  <testcase name="[ToggleButtonComponent - Angular] When disabled is false button is displayed as enabled" time="0.003" classname=".[ToggleButtonComponent - Angular] When disabled is false"/>
  <testcase name="[ToggleButtonComponent - Angular] When pressed is true button is dispalyed as primary" time="0.002" classname=".[ToggleButtonComponent - Angular] When pressed is true"/>
  <testcase name="[ToggleButtonComponent - Angular] When disabled is true button is displayed as disabled" time="0.002" classname=".[ToggleButtonComponent - Angular] When disabled is true"/>
  <testcase name="[ToggleButtonComponent - Angular] When disabled is true click does not bubble" time="0.003" classname=".[ToggleButtonComponent - Angular] When disabled is true"/>
  <testcase name="[ToggleButtonComponent - Angular] When pressed is false button is dispalyed as secondary" time="0.002" classname=".[ToggleButtonComponent - Angular] When pressed is false"/>
  <testcase name="FilterPipe When filtering on all string properties of an object When filter is empty string all objects are returned" time="0.001" classname=".FilterPipe When filtering on all string properties of an object When filter is empty string"/>
  <testcase name="FilterPipe When filtering on all string properties of an object When filter is undefined all objects are returned" time="0" classname=".FilterPipe When filtering on all string properties of an object When filter is undefined"/>
  <testcase name="FilterPipe When filtering on all string properties of an object When object has two properties and filter matches one property matching objects are returned" time="0.001" classname=".FilterPipe When filtering on all string properties of an object When object has two properties and filter matches one property"/>
  <testcase name="FilterPipe When filtering on all string properties of an object When object has two properties and filter matches two properties matching objects are returned" time="0" classname=".FilterPipe When filtering on all string properties of an object When object has two properties and filter matches two properties"/>
  <testcase name="FilterPipe When filtering on all string properties of an object When filter mathches nothing no objects are returned" time="0" classname=".FilterPipe When filtering on all string properties of an object When filter mathches nothing"/>
  <testcase name="FilterPipe When filtering on all string properties of an object When object has properties of non-string types and filter matches one property matching objects are returned" time="0" classname=".FilterPipe When filtering on all string properties of an object When object has properties of non-string types and filter matches one property"/>
  <testcase name="FilterPipe When filtering on all string properties of an object When object has one property and filter matches property in different casing matching objects are returned" time="0.001" classname=".FilterPipe When filtering on all string properties of an object When object has one property and filter matches property in different casing"/>
  <testcase name="FilterPipe When filtering on all string properties of an object When object has one property and filter matches property matching objects are returned" time="0" classname=".FilterPipe When filtering on all string properties of an object When object has one property and filter matches property"/>
  <testcase name="FilterPipe When filtered properties are explicitly selected and an object has an undefined property value and the filter does not match any other property It is not matched by the filter" time="0" classname=".FilterPipe When filtered properties are explicitly selected and an object has an undefined property value and the filter does not match any other property"/>
  <testcase name="FilterPipe When filtered properties are explicitly selected and an object has an undefined property value and the filter matches a defined property the object is returned" time="0.001" classname=".FilterPipe When filtered properties are explicitly selected and an object has an undefined property value and the filter matches a defined property"/>
  <testcase name="FilterPipe When filtered properties are explicitly selected filter is only applied to the supplied properties" time="0" classname=".FilterPipe When filtered properties are explicitly selected"/>
  <testcase name="GridHeaderColumnComponent should create" time="0.015" classname=".GridHeaderColumnComponent"/>
  <testcase name="[MenuComponent] When component is initialized with two menuitems with a menu title longer than 9 characters title should be Menyrubrik" time="0.04" classname=".[MenuComponent] When component is initialized with two menuitems with a menu title longer than 9 characters"/>
  <testcase name="[MenuComponent] When component is initialized with two menuitems with a menu title longer than 9 characters title should have class for smaller font" time="0.007" classname=".[MenuComponent] When component is initialized with two menuitems with a menu title longer than 9 characters"/>
  <testcase name="[MenuComponent] When component is initialized with two menuitems with a menu title longer than 9 characters title should have smaller font" time="0.006" classname=".[MenuComponent] When component is initialized with two menuitems with a menu title longer than 9 characters"/>
  <testcase name="[MenuComponent] When component is initialized with two menuitems When component is initialized with a title of length 6 title should have class for smaller font" time="0.007" classname=".[MenuComponent] When component is initialized with two menuitems When component is initialized with a title of length 6"/>
  <testcase name="[MenuComponent] When component is initialized with two menuitems When component is initialized with a title of length 6 title should have smaller font" time="0.005" classname=".[MenuComponent] When component is initialized with two menuitems When component is initialized with a title of length 6"/>
  <testcase name="[MenuComponent] When component is initialized with two menuitems When component is initialized with a title of length 6 title should be Rubrik" time="0.005" classname=".[MenuComponent] When component is initialized with two menuitems When component is initialized with a title of length 6"/>
  <testcase name="[MenuComponent] When component is initialized with two menuitems should contain two menuitems " time="0.006" classname=".[MenuComponent] When component is initialized with two menuitems"/>
  <testcase name="[MenuComponent] WCAG Tests When menu is initialized with two menuitems When an inactive menuitem has focus in an opened submenu  submenu is expanded" time="0.009" classname=".[MenuComponent] WCAG Tests When menu is initialized with two menuitems When an inactive menuitem has focus in an opened submenu "/>
  <testcase name="[MenuComponent] WCAG Tests When menu is initialized with two menuitems When an inactive menuitem has focus in an opened submenu  disabled menuitem is focused" time="0.008" classname=".[MenuComponent] WCAG Tests When menu is initialized with two menuitems When an inactive menuitem has focus in an opened submenu "/>
  <testcase name="[MenuComponent] WCAG Tests When menu is initialized with two menuitems When an inactive menuitem has focus in an opened submenu  and enter is pressed item has disabled set to true" time="0.007" classname=".[MenuComponent] WCAG Tests When menu is initialized with two menuitems When an inactive menuitem has focus in an opened submenu  and enter is pressed"/>
  <testcase name="[MenuComponent] WCAG Tests When menu is initialized with two menuitems When an inactive menuitem has focus in an opened submenu  and enter is pressed submenu is still expanded" time="0.005" classname=".[MenuComponent] WCAG Tests When menu is initialized with two menuitems When an inactive menuitem has focus in an opened submenu  and enter is pressed"/>
  <testcase name="[MenuComponent] WCAG Tests When menu is initialized with two menuitems When an inactive menuitem has focus in an opened submenu  and enter is pressed last submenuitem has focus" time="0.006" classname=".[MenuComponent] WCAG Tests When menu is initialized with two menuitems When an inactive menuitem has focus in an opened submenu  and enter is pressed"/>
  <testcase name="[MenuComponent] WCAG Tests When menu is initialized with two menuitems should have the role menu" time="0.003" classname=".[MenuComponent] WCAG Tests When menu is initialized with two menuitems"/>
  <testcase name="[MenuComponent] WCAG Tests When menu is initialized with two menuitems first menuitem is Start " time="0.004" classname=".[MenuComponent] WCAG Tests When menu is initialized with two menuitems"/>
  <testcase name="[MenuComponent] WCAG Tests When menu is initialized with two menuitems second menuitem is Komponenter " time="0.003" classname=".[MenuComponent] WCAG Tests When menu is initialized with two menuitems"/>
  <testcase name="[MenuComponent] WCAG Tests When menu is initialized with two menuitems and first menuitem (Start) has focus first menuitem has focus" time="0.005" classname=".[MenuComponent] WCAG Tests When menu is initialized with two menuitems and first menuitem (Start) has focus"/>
  <testcase name="[MenuComponent] WCAG Tests When menu is initialized with two menuitems and first menuitem (Start) has focus enter is pressed router is activated" time="0.006" classname=".[MenuComponent] WCAG Tests When menu is initialized with two menuitems and first menuitem (Start) has focus enter is pressed"/>
  <testcase name="[MenuComponent] WCAG Tests When menu is initialized with two menuitems and first menuitem (Start) has focus Arrow up is pressed on first menuitem with closed submenu submenuitem has focus" time="0.005" classname=".[MenuComponent] WCAG Tests When menu is initialized with two menuitems and first menuitem (Start) has focus Arrow up is pressed on first menuitem with closed submenu"/>
  <testcase name="[MenuComponent] WCAG Tests When menu is initialized with two menuitems and first menuitem (Start) has focus Arrow down is pressed godown event is emitted" time="0.005" classname=".[MenuComponent] WCAG Tests When menu is initialized with two menuitems and first menuitem (Start) has focus Arrow down is pressed"/>
  <testcase name="[MenuComponent] WCAG Tests When menu is initialized with two menuitems and first menuitem (Start) has focus Arrow down is pressed submenuitem has focus" time="0.005" classname=".[MenuComponent] WCAG Tests When menu is initialized with two menuitems and first menuitem (Start) has focus Arrow down is pressed"/>
  <testcase name="[MenuComponent] WCAG Tests When menu is initialized with two menuitems and first menuitem (Start) has focus Arrow down is pressed submenu should not be expanded" time="0.004" classname=".[MenuComponent] WCAG Tests When menu is initialized with two menuitems and first menuitem (Start) has focus Arrow down is pressed"/>
  <testcase name="[MenuComponent] WCAG Tests When menu is initialized with two menuitems and first menuitem (Start) has focus Arrow down is pressed Space is pressed submenu should be expanded" time="0.006" classname=".[MenuComponent] WCAG Tests When menu is initialized with two menuitems and first menuitem (Start) has focus Arrow down is pressed Space is pressed"/>
  <testcase name="[MenuComponent] WCAG Tests When menu is initialized with two menuitems and first menuitem (Start) has focus Arrow down is pressed Space is pressed arrow up is pressed arrowUp event is emitted" time="0.007" classname=".[MenuComponent] WCAG Tests When menu is initialized with two menuitems and first menuitem (Start) has focus Arrow down is pressed Space is pressed arrow up is pressed"/>
  <testcase name="[MenuComponent] WCAG Tests When menu is initialized with two menuitems and first menuitem (Start) has focus Arrow down is pressed Space is pressed arrow up is pressed submenuitem has focus" time="0.006" classname=".[MenuComponent] WCAG Tests When menu is initialized with two menuitems and first menuitem (Start) has focus Arrow down is pressed Space is pressed arrow up is pressed"/>
  <testcase name="[MenuComponent] WCAG Tests When menu is initialized with two menuitems and first menuitem (Start) has focus Arrow down is pressed Space is pressed first item in the submenuitem has focus" time="0.006" classname=".[MenuComponent] WCAG Tests When menu is initialized with two menuitems and first menuitem (Start) has focus Arrow down is pressed Space is pressed"/>
  <testcase name="[MenuComponent] WCAG Tests When menu is initialized with two menuitems and first menuitem (Start) has focus Arrow down is pressed Space is pressed arrow down is pressed godown event is emitted" time="0.006" classname=".[MenuComponent] WCAG Tests When menu is initialized with two menuitems and first menuitem (Start) has focus Arrow down is pressed Space is pressed arrow down is pressed"/>
  <testcase name="[MenuComponent] WCAG Tests When menu is initialized with two menuitems and first menuitem (Start) has focus Arrow down is pressed Space is pressed arrow down is pressed submenu should be expanded" time="0.005" classname=".[MenuComponent] WCAG Tests When menu is initialized with two menuitems and first menuitem (Start) has focus Arrow down is pressed Space is pressed arrow down is pressed"/>
  <testcase name="[MenuComponent] WCAG Tests When menu is initialized with two menuitems and first menuitem (Start) has focus Arrow down is pressed Space is pressed arrow down is pressed last item in the submenuitem has focus" time="0.006" classname=".[MenuComponent] WCAG Tests When menu is initialized with two menuitems and first menuitem (Start) has focus Arrow down is pressed Space is pressed arrow down is pressed"/>
  <testcase name="[MenuComponent] WCAG Tests When menu is initialized with two menuitems and first menuitem (Start) has focus Arrow down is pressed Space is pressed arrow down is pressed arrow up is pressed submenu should still be expanded" time="0.007" classname=".[MenuComponent] WCAG Tests When menu is initialized with two menuitems and first menuitem (Start) has focus Arrow down is pressed Space is pressed arrow down is pressed arrow up is pressed"/>
  <testcase name="[MenuComponent] WCAG Tests When menu is initialized with two menuitems and first menuitem (Start) has focus Arrow down is pressed Space is pressed arrow down is pressed arrow up is pressed previous menuitem has focus" time="0.006" classname=".[MenuComponent] WCAG Tests When menu is initialized with two menuitems and first menuitem (Start) has focus Arrow down is pressed Space is pressed arrow down is pressed arrow up is pressed"/>
  <testcase name="[MenuComponent] WCAG Tests When menu is initialized with two menuitems and first menuitem (Start) has focus Arrow down is pressed Space is pressed arrow down is pressed arrow up is pressed arrowUp event is emitted" time="0.007" classname=".[MenuComponent] WCAG Tests When menu is initialized with two menuitems and first menuitem (Start) has focus Arrow down is pressed Space is pressed arrow down is pressed arrow up is pressed"/>
  <testcase name="[MenuComponent] WCAG Tests When menu is initialized with two menuitems and first menuitem (Start) has focus Arrow down is pressed Space is pressed arrow down is pressed home is pressed first item in menu is focused" time="0.006" classname=".[MenuComponent] WCAG Tests When menu is initialized with two menuitems and first menuitem (Start) has focus Arrow down is pressed Space is pressed arrow down is pressed home is pressed"/>
  <testcase name="[MenuComponent] WCAG Tests When menu is initialized with two menuitems and first menuitem (Start) has focus Arrow down is pressed Space is pressed arrow down is pressed home is pressed home event is emitted from submenuitem" time="0.006" classname=".[MenuComponent] WCAG Tests When menu is initialized with two menuitems and first menuitem (Start) has focus Arrow down is pressed Space is pressed arrow down is pressed home is pressed"/>
  <testcase name="[MenuComponent] WCAG Tests When menu is initialized with two menuitems and first menuitem (Start) has focus Arrow down is pressed Space is pressed arrow down is pressed home is pressed submenu should be expanded" time="0.006" classname=".[MenuComponent] WCAG Tests When menu is initialized with two menuitems and first menuitem (Start) has focus Arrow down is pressed Space is pressed arrow down is pressed home is pressed"/>
  <testcase name="[MenuComponent] WCAG Tests When menu is initialized with two menuitems and first menuitem (Start) has focus Arrow down is pressed Space is pressed arrow down is pressed home is pressed home event is emitted from menuitem" time="0.005" classname=".[MenuComponent] WCAG Tests When menu is initialized with two menuitems and first menuitem (Start) has focus Arrow down is pressed Space is pressed arrow down is pressed home is pressed"/>
  <testcase name="[MenuComponent] WCAG Tests When menu is initialized with two menuitems and first menuitem (Start) has focus Arrow down is pressed Space is pressed arrow down is pressed escape is pressed escape event is emitted" time="0.007" classname=".[MenuComponent] WCAG Tests When menu is initialized with two menuitems and first menuitem (Start) has focus Arrow down is pressed Space is pressed arrow down is pressed escape is pressed"/>
  <testcase name="[MenuComponent] WCAG Tests When menu is initialized with two menuitems and first menuitem (Start) has focus Arrow down is pressed Space is pressed arrow down is pressed escape is pressed submenu is focused" time="0.006" classname=".[MenuComponent] WCAG Tests When menu is initialized with two menuitems and first menuitem (Start) has focus Arrow down is pressed Space is pressed arrow down is pressed escape is pressed"/>
  <testcase name="[MenuComponent] WCAG Tests When menu is initialized with two menuitems and first menuitem (Start) has focus Arrow down is pressed Space is pressed arrow down is pressed end is pressed last visible item on menu is focused (submenus last item)" time="0.006" classname=".[MenuComponent] WCAG Tests When menu is initialized with two menuitems and first menuitem (Start) has focus Arrow down is pressed Space is pressed arrow down is pressed end is pressed"/>
  <testcase name="[MenuComponent] WCAG Tests When menu is initialized with two menuitems and first menuitem (Start) has focus Arrow down is pressed Space is pressed arrow down is pressed end is pressed home event is emitted from submenuitem" time="0.006" classname=".[MenuComponent] WCAG Tests When menu is initialized with two menuitems and first menuitem (Start) has focus Arrow down is pressed Space is pressed arrow down is pressed end is pressed"/>
  <testcase name="[MenuComponent] WCAG Tests When menu is initialized with two menuitems and first menuitem (Start) has focus Arrow down is pressed Space is pressed arrow down is pressed end is pressed submenu should be expanded" time="0.006" classname=".[MenuComponent] WCAG Tests When menu is initialized with two menuitems and first menuitem (Start) has focus Arrow down is pressed Space is pressed arrow down is pressed end is pressed"/>
  <testcase name="[MenuComponent] WCAG Tests When menu is initialized with two menuitems and first menuitem (Start) has focus Arrow down is pressed Space is pressed arrow down is pressed end is pressed home event is emitted from menuitem" time="0.006" classname=".[MenuComponent] WCAG Tests When menu is initialized with two menuitems and first menuitem (Start) has focus Arrow down is pressed Space is pressed arrow down is pressed end is pressed"/>
  <testcase name="[MenuComponent] WCAG Tests When menu is initialized with two menuitems and first menuitem (Start) has focus Arrow down is pressed Enter is pressed first item in the submenuitem has focus" time="0.005" classname=".[MenuComponent] WCAG Tests When menu is initialized with two menuitems and first menuitem (Start) has focus Arrow down is pressed Enter is pressed"/>
  <testcase name="[MenuComponent] WCAG Tests When menu is initialized with two menuitems and first menuitem (Start) has focus Arrow down is pressed Enter is pressed submenu should be expanded" time="0.006" classname=".[MenuComponent] WCAG Tests When menu is initialized with two menuitems and first menuitem (Start) has focus Arrow down is pressed Enter is pressed"/>
  <testcase name="[MenuComponent] WCAG Tests When menu is initialized with two menuitems and first menuitem (Start) has focus Arrow down is pressed on last visible menuitem first menuItems has focus" time="0.004" classname=".[MenuComponent] WCAG Tests When menu is initialized with two menuitems and first menuitem (Start) has focus Arrow down is pressed on last visible menuitem"/>
  <testcase name="[MenuComponent] WCAG Tests When menu is initialized with two menuitems and first menuitem (Start) has focus space is pressed router is activated" time="0.004" classname=".[MenuComponent] WCAG Tests When menu is initialized with two menuitems and first menuitem (Start) has focus space is pressed"/>
  <testcase name="[MenuComponent] WCAG Tests When menu is initialized with two menuitems and first menuitem (Start) has focus Arrow up is pressed on first menuitem with opened submenu last submenuitem has focus" time="0.005" classname=".[MenuComponent] WCAG Tests When menu is initialized with two menuitems and first menuitem (Start) has focus Arrow up is pressed on first menuitem with opened submenu"/>
  <testcase name="[MenuComponent] WCAG Tests When menu is initialized with two menuitems and first menuitem (Start) has focus Arrow up is pressed on first menuitem with opened submenu submenu is expanded" time="0.006" classname=".[MenuComponent] WCAG Tests When menu is initialized with two menuitems and first menuitem (Start) has focus Arrow up is pressed on first menuitem with opened submenu"/>
  <testcase name="[MenuComponent] WCAG Tests When menu is initialized with two menuitems menuitem  menuitem is disabled  tabIndex = 0" time="0.004" classname=".[MenuComponent] WCAG Tests When menu is initialized with two menuitems menuitem  menuitem is disabled "/>
  <testcase name="[MenuComponent] WCAG Tests When menu is initialized with two menuitems menuitem  menuitem is disabled  disabled menuitem is back to top" time="0.003" classname=".[MenuComponent] WCAG Tests When menu is initialized with two menuitems menuitem  menuitem is disabled "/>
  <testcase name="[MenuComponent] WCAG Tests When menu is initialized with two menuitems menuitem  should have the role menuitem" time="0.003" classname=".[MenuComponent] WCAG Tests When menu is initialized with two menuitems menuitem "/>
  <testcase name="[MenuComponent] WCAG Tests When menu is initialized with two menuitems submenu  tabIndex = 0" time="0.004" classname=".[MenuComponent] WCAG Tests When menu is initialized with two menuitems submenu "/>
  <testcase name="[MenuComponent] WCAG Tests When menu is initialized with two menuitems submenu  should have the role menuitem" time="0.003" classname=".[MenuComponent] WCAG Tests When menu is initialized with two menuitems submenu "/>
  <testcase name="[MenuComponent] WCAG Tests When menu is initialized with two menuitems submenu  aria-haspopup true " time="0.003" classname=".[MenuComponent] WCAG Tests When menu is initialized with two menuitems submenu "/>
  <testcase name="PanelComponent When component is initialized should have the classes flex-width--4" time="0.004" classname=".PanelComponent When component is initialized"/>
  <testcase name="PanelComponent When component is initialized with width = 12 and color = blue should have the classes flex-width--3" time="0.001" classname=".PanelComponent When component is initialized with width = 12 and color = blue"/>
  <testcase name="PanelComponent When component is initialized with width = 6 and no border should have the classes flex-width--6" time="0.001" classname=".PanelComponent When component is initialized with width = 6 and no border"/>
  <testcase name="PanelComponent When component is initialized with width = 5 and color = red should have the classes flex-width--3" time="0.001" classname=".PanelComponent When component is initialized with width = 5 and color = red"/>
  <testcase name="[DatepickerItemComponent - Angular] should create" time="0.004" classname=".[DatepickerItemComponent - Angular]"/>
  <testcase name="[ComboboxComponent] combinedLabelIds is labelId and headerLabelId" time="0" classname=".[ComboboxComponent] combinedLabelIds"/>
  <testcase name="[ComboboxComponent] Instatiate compareWith is correct for booleans" time="0" classname=".[ComboboxComponent] Instatiate compareWith is correct"/>
  <testcase name="[ComboboxComponent] Instatiate compareWith is correct for objects" time="0" classname=".[ComboboxComponent] Instatiate compareWith is correct"/>
  <testcase name="[ComboboxComponent] Instatiate compareWith is correct for strings" time="0" classname=".[ComboboxComponent] Instatiate compareWith is correct"/>
  <testcase name="[ComboboxComponent] Instatiate compareWith is correct for numbers" time="0" classname=".[ComboboxComponent] Instatiate compareWith is correct"/>
  <testcase name="[ComboboxComponent] Instatiate showButton is correct" time="0" classname=".[ComboboxComponent] Instatiate"/>
  <testcase name="[ComboboxComponent] Instatiate disabled is correct" time="0" classname=".[ComboboxComponent] Instatiate"/>
  <testcase name="[ComboboxComponent] Instatiate expanded is correct" time="0" classname=".[ComboboxComponent] Instatiate"/>
  <testcase name="[ComboboxComponent] Instatiate readonly is correct" time="0" classname=".[ComboboxComponent] Instatiate"/>
  <testcase name="[ComboboxComponent] Instatiate labelId is correct" time="0" classname=".[ComboboxComponent] Instatiate"/>
  <testcase name="[ComboboxComponent] Instatiate small is correct" time="0.001" classname=".[ComboboxComponent] Instatiate"/>
  <testcase name="[ComboboxComponent] Instatiate showValidation is correct" time="0" classname=".[ComboboxComponent] Instatiate"/>
  <testcase name="[ComboboxComponent] Instatiate listAlignRight is correct" time="0" classname=".[ComboboxComponent] Instatiate"/>
  <testcase name="[PageHeaderComponent] ngAfterViewChecked When position is fixed height is set to offset" time="0" classname=".[PageHeaderComponent] ngAfterViewChecked When position is fixed"/>
  <testcase name="[PageHeaderComponent] ngAfterViewChecked When position is not fixed height is set to zero" time="0" classname=".[PageHeaderComponent] ngAfterViewChecked When position is not fixed"/>
  <testcase name="[PageHeaderComponent] setHeight When position is not fixed height is set to zero" time="0" classname=".[PageHeaderComponent] setHeight When position is not fixed"/>
  <testcase name="[PageHeaderComponent] setHeight When position is fixed height is set to offset" time="0" classname=".[PageHeaderComponent] setHeight When position is fixed"/>
  <testcase name="[PageHeaderComponent] setHeight When height has changed and emit is true new height is emitted" time="0" classname=".[PageHeaderComponent] setHeight When height has changed and emit is true"/>
  <testcase name="[PageHeaderComponent] Instatiate title is correct" time="0" classname=".[PageHeaderComponent] Instatiate"/>
  <testcase name="[PageHeaderComponent] Instatiate height is correct" time="0" classname=".[PageHeaderComponent] Instatiate"/>
  <testcase name="InputComponent When using a prefix it should be left aligned (default) and show prefix" time="0.011" classname=".InputComponent When using a prefix"/>
  <testcase name="InputComponent when initiated Should get the show-validation by default" time="0.002" classname=".InputComponent when initiated"/>
  <testcase name="InputComponent Error messages Adding a value Sholud be valid" time="0.003" classname=".InputComponent Error messages Adding a value"/>
  <testcase name="InputComponent Error messages should show as invalid" time="0.002" classname=".InputComponent Error messages"/>
  <testcase name="InputComponent When using a suffix it should be right aligned and show suffix" time="0.002" classname=".InputComponent When using a suffix"/>
  <testcase name="InputComponent should create" time="0.002" classname=".InputComponent"/>
  <testcase name="TabButtonComponent WCAG Tests When button is enabled aria-disabled is false" time="0.006" classname=".TabButtonComponent WCAG Tests When button is enabled"/>
  <testcase name="TabButtonComponent WCAG Tests When button is disabled aria-disabled is true" time="0.002" classname=".TabButtonComponent WCAG Tests When button is disabled"/>
  <testcase name="TabButtonComponent When button is disabled click does not bubble" time="0.001" classname=".TabButtonComponent When button is disabled"/>
  <testcase name="TabButtonComponent When button is disabled button is shown as disabled" time="0.002" classname=".TabButtonComponent When button is disabled"/>
  <testcase name="TabButtonComponent When disabled is false button is displayed as enabled" time="0.001" classname=".TabButtonComponent When disabled is false"/>
  <testcase name="TabButtonComponent When disabled is false click bubbles" time="0.001" classname=".TabButtonComponent When disabled is false"/>
  <testcase name="TabButtonComponent When button is already active and pressed again button event is not propogated" time="0.001" classname=".TabButtonComponent When button is already active and pressed again"/>
  <testcase name="TabButtonComponent should create" time="0.001" classname=".TabButtonComponent"/>
  <testcase name="[ActionPanelComponent] Instatiate showCloseButton is correct" time="0.004" classname=".[ActionPanelComponent] Instatiate"/>
  <testcase name="[ActionPanelComponent] Instatiate title is correct" time="0.002" classname=".[ActionPanelComponent] Instatiate"/>
  <testcase name="[ActionPanelComponent] Instatiate slideState is correct" time="0.001" classname=".[ActionPanelComponent] Instatiate"/>
  <testcase name="[ActionPanelComponent] Instatiate fadeState is correct" time="0.001" classname=".[ActionPanelComponent] Instatiate"/>
  <testcase name="[ActionPanelComponent] Instatiate open is correct" time="0.001" classname=".[ActionPanelComponent] Instatiate"/>
  <testcase name="[ActionPanelComponent] ngOnInit open is false isClosed is correct" time="0.001" classname=".[ActionPanelComponent] ngOnInit open is false"/>
  <testcase name="[ActionPanelComponent] ngOnInit open is false isOpened is correct" time="0.001" classname=".[ActionPanelComponent] ngOnInit open is false"/>
  <testcase name="[ActionPanelComponent] ngOnInit open is true isClosed is correct" time="0.001" classname=".[ActionPanelComponent] ngOnInit open is true"/>
  <testcase name="[ActionPanelComponent] ngOnInit open is true isOpened is correct" time="0.001" classname=".[ActionPanelComponent] ngOnInit open is true"/>
  <testcase name="[ActionPanelComponent] ngOnChanges showCloseButton is changed to false fadeState is correct" time="0.001" classname=".[ActionPanelComponent] ngOnChanges showCloseButton is changed to false"/>
  <testcase name="[ActionPanelComponent] ngOnChanges showCloseButton is changed to true fadeState is correct" time="0.001" classname=".[ActionPanelComponent] ngOnChanges showCloseButton is changed to true"/>
  <testcase name="[ActionPanelComponent] ngOnChanges open is changed to true openChanged is emitted" time="0.001" classname=".[ActionPanelComponent] ngOnChanges open is changed to true"/>
  <testcase name="[ActionPanelComponent] ngOnChanges open is changed to true slideState is correct" time="0.001" classname=".[ActionPanelComponent] ngOnChanges open is changed to true"/>
  <testcase name="[ActionPanelComponent] ngOnChanges open is changed to false openChanged is emitted" time="0.001" classname=".[ActionPanelComponent] ngOnChanges open is changed to false"/>
  <testcase name="[ActionPanelComponent] ngOnChanges open is changed to false slideState is correct" time="0.001" classname=".[ActionPanelComponent] ngOnChanges open is changed to false"/>
  <testcase name="[ActionPanelComponent] onSlideStart from closed isOpened is correct" time="0.001" classname=".[ActionPanelComponent] onSlideStart from closed"/>
  <testcase name="[ActionPanelComponent] onSlideStart from open isOpened is correct" time="0.001" classname=".[ActionPanelComponent] onSlideStart from open"/>
  <testcase name="[ActionPanelComponent] close open is correct" time="0.001" classname=".[ActionPanelComponent] close"/>
  <testcase name="[ActionPanelComponent] close slideState is correct" time="0.001" classname=".[ActionPanelComponent] close"/>
  <testcase name="[ActionPanelComponent] close event is emitted" time="0.001" classname=".[ActionPanelComponent] close"/>
  <testcase name="[ActionPanelComponent] onSlideEnd from closed isOpened is correct" time="0.003" classname=".[ActionPanelComponent] onSlideEnd from closed"/>
  <testcase name="[ActionPanelComponent] onSlideEnd from open isOpened is correct" time="0.001" classname=".[ActionPanelComponent] onSlideEnd from open"/>
  <testcase name="[TitleValueComponent - test] When creating component it is created" time="0.014" classname=".[TitleValueComponent - test] When creating component"/>
  <testcase name="[DropdownSelectComponent - Angular] When multi is false and unselected item is clicked and then other item is clicked label is set" time="0.046" classname=".[DropdownSelectComponent - Angular] When multi is false and unselected item is clicked and then other item is clicked"/>
  <testcase name="[DropdownSelectComponent - Angular] When multi is false and unselected item is clicked and then other item is clicked value is set" time="0.008" classname=".[DropdownSelectComponent - Angular] When multi is false and unselected item is clicked and then other item is clicked"/>
  <testcase name="[DropdownSelectComponent - Angular] When multi is false and unselected item is clicked and then other item is clicked event is emitted" time="0.007" classname=".[DropdownSelectComponent - Angular] When multi is false and unselected item is clicked and then other item is clicked"/>
  <testcase name="[DropdownSelectComponent - Angular] When multi is false and unselected item is clicked and then other item is clicked new item is selected" time="0.007" classname=".[DropdownSelectComponent - Angular] When multi is false and unselected item is clicked and then other item is clicked"/>
  <testcase name="[DropdownSelectComponent - Angular] When multi is false and unselected item is clicked and then other item is clicked previous item is deselected" time="0.007" classname=".[DropdownSelectComponent - Angular] When multi is false and unselected item is clicked and then other item is clicked"/>
  <testcase name="[DropdownSelectComponent - Angular] When multi is false and unselected item is clicked and deselect button is clicked label is set" time="0.011" classname=".[DropdownSelectComponent - Angular] When multi is false and unselected item is clicked and deselect button is clicked"/>
  <testcase name="[DropdownSelectComponent - Angular] When multi is false and unselected item is clicked and deselect button is clicked item is deselected" time="0.009" classname=".[DropdownSelectComponent - Angular] When multi is false and unselected item is clicked and deselect button is clicked"/>
  <testcase name="[DropdownSelectComponent - Angular] When multi is false and unselected item is clicked and deselect button is clicked value is set" time="0.008" classname=".[DropdownSelectComponent - Angular] When multi is false and unselected item is clicked and deselect button is clicked"/>
  <testcase name="[DropdownSelectComponent - Angular] When multi is false and unselected item is clicked and deselect button is clicked event is emitted" time="0.009" classname=".[DropdownSelectComponent - Angular] When multi is false and unselected item is clicked and deselect button is clicked"/>
  <testcase name="[DropdownSelectComponent - Angular] When multi is false and unselected item is clicked label is set" time="0.006" classname=".[DropdownSelectComponent - Angular] When multi is false and unselected item is clicked"/>
  <testcase name="[DropdownSelectComponent - Angular] When multi is false and unselected item is clicked value is set" time="0.007" classname=".[DropdownSelectComponent - Angular] When multi is false and unselected item is clicked"/>
  <testcase name="[DropdownSelectComponent - Angular] When multi is false and unselected item is clicked item is selected" time="0.006" classname=".[DropdownSelectComponent - Angular] When multi is false and unselected item is clicked"/>
  <testcase name="[DropdownSelectComponent - Angular] When multi is false and unselected item is clicked event is emitted" time="0.006" classname=".[DropdownSelectComponent - Angular] When multi is false and unselected item is clicked"/>
  <testcase name="[DropdownSelectComponent - Angular] When header is clicked and menu is expanded menu is collapsed" time="0.004" classname=".[DropdownSelectComponent - Angular] When header is clicked and menu is expanded"/>
  <testcase name="[DropdownSelectComponent - Angular] When header is clicked and menu is expanded event is emitted" time="0.003" classname=".[DropdownSelectComponent - Angular] When header is clicked and menu is expanded"/>
  <testcase name="[DropdownSelectComponent - Angular] When header is clicked and menu is collapsed and component is disabled menu is not expanded" time="0.003" classname=".[DropdownSelectComponent - Angular] When header is clicked and menu is collapsed and component is disabled"/>
  <testcase name="[DropdownSelectComponent - Angular] When header is clicked and menu is collapsed and component is readonly menu is not expanded" time="0.002" classname=".[DropdownSelectComponent - Angular] When header is clicked and menu is collapsed and component is readonly"/>
  <testcase name="[DropdownSelectComponent - Angular] When header is clicked and menu is collapsed event is emitted" time="0.002" classname=".[DropdownSelectComponent - Angular] When header is clicked and menu is collapsed"/>
  <testcase name="[DropdownSelectComponent - Angular] When header is clicked and menu is collapsed menu is expanded" time="0.006" classname=".[DropdownSelectComponent - Angular] When header is clicked and menu is collapsed"/>
  <testcase name="[DropdownSelectComponent - Angular] When there are 20 items or less filter is not shown" time="0.018" classname=".[DropdownSelectComponent - Angular] When there are 20 items or less"/>
  <testcase name="[DropdownSelectComponent - Angular] When deselectable is true and multi is true deselect button is not shown" time="0.008" classname=".[DropdownSelectComponent - Angular] When deselectable is true and multi is true"/>
  <testcase name="[DropdownSelectComponent - Angular] When deselectable is true deselect button is shown" time="0.007" classname=".[DropdownSelectComponent - Angular] When deselectable is true"/>
  <testcase name="[DropdownSelectComponent - Angular] When there are more than 20 items and filter is applied only matching items are shown" time="0.013" classname=".[DropdownSelectComponent - Angular] When there are more than 20 items and filter is applied"/>
  <testcase name="[DropdownSelectComponent - Angular] When there are more than 20 items filter is shown" time="0.012" classname=".[DropdownSelectComponent - Angular] When there are more than 20 items"/>
  <testcase name="[DropdownSelectComponent - Angular] When multi is true and unselected item is clicked event is emitted" time="0.009" classname=".[DropdownSelectComponent - Angular] When multi is true and unselected item is clicked"/>
  <testcase name="[DropdownSelectComponent - Angular] When multi is true and unselected item is clicked and then selected item is clicked value is set" time="0.006" classname=".[DropdownSelectComponent - Angular] When multi is true and unselected item is clicked and then selected item is clicked"/>
  <testcase name="[DropdownSelectComponent - Angular] When multi is true and unselected item is clicked and then selected item is clicked label is set" time="0.006" classname=".[DropdownSelectComponent - Angular] When multi is true and unselected item is clicked and then selected item is clicked"/>
  <testcase name="[DropdownSelectComponent - Angular] When multi is true and unselected item is clicked and then selected item is clicked item is deselected" time="0.007" classname=".[DropdownSelectComponent - Angular] When multi is true and unselected item is clicked and then selected item is clicked"/>
  <testcase name="[DropdownSelectComponent - Angular] When multi is true and unselected item is clicked and then selected item is clicked event is emitted" time="0.007" classname=".[DropdownSelectComponent - Angular] When multi is true and unselected item is clicked and then selected item is clicked"/>
  <testcase name="[DropdownSelectComponent - Angular] When multi is true and unselected item is clicked and then other unselected item is clicked event is emitted" time="0.007" classname=".[DropdownSelectComponent - Angular] When multi is true and unselected item is clicked and then other unselected item is clicked"/>
  <testcase name="[DropdownSelectComponent - Angular] When multi is true and unselected item is clicked and then other unselected item is clicked value is set" time="0.006" classname=".[DropdownSelectComponent - Angular] When multi is true and unselected item is clicked and then other unselected item is clicked"/>
  <testcase name="[DropdownSelectComponent - Angular] When multi is true and unselected item is clicked and then other unselected item is clicked label is set" time="0.006" classname=".[DropdownSelectComponent - Angular] When multi is true and unselected item is clicked and then other unselected item is clicked"/>
  <testcase name="[DropdownSelectComponent - Angular] When multi is true and unselected item is clicked and then other unselected item is clicked both items are selected" time="0.007" classname=".[DropdownSelectComponent - Angular] When multi is true and unselected item is clicked and then other unselected item is clicked"/>
  <testcase name="[DropdownSelectComponent - Angular] When multi is true and unselected item is clicked label is set" time="0.006" classname=".[DropdownSelectComponent - Angular] When multi is true and unselected item is clicked"/>
  <testcase name="[DropdownSelectComponent - Angular] When multi is true and unselected item is clicked value is set" time="0.006" classname=".[DropdownSelectComponent - Angular] When multi is true and unselected item is clicked"/>
  <testcase name="[DropdownSelectComponent - Angular] When multi is true and unselected item is clicked item is selected" time="0.007" classname=".[DropdownSelectComponent - Angular] When multi is true and unselected item is clicked"/>
  <testcase name="[DropdownSelectComponent - Angular] When multi is true select all is shown" time="0.006" classname=".[DropdownSelectComponent - Angular] When multi is true"/>
  <testcase name="[DropdownSelectComponent - Angular] When multi is true and select all is clicked all items are selected" time="0.006" classname=".[DropdownSelectComponent - Angular] When multi is true and select all is clicked"/>
  <testcase name="[DropdownSelectComponent - Angular] When multi is true and select all is clicked label is set" time="0.006" classname=".[DropdownSelectComponent - Angular] When multi is true and select all is clicked"/>
  <testcase name="[DropdownSelectComponent - Angular] When multi is true and select all is clicked and select all is clicked again all items are deselected" time="0.006" classname=".[DropdownSelectComponent - Angular] When multi is true and select all is clicked and select all is clicked again"/>
  <testcase name="[DropdownSelectComponent - Angular] When multi is true and select all is clicked and select all is clicked again label is set" time="0.006" classname=".[DropdownSelectComponent - Angular] When multi is true and select all is clicked and select all is clicked again"/>
  <testcase name="[DropdownSelectComponent - Angular] When multi is true and select all is clicked and select all is clicked again value is set" time="0.005" classname=".[DropdownSelectComponent - Angular] When multi is true and select all is clicked and select all is clicked again"/>
  <testcase name="[DropdownSelectComponent - Angular] When multi is true and select all is clicked and select all is clicked again event is emitted" time="0.006" classname=".[DropdownSelectComponent - Angular] When multi is true and select all is clicked and select all is clicked again"/>
  <testcase name="[DropdownSelectComponent - Angular] When multi is true and select all is clicked value is set" time="0.006" classname=".[DropdownSelectComponent - Angular] When multi is true and select all is clicked"/>
  <testcase name="[DropdownSelectComponent - Angular] When multi is true and select all is clicked event is emitted" time="0.006" classname=".[DropdownSelectComponent - Angular] When multi is true and select all is clicked"/>
  <testcase name="[DropdownSelectComponent - Angular] should create" time="0.003" classname=".[DropdownSelectComponent - Angular]"/>
  <testcase name="GridColumnComponent should create" time="0.003" classname=".GridColumnComponent"/>
  <testcase name="TextareaComponent When textarea has readonly set to true CSS Class readonly is applied" time="0.007" classname=".TextareaComponent When textarea has readonly set to true"/>
  <testcase name="TextareaComponent When initialized with invalid state and textarea has been focused CSS Class validated-input has been applied" time="0.004" classname=".TextareaComponent When initialized with invalid state and textarea has been focused"/>
  <testcase name="TextareaComponent When initialized with invalid state and textarea has been focused and input has been corrected CSS Class validated-input has been applied" time="0.003" classname=".TextareaComponent When initialized with invalid state and textarea has been focused and input has been corrected"/>
  <testcase name="TextareaComponent When initialized with invalid state CSS Class validated-input has been applied" time="0.003" classname=".TextareaComponent When initialized with invalid state"/>
  <testcase name="TextareaComponent should create" time="0.002" classname=".TextareaComponent"/>
  <testcase name="[CloseButtonComponent - Angular] When disabled is false click bubbles" time="0.005" classname=".[CloseButtonComponent - Angular] When disabled is false"/>
  <testcase name="[CloseButtonComponent - Angular] When disabled is false button is displayed as enabled" time="0.002" classname=".[CloseButtonComponent - Angular] When disabled is false"/>
  <testcase name="[CloseButtonComponent - Angular] WCAG Tests aria-label is &quot;stäng&quot;" time="0.001" classname=".[CloseButtonComponent - Angular] WCAG Tests"/>
  <testcase name="[CloseButtonComponent - Angular] WCAG Tests When button is disabled aria-disabled is set to true" time="0.001" classname=".[CloseButtonComponent - Angular] WCAG Tests When button is disabled"/>
  <testcase name="[CloseButtonComponent - Angular] WCAG Tests When button is enabled aria-disabled is false" time="0.002" classname=".[CloseButtonComponent - Angular] WCAG Tests When button is enabled"/>
  <testcase name="[CloseButtonComponent - Angular] When disabled is true button is displayed as disabled" time="0.002" classname=".[CloseButtonComponent - Angular] When disabled is true"/>
  <testcase name="[CloseButtonComponent - Angular] When disabled is true click does not bubble" time="0.002" classname=".[CloseButtonComponent - Angular] When disabled is true"/>
  <testcase name="GridContentComponent should create" time="0.001" classname=".GridContentComponent"/>
  <testcase name="GridHeaderToolbarComponent should create" time="0.002" classname=".GridHeaderToolbarComponent"/>
  <testcase name="[PageBlockComponent] Instatiate transparent is correct" time="0.001" classname=".[PageBlockComponent] Instatiate"/>
  <testcase name="[ComboboxItemComponent] Instatiate index is correct" time="0" classname=".[ComboboxItemComponent] Instatiate"/>
  <testcase name="[ComboboxItemComponent] Instatiate selected is correct" time="0" classname=".[ComboboxItemComponent] Instatiate"/>
  <testcase name="[ComboboxItemComponent] Instatiate highlighted is correct" time="0" classname=".[ComboboxItemComponent] Instatiate"/>
  <testcase name="[ComboboxItemComponent] Instatiate visible is correct" time="0" classname=".[ComboboxItemComponent] Instatiate"/>
  <testcase name="[ComboboxItemComponent] Instatiate value is correct" time="0" classname=".[ComboboxItemComponent] Instatiate"/>
  <testcase name="[ComboboxItemComponent] Instatiate selectedLabel is correct" time="0" classname=".[ComboboxItemComponent] Instatiate"/>
  <testcase name="[ComboboxItemComponent] Instatiate label is correct" time="0" classname=".[ComboboxItemComponent] Instatiate"/>
  <testcase name="[ComboboxItemComponent] select confirm is emitted" time="0" classname=".[ComboboxItemComponent] select"/>
  <testcase name="[ComboboxItemComponent] select selected is set to true" time="0" classname=".[ComboboxItemComponent] select"/>
  <testcase name="HeaderMenuComponent Toggle Header Menu and key is space" time="0.022" classname=".HeaderMenuComponent Toggle Header Menu"/>
  <testcase name="HeaderMenuComponent Toggle Header Menu and key is space (IE)" time="0.005" classname=".HeaderMenuComponent Toggle Header Menu"/>
  <testcase name="HeaderMenuComponent Toggle Header Menu and key is Enter" time="0.004" classname=".HeaderMenuComponent Toggle Header Menu"/>
  <testcase name="HeaderMenuComponent Toggle Header Menu and key is not Spacebar or Enter" time="0.003" classname=".HeaderMenuComponent Toggle Header Menu"/>
  <testcase name="HeaderMenuComponent ngOnChanges When initials have changed from some value to some other value internal initials are set to new value" time="0.004" classname=".HeaderMenuComponent ngOnChanges When initials have changed from some value to some other value"/>
  <testcase name="HeaderMenuComponent ngOnChanges When initials have changed from some value to no value and user name has value internal initials are set from user name" time="0.003" classname=".HeaderMenuComponent ngOnChanges When initials have changed from some value to no value and user name has value"/>
  <testcase name="HeaderMenuComponent ngOnChanges When initials have changed from some value to no value and user name has no value internal initials are empty" time="0.005" classname=".HeaderMenuComponent ngOnChanges When initials have changed from some value to no value and user name has no value"/>
  <testcase name="HeaderMenuComponent ngOnChanges When initials have changed from no value to some value internal initials are set to new value" time="0.004" classname=".HeaderMenuComponent ngOnChanges When initials have changed from no value to some value"/>
  <testcase name="HeaderMenuComponent ngOnChanges When initials have not changed and user name has changed and initials have no value and user name has value internal initials are set from user name" time="0.003" classname=".HeaderMenuComponent ngOnChanges When initials have not changed and user name has changed and initials have no value and user name has value"/>
  <testcase name="HeaderMenuComponent ngOnChanges When initials have not changed and user name has changed and initials have no value and user name has no value internal initials are empty" time="0.003" classname=".HeaderMenuComponent ngOnChanges When initials have not changed and user name has changed and initials have no value and user name has no value"/>
  <testcase name="HeaderMenuComponent clickToggleHeaderMenu When header menu exists header menu is toggled" time="0.003" classname=".HeaderMenuComponent clickToggleHeaderMenu When header menu exists"/>
  <testcase name="HeaderMenuComponent Test variables initials is correct" time="0.004" classname=".HeaderMenuComponent Test variables"/>
  <testcase name="HeaderMenuComponent Test variables userName is correct" time="0.003" classname=".HeaderMenuComponent Test variables"/>
  <testcase name="HeaderMenuComponent Test variables circleColor is correct" time="0.003" classname=".HeaderMenuComponent Test variables"/>
  <testcase name="HeaderMenuComponent Test variables textColor is correct" time="0.003" classname=".HeaderMenuComponent Test variables"/>
  <testcase name="HeaderMenuComponent When component is initialized and toggleHeaderMenu is called  headerMenu should be visible" time="0.005" classname=".HeaderMenuComponent When component is initialized and toggleHeaderMenu is called "/>
  <testcase name="[DropdownItemComponent - Angular] should create" time="0.001" classname=".[DropdownItemComponent - Angular]"/>
  <testcase name="[ActionPanelComponent - Angular] When creating component set to 1 in width" time="0.001" classname=".[ActionPanelComponent - Angular] When creating component"/>
  <testcase name="[ActionPanelComponent - Angular] When creating component it is created" time="0.001" classname=".[ActionPanelComponent - Angular] When creating component"/>
  <testcase name="ScrollbarComponent should create" time="0.003" classname=".ScrollbarComponent"/>
  <testcase name="GridComponent When multiple expanded rows are allowed and is initialized with expanded and collapsed rows and a collapsed row is clicked expanded rows are still expanded" time="0.028" classname=".GridComponent When multiple expanded rows are allowed and is initialized with expanded and collapsed rows and a collapsed row is clicked"/>
  <testcase name="GridComponent When multiple expanded rows are allowed and is initialized with expanded and collapsed rows and a collapsed row is clicked it is expanded" time="0.007" classname=".GridComponent When multiple expanded rows are allowed and is initialized with expanded and collapsed rows and a collapsed row is clicked"/>
  <testcase name="GridComponent should create" time="0.003" classname=".GridComponent"/>
  <testcase name="GridComponent When multiple expanded rows is not allowed and initialized with collapsed rows  and a collapsed row is clicked it emits expandedChanged event" time="0.005" classname=".GridComponent When multiple expanded rows is not allowed and initialized with collapsed rows  and a collapsed row is clicked"/>
  <testcase name="GridComponent When multiple expanded rows is not allowed and initialized with collapsed rows  and a collapsed row is clicked all other rows are collapsed" time="0.006" classname=".GridComponent When multiple expanded rows is not allowed and initialized with collapsed rows  and a collapsed row is clicked"/>
  <testcase name="GridComponent When multiple expanded rows is not allowed and initialized with collapsed rows  and a collapsed row is clicked it is expanded" time="0.005" classname=".GridComponent When multiple expanded rows is not allowed and initialized with collapsed rows  and a collapsed row is clicked"/>
  <testcase name="GridComponent When multiple expanded rows is not allowed and is initialized with an expanded row that prevents collapse and it is clicked it emits collapsePrevented event" time="0.004" classname=".GridComponent When multiple expanded rows is not allowed and is initialized with an expanded row that prevents collapse and it is clicked"/>
  <testcase name="GridComponent When multiple expanded rows is not allowed and is initialized with an expanded row that prevents collapse and it is clicked it is still expanded" time="0.004" classname=".GridComponent When multiple expanded rows is not allowed and is initialized with an expanded row that prevents collapse and it is clicked"/>
  <testcase name="GridComponent When multiple expanded rows is not allowed and is initialized with an expanded row that prevents collapse and another row is clicked clicked row emits an expandPrevented event" time="0.004" classname=".GridComponent When multiple expanded rows is not allowed and is initialized with an expanded row that prevents collapse and another row is clicked"/>
  <testcase name="GridComponent When multiple expanded rows is not allowed and is initialized with an expanded row that prevents collapse and another row is clicked it emits a collapsePrevented event" time="0.004" classname=".GridComponent When multiple expanded rows is not allowed and is initialized with an expanded row that prevents collapse and another row is clicked"/>
  <testcase name="GridComponent When multiple expanded rows is not allowed and is initialized with an expanded row that prevents collapse and another row is clicked clicked row is still collapsed" time="0.004" classname=".GridComponent When multiple expanded rows is not allowed and is initialized with an expanded row that prevents collapse and another row is clicked"/>
  <testcase name="GridComponent When multiple expanded rows is not allowed and is initialized with an expanded row that prevents collapse and another row is clicked it is still expanded" time="0.004" classname=".GridComponent When multiple expanded rows is not allowed and is initialized with an expanded row that prevents collapse and another row is clicked"/>
  <testcase name="GridComponent When multiple expanded rows is not allowed and is initialized with one expanded and many collapsed rows and a collapsed row is clicked it is expanded" time="0.006" classname=".GridComponent When multiple expanded rows is not allowed and is initialized with one expanded and many collapsed rows and a collapsed row is clicked"/>
  <testcase name="GridComponent When multiple expanded rows is not allowed and is initialized with one expanded and many collapsed rows and a collapsed row is clicked all other rows are collapsed" time="0.006" classname=".GridComponent When multiple expanded rows is not allowed and is initialized with one expanded and many collapsed rows and a collapsed row is clicked"/>
  <testcase name="GridComponent When a grid header column is clicked a sortChange event is emitted" time="0.003" classname=".GridComponent When a grid header column is clicked"/>
  <testcase name="EditableTableComponent should create" time="0.007" classname=".EditableTableComponent"/>
  <testcase name="SelectablelistComponent When deactivated should clear all selected" time="0.017" classname=".SelectablelistComponent When deactivated"/>
  <testcase name="SelectablelistComponent Removing focus from the list should remove the focusclass and aria-activedecendants" time="0.005" classname=".SelectablelistComponent Removing focus from the list"/>
  <testcase name="SelectablelistComponent When activated second headercolumn should be align right" time="0.004" classname=".SelectablelistComponent When activated"/>
  <testcase name="SelectablelistComponent When activated should not select the groupheader row (even if its the first)" time="0.004" classname=".SelectablelistComponent When activated"/>
  <testcase name="SelectablelistComponent When activated should not select the first selectable row (row 2)" time="0" classname=".SelectablelistComponent When activated">
    <skipped/>
  </testcase>
  <testcase name="SelectablelistComponent when &quot;Kanin&quot; row is clicked &quot;Kaninrow&quot; should be the selected" time="0.006" classname=".SelectablelistComponent when &quot;Kanin&quot; row is clicked"/>
  <testcase name="SelectablelistComponent when &quot;Kanin&quot; row is clicked should emit event that selection is changed" time="0.005" classname=".SelectablelistComponent when &quot;Kanin&quot; row is clicked"/>
  <testcase name="SelectablelistComponent when both &quot;Kanin&quot; and &quot;Hund&quot; rows are clicked Both rows should be selected" time="0.005" classname=".SelectablelistComponent when both &quot;Kanin&quot; and &quot;Hund&quot; rows are clicked"/>
  <testcase name="SelectablelistComponent when both &quot;Kanin&quot; and &quot;Hund&quot; rows are clicked should emit event that selection is changed" time="0.004" classname=".SelectablelistComponent when both &quot;Kanin&quot; and &quot;Hund&quot; rows are clicked"/>
  <testcase name="SelectablelistComponent Setting focus to the list Pressing arrow up twice pressing down 7 times pressing space should select the row and emit event" time="0" classname=".SelectablelistComponent Setting focus to the list Pressing arrow up twice pressing down 7 times pressing space">
    <skipped/>
  </testcase>
  <testcase name="SelectablelistComponent Setting focus to the list Pressing arrow up twice pressing down 7 times Row 6 should be focused" time="0" classname=".SelectablelistComponent Setting focus to the list Pressing arrow up twice pressing down 7 times">
    <skipped/>
  </testcase>
  <testcase name="SelectablelistComponent Setting focus to the list Pressing arrow up twice should focus on the eigth element in the list" time="0" classname=".SelectablelistComponent Setting focus to the list Pressing arrow up twice">
    <skipped/>
  </testcase>
  <testcase name="SelectablelistComponent Setting focus to the list should set focusclass and aria-activedecendants" time="0" classname=".SelectablelistComponent Setting focus to the list">
    <skipped/>
  </testcase>
  <testcase name="PaginationManagementService should be created" time="0.001" classname=".PaginationManagementService"/>
  <testcase name="[FilterTagComponent - Angular] When disabled is false button is displayed as enabled" time="0.005" classname=".[FilterTagComponent - Angular] When disabled is false"/>
  <testcase name="[FilterTagComponent - Angular] When disabled is false click bubbles" time="0.003" classname=".[FilterTagComponent - Angular] When disabled is false"/>
  <testcase name="[FilterTagComponent - Angular] When button is clicked and component is disabled button is not displayed as removed after delay" time="0.003" classname=".[FilterTagComponent - Angular] When button is clicked and component is disabled"/>
  <testcase name="[FilterTagComponent - Angular] When button is clicked and component is disabled button is not displayed as removing" time="0.004" classname=".[FilterTagComponent - Angular] When button is clicked and component is disabled"/>
  <testcase name="[FilterTagComponent - Angular] When button is clicked and component is disabled remove is not emitted after delay" time="0.004" classname=".[FilterTagComponent - Angular] When button is clicked and component is disabled"/>
  <testcase name="[FilterTagComponent - Angular] When button is clicked button is displayed as removing" time="0.003" classname=".[FilterTagComponent - Angular] When button is clicked"/>
  <testcase name="[FilterTagComponent - Angular] When button is clicked remove is emitted after delay" time="0.005" classname=".[FilterTagComponent - Angular] When button is clicked"/>
  <testcase name="[FilterTagComponent - Angular] When button is clicked button is displayed as removed after delay" time="0.003" classname=".[FilterTagComponent - Angular] When button is clicked"/>
  <testcase name="[FilterTagComponent - Angular] When disabled is true button is displayed as disabled" time="0.003" classname=".[FilterTagComponent - Angular] When disabled is true"/>
  <testcase name="[FilterTagComponent - Angular] When disabled is true click does not bubble" time="0.003" classname=".[FilterTagComponent - Angular] When disabled is true"/>
  <testcase name="[MenuItemComponent] When component is initialized with an error notification of length 3 the notification color class is set" time="0.003" classname=".[MenuItemComponent] When component is initialized with an error notification of length 3"/>
  <testcase name="[MenuItemComponent] When component is initialized with an error notification of length 3 the notification color class is correct" time="0.003" classname=".[MenuItemComponent] When component is initialized with an error notification of length 3"/>
  <testcase name="[MenuItemComponent] When component is initialized with an error notification of length 3 the notification text is &quot;!&quot;" time="0.001" classname=".[MenuItemComponent] When component is initialized with an error notification of length 3"/>
  <testcase name="[MenuItemComponent] When component is initialized with a blue notification the notification color class is set" time="0.002" classname=".[MenuItemComponent] When component is initialized with a blue notification"/>
  <testcase name="[MenuItemComponent] When component is initialized with a blue notification the notification color class is correct" time="0.002" classname=".[MenuItemComponent] When component is initialized with a blue notification"/>
  <testcase name="[MenuItemComponent] When component is initialized with a success notification the notification color class is set" time="0.001" classname=".[MenuItemComponent] When component is initialized with a success notification"/>
  <testcase name="[MenuItemComponent] When component is initialized with a success notification the notification color class is correct" time="0.001" classname=".[MenuItemComponent] When component is initialized with a success notification"/>
  <testcase name="[MenuItemComponent] When component is initialized with a text no notification visible" time="0.001" classname=".[MenuItemComponent] When component is initialized with a text"/>
  <testcase name="[MenuItemComponent] When component is initialized with a text menuitem has role menuitem" time="0.001" classname=".[MenuItemComponent] When component is initialized with a text"/>
  <testcase name="[MenuItemComponent] When component is initialized with a default notification the notification color class is correct" time="0.001" classname=".[MenuItemComponent] When component is initialized with a default notification"/>
  <testcase name="[MenuItemComponent] When component is initialized with a default notification the notification color class is set" time="0.001" classname=".[MenuItemComponent] When component is initialized with a default notification"/>
  <testcase name="[MenuItemComponent] When component is initialized with menu item is disabled disabled class is set" time="0.001" classname=".[MenuItemComponent] When component is initialized with menu item is disabled"/>
  <testcase name="[MenuItemComponent] When component is initialized with menu item is disabled disabled tooltip is set" time="0.001" classname=".[MenuItemComponent] When component is initialized with menu item is disabled"/>
  <testcase name="[MenuItemComponent] When component is initialized with menu item is disabled the menu item title is set" time="0.002" classname=".[MenuItemComponent] When component is initialized with menu item is disabled"/>
  <testcase name="[MenuItemComponent] When component is initialized with menu item is disabled and green notification the notification tooltip text is correct" time="0.002" classname=".[MenuItemComponent] When component is initialized with menu item is disabled and green notification"/>
  <testcase name="[MenuItemComponent] When component is initialized with menu item is disabled and green notification the notification color class is correct" time="0.001" classname=".[MenuItemComponent] When component is initialized with menu item is disabled and green notification"/>
  <testcase name="[MenuItemComponent] When component is initialized with menu item is disabled and green notification the notification color class is set" time="0.002" classname=".[MenuItemComponent] When component is initialized with menu item is disabled and green notification"/>
  <testcase name="[MenuItemComponent] When component is initialized with menu item is disabled and green notification the notification text is &quot;69&quot;" time="0.001" classname=".[MenuItemComponent] When component is initialized with menu item is disabled and green notification"/>
  <testcase name="[MenuItemComponent] When component is initialized with a red notification the notification text is &quot;2&quot;" time="0.001" classname=".[MenuItemComponent] When component is initialized with a red notification"/>
  <testcase name="[MenuItemComponent] When component is initialized with a red notification the notification color class is set" time="0.002" classname=".[MenuItemComponent] When component is initialized with a red notification"/>
  <testcase name="[MenuItemComponent] When component is initialized with a red notification the notification color class is correct" time="0.001" classname=".[MenuItemComponent] When component is initialized with a red notification"/>
  <testcase name="[MenuItemComponent] When component is initialized with a red notification the notification tooltip text is correct" time="0.001" classname=".[MenuItemComponent] When component is initialized with a red notification"/>
  <testcase name="[MenuItemComponent] When component is initialized with a red notification the menu item title is set" time="0.001" classname=".[MenuItemComponent] When component is initialized with a red notification"/>
  <testcase name="[MenuItemComponent] When component is initialized with a green notification the notification text is &quot;69&quot;" time="0.002" classname=".[MenuItemComponent] When component is initialized with a green notification"/>
  <testcase name="[MenuItemComponent] When component is initialized with a green notification the notification color class is correct" time="0.003" classname=".[MenuItemComponent] When component is initialized with a green notification"/>
  <testcase name="[MenuItemComponent] When component is initialized with a green notification the notification color class is set" time="0.002" classname=".[MenuItemComponent] When component is initialized with a green notification"/>
  <testcase name="[MenuItemComponent] When component is initialized with a green notification the menu item title is set" time="0.001" classname=".[MenuItemComponent] When component is initialized with a green notification"/>
  <testcase name="[DropdownItemComponent] onFocus hasFocus is set to true" time="0" classname=".[DropdownItemComponent] onFocus"/>
  <testcase name="[DropdownItemComponent] Instatiate selected is correct" time="0" classname=".[DropdownItemComponent] Instatiate"/>
  <testcase name="[DropdownItemComponent] Instatiate visible is correct" time="0" classname=".[DropdownItemComponent] Instatiate"/>
  <testcase name="[DropdownItemComponent] Instatiate selectedLabel is correct" time="0" classname=".[DropdownItemComponent] Instatiate"/>
  <testcase name="[DropdownItemComponent] Instatiate value is correct" time="0" classname=".[DropdownItemComponent] Instatiate"/>
  <testcase name="[DropdownItemComponent] Instatiate label is correct" time="0" classname=".[DropdownItemComponent] Instatiate"/>
  <testcase name="[DropdownItemComponent] Instatiate multi is correct" time="0" classname=".[DropdownItemComponent] Instatiate"/>
  <testcase name="[DropdownItemComponent] toggleSelect When multi is true and selected is true selected is set to false" time="0" classname=".[DropdownItemComponent] toggleSelect When multi is true and selected is true"/>
  <testcase name="[DropdownItemComponent] toggleSelect When multi is true toggle is emitted" time="0" classname=".[DropdownItemComponent] toggleSelect When multi is true"/>
  <testcase name="[DropdownItemComponent] toggleSelect When multi is true and selected is false selected is set to true" time="0.001" classname=".[DropdownItemComponent] toggleSelect When multi is true and selected is false"/>
  <testcase name="[DropdownItemComponent] toggleSelect When multi is false confirm is emitted" time="0" classname=".[DropdownItemComponent] toggleSelect When multi is false"/>
  <testcase name="[DropdownItemComponent] toggleSelect When multi is false selected is set to true" time="0" classname=".[DropdownItemComponent] toggleSelect When multi is false"/>
  <testcase name="[DropdownItemComponent] onKeydown When key is Enter confirm is emitted" time="0" classname=".[DropdownItemComponent] onKeydown When key is Enter"/>
  <testcase name="[DropdownItemComponent] onKeydown When key is Enter selected is set to true" time="0" classname=".[DropdownItemComponent] onKeydown When key is Enter"/>
  <testcase name="[DropdownItemComponent] onKeydown When key is &lt;space> or Spacebar and multi is true toggle is emitted" time="0" classname=".[DropdownItemComponent] onKeydown When key is &lt;space> or Spacebar and multi is true"/>
  <testcase name="[DropdownItemComponent] onKeydown When key is &lt;space> or Spacebar and multi is true and selected is true selected is set to false" time="0" classname=".[DropdownItemComponent] onKeydown When key is &lt;space> or Spacebar and multi is true and selected is true"/>
  <testcase name="[DropdownItemComponent] onKeydown When key is &lt;space> or Spacebar and multi is true and selected is false selected is set to true" time="0" classname=".[DropdownItemComponent] onKeydown When key is &lt;space> or Spacebar and multi is true and selected is false"/>
  <testcase name="[DropdownItemComponent] onKeydown When key is ArrowDown or Down next is emitted" time="0" classname=".[DropdownItemComponent] onKeydown When key is ArrowDown or Down"/>
  <testcase name="[DropdownItemComponent] onKeydown When key is word character nextMatch is emitted" time="0.001" classname=".[DropdownItemComponent] onKeydown When key is word character"/>
  <testcase name="[DropdownItemComponent] onKeydown When key is ArrowUp or Up previous is emitted" time="0" classname=".[DropdownItemComponent] onKeydown When key is ArrowUp or Up"/>
  <testcase name="[DropdownItemComponent] onBlur hasFocus is set to false" time="0" classname=".[DropdownItemComponent] onBlur"/>
  <testcase name="TabButtonGroupComponent When navigating with keyboard and pressing arrow down key next Tab-button is focused" time="0.008" classname=".TabButtonGroupComponent When navigating with keyboard and pressing arrow down key"/>
  <testcase name="TabButtonGroupComponent When navigating with keyboard and pressing arrow left key previous Tab-button is focused" time="0.004" classname=".TabButtonGroupComponent When navigating with keyboard and pressing arrow left key"/>
  <testcase name="TabButtonGroupComponent When navigating with keyboard and pressing arrow right key in IE next Tab-button is focused" time="0.003" classname=".TabButtonGroupComponent When navigating with keyboard and pressing arrow right key in IE"/>
  <testcase name="TabButtonGroupComponent When navigating with keyboard and pressing arrow right key next Tab-button is focused" time="0.003" classname=".TabButtonGroupComponent When navigating with keyboard and pressing arrow right key"/>
  <testcase name="TabButtonGroupComponent When navigating with keyboard and pressing arrow up in IE previous Tab-button is focused" time="0.003" classname=".TabButtonGroupComponent When navigating with keyboard and pressing arrow up in IE"/>
  <testcase name="TabButtonGroupComponent When navigating with keyboard and pressing arrow up key previous Tab-button is focused" time="0.003" classname=".TabButtonGroupComponent When navigating with keyboard and pressing arrow up key"/>
  <testcase name="TabButtonGroupComponent When navigating with keyboard and pressing arrow left key in IE previous Tab-button is focused" time="0.003" classname=".TabButtonGroupComponent When navigating with keyboard and pressing arrow left key in IE"/>
  <testcase name="TabButtonGroupComponent When navigating with keyboard and pressing arrow down in IE next Tab-button is focused" time="0.003" classname=".TabButtonGroupComponent When navigating with keyboard and pressing arrow down in IE"/>
  <testcase name="SortArrowComponent should create" time="0" classname=".SortArrowComponent">
    <skipped/>
  </testcase>
  <testcase name="[DatepickerNewComponent - Angular] When min zoom is months and calendar is open and next arrow is clicked next year is shown" time="0.033" classname=".[DatepickerNewComponent - Angular] When min zoom is months and calendar is open and next arrow is clicked"/>
  <testcase name="[DatepickerNewComponent - Angular] When min zoom is months and calendar is open and header is clicked and year is clicked months are shown" time="0.015" classname=".[DatepickerNewComponent - Angular] When min zoom is months and calendar is open and header is clicked and year is clicked"/>
  <testcase name="[DatepickerNewComponent - Angular] When min zoom is months and calendar is open and header is clicked years are shown" time="0.011" classname=".[DatepickerNewComponent - Angular] When min zoom is months and calendar is open and header is clicked"/>
  <testcase name="[DatepickerNewComponent - Angular] When min zoom is months and calendar is open and previous arrow is clicked previous year is shown" time="0.01" classname=".[DatepickerNewComponent - Angular] When min zoom is months and calendar is open and previous arrow is clicked"/>
  <testcase name="[DatepickerNewComponent - Angular] When min zoom is months and calendar is open and month is clicked month is selected" time="0.009" classname=".[DatepickerNewComponent - Angular] When min zoom is months and calendar is open and month is clicked"/>
  <testcase name="[DatepickerNewComponent - Angular] When min zoom is months and invalid text is entered no date is selected" time="0.004" classname=".[DatepickerNewComponent - Angular] When min zoom is months and invalid text is entered"/>
  <testcase name="[DatepickerNewComponent - Angular] When min zoom is months and invalid text is entered error is shown" time="0.005" classname=".[DatepickerNewComponent - Angular] When min zoom is months and invalid text is entered"/>
  <testcase name="[DatepickerNewComponent - Angular] When min zoom is months and valid text is entered with format YY-MM month is selected" time="0.004" classname=".[DatepickerNewComponent - Angular] When min zoom is months and valid text is entered with format YY-MM"/>
  <testcase name="[DatepickerNewComponent - Angular] When min zoom is months and valid text is entered with format YY MM month is selected" time="0.006" classname=".[DatepickerNewComponent - Angular] When min zoom is months and valid text is entered with format YY MM"/>
[...]
3. To allow any property add 'NO_ERRORS_SCHEMA' to the '@NgModule.schemas' of this component.'
,Chrome Headless 126.0.6478.127 (Windows 10) ERROR: 'NG0303: Can't bind to 'pulse' since it isn't a known property of 'fa-icon' (used in the 'IconComponent' component template).
1. If 'fa-icon' is an Angular component and it has the 'pulse' input, then verify that it is a part of an @NgModule where this component is declared.
2. If 'fa-icon' is a Web Component then add 'CUSTOM_ELEMENTS_SCHEMA' to the '@NgModule.schemas' of this component to suppress this message.
3. To allow any property add 'NO_ERRORS_SCHEMA' to the '@NgModule.schemas' of this component.'
,Chrome Headless 126.0.6478.127 (Windows 10) ERROR: 'NG0303: Can't bind to 'spin' since it isn't a known property of 'fa-icon' (used in the 'IconComponent' component template).
1. If 'fa-icon' is an Angular component and it has the 'spin' input, then verify that it is a part of an @NgModule where this component is declared.
2. If 'fa-icon' is a Web Component then add 'CUSTOM_ELEMENTS_SCHEMA' to the '@NgModule.schemas' of this component to suppress this message.
3. To allow any property add 'NO_ERRORS_SCHEMA' to the '@NgModule.schemas' of this component.'
,Chrome Headless 126.0.6478.127 (Windows 10) ERROR: 'NG0303: Can't bind to 'pulse' since it isn't a known property of 'fa-icon' (used in the 'IconComponent' component template).
1. If 'fa-icon' is an Angular component and it has the 'pulse' input, then verify that it is a part of an @NgModule where this component is declared.
2. If 'fa-icon' is a Web Component then add 'CUSTOM_ELEMENTS_SCHEMA' to the '@NgModule.schemas' of this component to suppress this message.
3. To allow any property add 'NO_ERRORS_SCHEMA' to the '@NgModule.schemas' of this component.'
,Chrome Headless 126.0.6478.127 (Windows 10) ERROR: 'NG0303: Can't bind to 'spin' since it isn't a known property of 'fa-icon' (used in the 'IconComponent' component template).
1. If 'fa-icon' is an Angular component and it has the 'spin' input, then verify that it is a part of an @NgModule where this component is declared.
2. If 'fa-icon' is a Web Component then add 'CUSTOM_ELEMENTS_SCHEMA' to the '@NgModule.schemas' of this component to suppress this message.
3. To allow any property add 'NO_ERRORS_SCHEMA' to the '@NgModule.schemas' of this component.'
,Chrome Headless 126.0.6478.127 (Windows 10) ERROR: 'NG0303: Can't bind to 'pulse' since it isn't a known property of 'fa-icon' (used in the 'IconComponent' component template).
1. If 'fa-icon' is an Angular component and it has the 'pulse' input, then verify that it is a part of an @NgModule where this component is declared.
2. If 'fa-icon' is a Web Component then add 'CUSTOM_ELEMENTS_SCHEMA' to the '@NgModule.schemas' of this component to suppress this message.
3. To allow any property add 'NO_ERRORS_SCHEMA' to the '@NgModule.schemas' of this component.'
,Chrome Headless 126.0.6478.127 (Windows 10) ERROR: 'NG0303: Can't bind to 'spin' since it isn't a known property of 'fa-icon' (used in the 'IconComponent' component template).
1. If 'fa-icon' is an Angular component and it has the 'spin' input, then verify that it is a part of an @NgModule where this component is declared.
2. If 'fa-icon' is a Web Component then add 'CUSTOM_ELEMENTS_SCHEMA' to the '@NgModule.schemas' of this component to suppress this message.
3. To allow any property add 'NO_ERRORS_SCHEMA' to the '@NgModule.schemas' of this component.'
,Chrome Headless 126.0.6478.127 (Windows 10) ERROR: 'NG0303: Can't bind to 'pulse' since it isn't a known property of 'fa-icon' (used in the 'IconComponent' component template).
1. If 'fa-icon' is an Angular component and it has the 'pulse' input, then verify that it is a part of an @NgModule where this component is declared.
2. If 'fa-icon' is a Web Component then add 'CUSTOM_ELEMENTS_SCHEMA' to the '@NgModule.schemas' of this component to suppress this message.
3. To allow any property add 'NO_ERRORS_SCHEMA' to the '@NgModule.schemas' of this component.'
,Chrome Headless 126.0.6478.127 (Windows 10) ERROR: 'NG0303: Can't bind to 'spin' since it isn't a known property of 'fa-icon' (used in the 'IconComponent' component template).
1. If 'fa-icon' is an Angular component and it has the 'spin' input, then verify that it is a part of an @NgModule where this component is declared.
2. If 'fa-icon' is a Web Component then add 'CUSTOM_ELEMENTS_SCHEMA' to the '@NgModule.schemas' of this component to suppress this message.
3. To allow any property add 'NO_ERRORS_SCHEMA' to the '@NgModule.schemas' of this component.'
,Chrome Headless 126.0.6478.127 (Windows 10) ERROR: 'NG0303: Can't bind to 'pulse' since it isn't a known property of 'fa-icon' (used in the 'IconComponent' component template).
1. If 'fa-icon' is an Angular component and it has the 'pulse' input, then verify that it is a part of an @NgModule where this component is declared.
2. If 'fa-icon' is a Web Component then add 'CUSTOM_ELEMENTS_SCHEMA' to the '@NgModule.schemas' of this component to suppress this message.
3. To allow any property add 'NO_ERRORS_SCHEMA' to the '@NgModule.schemas' of this component.'
,Chrome Headless 126.0.6478.127 (Windows 10) ERROR: 'NG0303: Can't bind to 'spin' since it isn't a known property of 'fa-icon' (used in the 'IconComponent' component template).
1. If 'fa-icon' is an Angular component and it has the 'spin' input, then verify that it is a part of an @NgModule where this component is declared.
2. If 'fa-icon' is a Web Component then add 'CUSTOM_ELEMENTS_SCHEMA' to the '@NgModule.schemas' of this component to suppress this message.
3. To allow any property add 'NO_ERRORS_SCHEMA' to the '@NgModule.schemas' of this component.'
,Chrome Headless 126.0.6478.127 (Windows 10) ERROR: 'NG0303: Can't bind to 'pulse' since it isn't a known property of 'fa-icon' (used in the 'IconComponent' component template).
1. If 'fa-icon' is an Angular component and it has the 'pulse' input, then verify that it is a part of an @NgModule where this component is declared.
2. If 'fa-icon' is a Web Component then add 'CUSTOM_ELEMENTS_SCHEMA' to the '@NgModule.schemas' of this component to suppress this message.
3. To allow any property add 'NO_ERRORS_SCHEMA' to the '@NgModule.schemas' of this component.'
,Chrome Headless 126.0.6478.127 (Windows 10) ERROR: 'NG0303: Can't bind to 'spin' since it isn't a known property of 'fa-icon' (used in the 'IconComponent' component template).
1. If 'fa-icon' is an Angular component and it has the 'spin' input, then verify that it is a part of an @NgModule where this component is declared.
2. If 'fa-icon' is a Web Component then add 'CUSTOM_ELEMENTS_SCHEMA' to the '@NgModule.schemas' of this component to suppress this message.
3. To allow any property add 'NO_ERRORS_SCHEMA' to the '@NgModule.schemas' of this component.'
,Chrome Headless 126.0.6478.127 (Windows 10) ERROR: 'NG0303: Can't bind to 'pulse' since it isn't a known property of 'fa-icon' (used in the 'IconComponent' component template).
1. If 'fa-icon' is an Angular component and it has the 'pulse' input, then verify that it is a part of an @NgModule where this component is declared.
2. If 'fa-icon' is a Web Component then add 'CUSTOM_ELEMENTS_SCHEMA' to the '@NgModule.schemas' of this component to suppress this message.
3. To allow any property add 'NO_ERRORS_SCHEMA' to the '@NgModule.schemas' of this component.'
,Chrome Headless 126.0.6478.127 (Windows 10) ERROR: 'NG0303: Can't bind to 'spin' since it isn't a known property of 'fa-icon' (used in the 'IconComponent' component template).
1. If 'fa-icon' is an Angular component and it has the 'spin' input, then verify that it is a part of an @NgModule where this component is declared.
2. If 'fa-icon' is a Web Component then add 'CUSTOM_ELEMENTS_SCHEMA' to the '@NgModule.schemas' of this component to suppress this message.
3. To allow any property add 'NO_ERRORS_SCHEMA' to the '@NgModule.schemas' of this component.'
,Chrome Headless 126.0.6478.127 (Windows 10) ERROR: 'NG0303: Can't bind to 'pulse' since it isn't a known property of 'fa-icon' (used in the 'IconComponent' component template).
1. If 'fa-icon' is an Angular component and it has the 'pulse' input, then verify that it is a part of an @NgModule where this component is declared.
2. If 'fa-icon' is a Web Component then add 'CUSTOM_ELEMENTS_SCHEMA' to the '@NgModule.schemas' of this component to suppress this message.
3. To allow any property add 'NO_ERRORS_SCHEMA' to the '@NgModule.schemas' of this component.'
,Chrome Headless 126.0.6478.127 (Windows 10) ERROR: 'NG0303: Can't bind to 'spin' since it isn't a known property of 'fa-icon' (used in the 'IconComponent' component template).
1. If 'fa-icon' is an Angular component and it has the 'spin' input, then verify that it is a part of an @NgModule where this component is declared.
2. If 'fa-icon' is a Web Component then add 'CUSTOM_ELEMENTS_SCHEMA' to the '@NgModule.schemas' of this component to suppress this message.
3. To allow any property add 'NO_ERRORS_SCHEMA' to the '@NgModule.schemas' of this component.'
,Chrome Headless 126.0.6478.127 (Windows 10) ERROR: 'NG0303: Can't bind to 'pulse' since it isn't a known property of 'fa-icon' (used in the 'IconComponent' component template).
1. If 'fa-icon' is an Angular component and it has the 'pulse' input, then verify that it is a part of an @NgModule where this component is declared.
2. If 'fa-icon' is a Web Component then add 'CUSTOM_ELEMENTS_SCHEMA' to the '@NgModule.schemas' of this component to suppress this message.
3. To allow any property add 'NO_ERRORS_SCHEMA' to the '@NgModule.schemas' of this component.'
,Chrome Headless 126.0.6478.127 (Windows 10) ERROR: 'NG0303: Can't bind to 'spin' since it isn't a known property of 'fa-icon' (used in the 'IconComponent' component template).
1. If 'fa-icon' is an Angular component and it has the 'spin' input, then verify that it is a part of an @NgModule where this component is declared.
2. If 'fa-icon' is a Web Component then add 'CUSTOM_ELEMENTS_SCHEMA' to the '@NgModule.schemas' of this component to suppress this message.
3. To allow any property add 'NO_ERRORS_SCHEMA' to the '@NgModule.schemas' of this component.'
,Chrome Headless 126.0.6478.127 (Windows 10) ERROR: 'NG0303: Can't bind to 'pulse' since it isn't a known property of 'fa-icon' (used in the 'IconComponent' component template).
1. If 'fa-icon' is an Angular component and it has the 'pulse' input, then verify that it is a part of an @NgModule where this component is declared.
2. If 'fa-icon' is a Web Component then add 'CUSTOM_ELEMENTS_SCHEMA' to the '@NgModule.schemas' of this component to suppress this message.
3. To allow any property add 'NO_ERRORS_SCHEMA' to the '@NgModule.schemas' of this component.'
,Chrome Headless 126.0.6478.127 (Windows 10) ERROR: 'NG0303: Can't bind to 'spin' since it isn't a known property of 'fa-icon' (used in the 'IconComponent' component template).
1. If 'fa-icon' is an Angular component and it has the 'spin' input, then verify that it is a part of an @NgModule where this component is declared.
2. If 'fa-icon' is a Web Component then add 'CUSTOM_ELEMENTS_SCHEMA' to the '@NgModule.schemas' of this component to suppress this message.
3. To allow any property add 'NO_ERRORS_SCHEMA' to the '@NgModule.schemas' of this component.'
,Chrome Headless 126.0.6478.127 (Windows 10) ERROR: 'NG0303: Can't bind to 'pulse' since it isn't a known property of 'fa-icon' (used in the 'IconComponent' component template).
1. If 'fa-icon' is an Angular component and it has the 'pulse' input, then verify that it is a part of an @NgModule where this component is declared.
2. If 'fa-icon' is a Web Component then add 'CUSTOM_ELEMENTS_SCHEMA' to the '@NgModule.schemas' of this component to suppress this message.
3. To allow any property add 'NO_ERRORS_SCHEMA' to the '@NgModule.schemas' of this component.'
,Chrome Headless 126.0.6478.127 (Windows 10) ERROR: 'NG0303: Can't bind to 'spin' since it isn't a known property of 'fa-icon' (used in the 'IconComponent' component template).
1. If 'fa-icon' is an Angular component and it has the 'spin' input, then verify that it is a part of an @NgModule where this component is declared.
2. If 'fa-icon' is a Web Component then add 'CUSTOM_ELEMENTS_SCHEMA' to the '@NgModule.schemas' of this component to suppress this message.
3. To allow any property add 'NO_ERRORS_SCHEMA' to the '@NgModule.schemas' of this component.'
,Chrome Headless 126.0.6478.127 (Windows 10) ERROR: 'NG0303: Can't bind to 'pulse' since it isn't a known property of 'fa-icon' (used in the 'IconComponent' component template).
1. If 'fa-icon' is an Angular component and it has the 'pulse' input, then verify that it is a part of an @NgModule where this component is declared.
2. If 'fa-icon' is a Web Component then add 'CUSTOM_ELEMENTS_SCHEMA' to the '@NgModule.schemas' of this component to suppress this message.
3. To allow any property add 'NO_ERRORS_SCHEMA' to the '@NgModule.schemas' of this component.'
,Chrome Headless 126.0.6478.127 (Windows 10) ERROR: 'NG0303: Can't bind to 'spin' since it isn't a known property of 'fa-icon' (used in the 'IconComponent' component template).
1. If 'fa-icon' is an Angular component and it has the 'spin' input, then verify that it is a part of an @NgModule where this component is declared.
2. If 'fa-icon' is a Web Component then add 'CUSTOM_ELEMENTS_SCHEMA' to the '@NgModule.schemas' of this component to suppress this message.
3. To allow any property add 'NO_ERRORS_SCHEMA' to the '@NgModule.schemas' of this component.'
,Chrome Headless 126.0.6478.127 (Windows 10) ERROR: 'NG0303: Can't bind to 'pulse' since it isn't a known property of 'fa-icon' (used in the 'IconComponent' component template).
1. If 'fa-icon' is an Angular component and it has the 'pulse' input, then verify that it is a part of an @NgModule where this component is declared.
2. If 'fa-icon' is a Web Component then add 'CUSTOM_ELEMENTS_SCHEMA' to the '@NgModule.schemas' of this component to suppress this message.
3. To allow any property add 'NO_ERRORS_SCHEMA' to the '@NgModule.schemas' of this component.'
,Chrome Headless 126.0.6478.127 (Windows 10) ERROR: 'NG0303: Can't bind to 'spin' since it isn't a known property of 'fa-icon' (used in the 'IconComponent' component template).
1. If 'fa-icon' is an Angular component and it has the 'spin' input, then verify that it is a part of an @NgModule where this component is declared.
2. If 'fa-icon' is a Web Component then add 'CUSTOM_ELEMENTS_SCHEMA' to the '@NgModule.schemas' of this component to suppress this message.
3. To allow any property add 'NO_ERRORS_SCHEMA' to the '@NgModule.schemas' of this component.'
,Chrome Headless 126.0.6478.127 (Windows 10) ERROR: 'NG0303: Can't bind to 'pulse' since it isn't a known property of 'fa-icon' (used in the 'IconComponent' component template).
1. If 'fa-icon' is an Angular component and it has the 'pulse' input, then verify that it is a part of an @NgModule where this component is declared.
2. If 'fa-icon' is a Web Component then add 'CUSTOM_ELEMENTS_SCHEMA' to the '@NgModule.schemas' of this component to suppress this message.
3. To allow any property add 'NO_ERRORS_SCHEMA' to the '@NgModule.schemas' of this component.'
,Chrome Headless 126.0.6478.127 (Windows 10) WARN: 'Komponenten <vgr-radio-group> är utfasad och skall ersättas med <vgr-radiobutton-group>'
,Chrome Headless 126.0.6478.127 (Windows 10) WARN: 'Komponenten <vgr-radio-group> är utfasad och skall ersättas med <vgr-radiobutton-group>'
,Chrome Headless 126.0.6478.127 (Windows 10) WARN: 'Komponenten <vgr-radio-group> är utfasad och skall ersättas med <vgr-radiobutton-group>'
,Chrome Headless 126.0.6478.127 (Windows 10) WARN: 'Komponenten <vgr-radio-group> är utfasad och skall ersättas med <vgr-radiobutton-group>'
,Chrome Headless 126.0.6478.127 (Windows 10) WARN: 'Komponenten <vgr-radio-group> är utfasad och skall ersättas med <vgr-radiobutton-group>'
,Chrome Headless 126.0.6478.127 (Windows 10) WARN: 'Komponenten <vgr-radio-group> är utfasad och skall ersättas med <vgr-radiobutton-group>'
,Chrome Headless 126.0.6478.127 (Windows 10) WARN: 'Komponenten <vgr-radio-group> är utfasad och skall ersättas med <vgr-radiobutton-group>'
,Chrome Headless 126.0.6478.127 (Windows 10) WARN: 'Komponenten <vgr-radio-group> är utfasad och skall ersättas med <vgr-radiobutton-group>'
,Chrome Headless 126.0.6478.127 (Windows 10) WARN: 'Komponenten <vgr-radio-group> är utfasad och skall ersättas med <vgr-radiobutton-group>'
,Chrome Headless 126.0.6478.127 (Windows 10) WARN: 'Komponenten <vgr-radio-group> är utfasad och skall ersättas med <vgr-radiobutton-group>'
,Chrome Headless 126.0.6478.127 (Windows 10) WARN: 'Komponenten <vgr-radio-group> är utfasad och skall ersättas med <vgr-radiobutton-group>'
,Chrome Headless 126.0.6478.127 (Windows 10) WARN: 'Komponenten <vgr-radio-group> är utfasad och skall ersättas med <vgr-radiobutton-group>'
,Chrome Headless 126.0.6478.127 (Windows 10) WARN: 'Komponenten <vgr-radio-group> är utfasad och skall ersättas med <vgr-radiobutton-group>'
,Chrome Headless 126.0.6478.127 (Windows 10) WARN: 'Komponenten <vgr-radio-group> är utfasad och skall ersättas med <vgr-radiobutton-group>'
,Chrome Headless 126.0.6478.127 (Windows 10) ERROR: 'NG0303: Can't bind to 'spin' since it isn't a known property of 'fa-icon' (used in the 'IconComponent' component template).
1. If 'fa-icon' is an Angular component and it has the 'spin' input, then verify that it is a part of an @NgModule where this component is declared.
2. If 'fa-icon' is a Web Component then add 'CUSTOM_ELEMENTS_SCHEMA' to the '@NgModule.schemas' of this component to suppress this message.
3. To allow any property add 'NO_ERRORS_SCHEMA' to the '@NgModule.schemas' of this component.'
,Chrome Headless 126.0.6478.127 (Windows 10) ERROR: 'NG0303: Can't bind to 'pulse' since it isn't a known property of 'fa-icon' (used in the 'IconComponent' component template).
1. If 'fa-icon' is an Angular component and it has the 'pulse' input, then verify that it is a part of an @NgModule where this component is declared.
2. If 'fa-icon' is a Web Component then add 'CUSTOM_ELEMENTS_SCHEMA' to the '@NgModule.schemas' of this component to suppress this message.
3. To allow any property add 'NO_ERRORS_SCHEMA' to the '@NgModule.schemas' of this component.'
,Chrome Headless 126.0.6478.127 (Windows 10) ERROR: 'ERROR', TypeError: event.preventDefault is not a function
TypeError: event.preventDefault is not a function
    at CheckboxGroupComponent.keyDown (http://localhost:9876/_karma_webpack_/main.js:10938:13)
    at SpyStrategy.exec (http://localhost:9876/absoluteC:/Projekt/komponentkartan/node_modules/jasmine-core/lib/jasmine-core/jasmine.js?7cbe40ea01cb84b567ab94817dab395ea48ff6b7:9941:39)
    at SpyStrategyDispatcher.exec (http://localhost:9876/absoluteC:/Projekt/komponentkartan/node_modules/jasmine-core/lib/jasmine-core/jasmine.js?7cbe40ea01cb84b567ab94817dab395ea48ff6b7:9460:23)
    at spy (http://localhost:9876/absoluteC:/Projekt/komponentkartan/node_modules/jasmine-core/lib/jasmine-core/jasmine.js?7cbe40ea01cb84b567ab94817dab395ea48ff6b7:9340:46)
    at http://localhost:9876/absoluteC:/Projekt/komponentkartan/node_modules/jasmine-core/lib/jasmine-core/jasmine.js?7cbe40ea01cb84b567ab94817dab395ea48ff6b7:9313:16
    at CheckboxGroupComponent.wrap1 [as keyDown] (http://localhost:9876/absoluteC:/Projekt/komponentkartan/node_modules/jasmine-core/lib/jasmine-core/jasmine.js?7cbe40ea01cb84b567ab94817dab395ea48ff6b7:9350:20)
    at CheckboxGroupComponent_Template_div_keydown_2_listener (ng:///CheckboxGroupComponent.js:75:22)
    at executeListenerWithErrorHandling (http://localhost:9876/_karma_webpack_/vendor.js:102120:12)
    at HTMLDivElement.wrapListenerIn_markDirtyAndPreventDefault (http://localhost:9876/_karma_webpack_/vendor.js:102152:18)
    at http://localhost:9876/_karma_webpack_/vendor.js:110042:18

]]>
  </system-out>
  <system-err/>
</testsuite>