<?xml version="1.0"?>
<testsuite name="Chrome Headless 99.0.4844.82 (Windows 10)" package="karma-test-result" timestamp="2022-03-24T06:26:41" id="0" hostname="W370366" tests="770" errors="0" failures="0" time="7.103">
  <properties>
    <property name="browser.fullName" value="Mozilla/5.0 (Windows NT 10.0; Win64; x64) AppleWebKit/537.36 (KHTML, like Gecko) HeadlessChrome/99.0.4844.82 Safari/537.36"/>
  </properties>
  <testcase name="[DatepickerNewComponent - Angular] When header is clicked and calendar is expanded calendar is collapsed" time="0.131" classname=".[DatepickerNewComponent - Angular] When header is clicked and calendar is expanded"/>
  <testcase name="[DatepickerNewComponent - Angular] When header is clicked and calendar is collapsed and component is disabled calendar is not expanded" time="0.012" classname=".[DatepickerNewComponent - Angular] When header is clicked and calendar is collapsed and component is disabled"/>
  <testcase name="[DatepickerNewComponent - Angular] When header is clicked and calendar is collapsed and component is readonly calendar is not expanded" time="0.009" classname=".[DatepickerNewComponent - Angular] When header is clicked and calendar is collapsed and component is readonly"/>
  <testcase name="[DatepickerNewComponent - Angular] When header is clicked and calendar is collapsed calendar is expanded" time="0.046" classname=".[DatepickerNewComponent - Angular] When header is clicked and calendar is collapsed"/>
  <testcase name="[DatepickerNewComponent - Angular] When min zoom is months and valid text is entered with format YYMM month is selected" time="0.014" classname=".[DatepickerNewComponent - Angular] When min zoom is months and valid text is entered with format YYMM"/>
  <testcase name="[DatepickerNewComponent - Angular] When min zoom is months and valid text is entered with format YYYY MM month is selected" time="0.007" classname=".[DatepickerNewComponent - Angular] When min zoom is months and valid text is entered with format YYYY MM"/>
  <testcase name="[DatepickerNewComponent - Angular] When min zoom is months and valid text is entered with format abreviated month YY month is selected" time="0.007" classname=".[DatepickerNewComponent - Angular] When min zoom is months and valid text is entered with format abreviated month YY"/>
  <testcase name="[DatepickerNewComponent - Angular] When min zoom is months and valid text is entered with format abreviated month YYYY month is selected" time="0.008" classname=".[DatepickerNewComponent - Angular] When min zoom is months and valid text is entered with format abreviated month YYYY"/>
  <testcase name="[DatepickerNewComponent - Angular] When min zoom is months and valid text is entered with format month YY month is selected" time="0.008" classname=".[DatepickerNewComponent - Angular] When min zoom is months and valid text is entered with format month YY"/>
  <testcase name="[DatepickerNewComponent - Angular] When min zoom is months and valid text is entered with format YYYYMM month is selected" time="0.007" classname=".[DatepickerNewComponent - Angular] When min zoom is months and valid text is entered with format YYYYMM"/>
  <testcase name="[DatepickerNewComponent - Angular] When min zoom is months and valid text is entered with format YY-MM month is selected" time="0.007" classname=".[DatepickerNewComponent - Angular] When min zoom is months and valid text is entered with format YY-MM"/>
  <testcase name="[DatepickerNewComponent - Angular] When min zoom is months and valid text is entered with format month YYYY month is selected" time="0.007" classname=".[DatepickerNewComponent - Angular] When min zoom is months and valid text is entered with format month YYYY"/>
  <testcase name="[DatepickerNewComponent - Angular] When min zoom is months and valid text is entered with format YYYY-MM month is selected" time="0.007" classname=".[DatepickerNewComponent - Angular] When min zoom is months and valid text is entered with format YYYY-MM"/>
  <testcase name="[DatepickerNewComponent - Angular] When min zoom is months and valid text is entered with format YY MM month is selected" time="0.006" classname=".[DatepickerNewComponent - Angular] When min zoom is months and valid text is entered with format YY MM"/>
  <testcase name="[DatepickerNewComponent - Angular] When min zoom is months and calendar is open and next arrow is clicked next year is shown" time="0.034" classname=".[DatepickerNewComponent - Angular] When min zoom is months and calendar is open and next arrow is clicked"/>
  <testcase name="[DatepickerNewComponent - Angular] When min zoom is months and calendar is open and month is clicked month is selected" time="0.02" classname=".[DatepickerNewComponent - Angular] When min zoom is months and calendar is open and month is clicked"/>
  <testcase name="[DatepickerNewComponent - Angular] When min zoom is months and calendar is open and header is clicked and year is clicked months are shown" time="0.047" classname=".[DatepickerNewComponent - Angular] When min zoom is months and calendar is open and header is clicked and year is clicked"/>
  <testcase name="[DatepickerNewComponent - Angular] When min zoom is months and calendar is open and header is clicked years are shown" time="0.041" classname=".[DatepickerNewComponent - Angular] When min zoom is months and calendar is open and header is clicked"/>
  <testcase name="[DatepickerNewComponent - Angular] When min zoom is months and calendar is open and previous arrow is clicked previous year is shown" time="0.035" classname=".[DatepickerNewComponent - Angular] When min zoom is months and calendar is open and previous arrow is clicked"/>
  <testcase name="[DatepickerNewComponent - Angular] When min zoom is months and invalid text is entered error is shown" time="0.01" classname=".[DatepickerNewComponent - Angular] When min zoom is months and invalid text is entered"/>
  <testcase name="[DatepickerNewComponent - Angular] When min zoom is months and invalid text is entered no date is selected" time="0.007" classname=".[DatepickerNewComponent - Angular] When min zoom is months and invalid text is entered"/>
  <testcase name="[DatepickerNewComponent - Angular] When min zoom is days and valid text is entered with format YYYY MM DD date is selected" time="0.006" classname=".[DatepickerNewComponent - Angular] When min zoom is days and valid text is entered with format YYYY MM DD"/>
  <testcase name="[DatepickerNewComponent - Angular] When min zoom is days and valid text is entered with format YYYYMMDD date is selected" time="0.008" classname=".[DatepickerNewComponent - Angular] When min zoom is days and valid text is entered with format YYYYMMDD"/>
  <testcase name="[DatepickerNewComponent - Angular] When min zoom is days and valid text is entered with format YY MM DD date is selected" time="0.007" classname=".[DatepickerNewComponent - Angular] When min zoom is days and valid text is entered with format YY MM DD"/>
  <testcase name="[DatepickerNewComponent - Angular] When min zoom is days and valid text is entered with format YY-MM-DD date is selected" time="0.007" classname=".[DatepickerNewComponent - Angular] When min zoom is days and valid text is entered with format YY-MM-DD"/>
  <testcase name="[DatepickerNewComponent - Angular] When min zoom is days and valid text is entered with format YYMMDD date is selected" time="0.008" classname=".[DatepickerNewComponent - Angular] When min zoom is days and valid text is entered with format YYMMDD"/>
  <testcase name="[DatepickerNewComponent - Angular] When min zoom is days and valid text is entered with format YYYY-MM-DD date is selected" time="0.007" classname=".[DatepickerNewComponent - Angular] When min zoom is days and valid text is entered with format YYYY-MM-DD"/>
  <testcase name="[DatepickerNewComponent - Angular] When min zoom is days and invalid text is entered no date is selected" time="0.007" classname=".[DatepickerNewComponent - Angular] When min zoom is days and invalid text is entered"/>
  <testcase name="[DatepickerNewComponent - Angular] When min zoom is days and invalid text is entered error is shown" time="0.008" classname=".[DatepickerNewComponent - Angular] When min zoom is days and invalid text is entered"/>
  <testcase name="[DatepickerNewComponent - Angular] When min zoom is days and calendar is open and previous arrow is clicked previous month is shown" time="0.067" classname=".[DatepickerNewComponent - Angular] When min zoom is days and calendar is open and previous arrow is clicked"/>
  <testcase name="[DatepickerNewComponent - Angular] When min zoom is days and calendar is open and next arrow is clicked next month is shown" time="0.068" classname=".[DatepickerNewComponent - Angular] When min zoom is days and calendar is open and next arrow is clicked"/>
  <testcase name="[DatepickerNewComponent - Angular] When min zoom is days and calendar is open and date is clicked date is selected" time="0.035" classname=".[DatepickerNewComponent - Angular] When min zoom is days and calendar is open and date is clicked"/>
  <testcase name="[DatepickerNewComponent - Angular] When min zoom is days and calendar is open and header is clicked and header is clicked and year is clicked months are shown" time="0.074" classname=".[DatepickerNewComponent - Angular] When min zoom is days and calendar is open and header is clicked and header is clicked and year is clicked"/>
  <testcase name="[DatepickerNewComponent - Angular] When min zoom is days and calendar is open and header is clicked and header is clicked years are shown" time="0.055" classname=".[DatepickerNewComponent - Angular] When min zoom is days and calendar is open and header is clicked and header is clicked"/>
  <testcase name="[DatepickerNewComponent - Angular] When min zoom is days and calendar is open and header is clicked and month is clicked days are shown" time="0.077" classname=".[DatepickerNewComponent - Angular] When min zoom is days and calendar is open and header is clicked and month is clicked"/>
  <testcase name="[DatepickerNewComponent - Angular] When min zoom is days and calendar is open and header is clicked months are shown" time="0.05" classname=".[DatepickerNewComponent - Angular] When min zoom is days and calendar is open and header is clicked"/>
  <testcase name="[DatepickerNewComponent - Angular] When min zoom is years and valid text is entered with format YY year is selected" time="0.008" classname=".[DatepickerNewComponent - Angular] When min zoom is years and valid text is entered with format YY"/>
  <testcase name="[DatepickerNewComponent - Angular] When min zoom is years and valid text is entered with format YYYY year is selected" time="0.007" classname=".[DatepickerNewComponent - Angular] When min zoom is years and valid text is entered with format YYYY"/>
  <testcase name="[DatepickerNewComponent - Angular] When min zoom is years and calendar is open and next arrow is clicked next set of years are shown" time="0.025" classname=".[DatepickerNewComponent - Angular] When min zoom is years and calendar is open and next arrow is clicked"/>
  <testcase name="[DatepickerNewComponent - Angular] When min zoom is years and calendar is open and previous arrow is clicked previous set of years are shown" time="0.025" classname=".[DatepickerNewComponent - Angular] When min zoom is years and calendar is open and previous arrow is clicked"/>
  <testcase name="[DatepickerNewComponent - Angular] When min zoom is years and calendar is open and year is clicked year is selected" time="0.022" classname=".[DatepickerNewComponent - Angular] When min zoom is years and calendar is open and year is clicked"/>
  <testcase name="[DatepickerNewComponent - Angular] When min zoom is years and invalid text is entered no date is selected" time="0.007" classname=".[DatepickerNewComponent - Angular] When min zoom is years and invalid text is entered"/>
  <testcase name="[DatepickerNewComponent - Angular] When min zoom is years and invalid text is entered error is shown" time="0.007" classname=".[DatepickerNewComponent - Angular] When min zoom is years and invalid text is entered"/>
  <testcase name="[DatepickerNewComponent - Angular] should create" time="0.004" classname=".[DatepickerNewComponent - Angular]"/>
  <testcase name="[DatepickerItemComponent] Instatiate date is correct" time="0.001" classname=".[DatepickerItemComponent] Instatiate"/>
  <testcase name="[DatepickerItemComponent] Instatiate disabled is correct" time="0" classname=".[DatepickerItemComponent] Instatiate"/>
  <testcase name="[DatepickerItemComponent] Instatiate isMinZoom is correct" time="0" classname=".[DatepickerItemComponent] Instatiate"/>
  <testcase name="[DatepickerItemComponent] Instatiate type is correct" time="0" classname=".[DatepickerItemComponent] Instatiate"/>
  <testcase name="[DatepickerItemComponent] Instatiate selected is correct" time="0.001" classname=".[DatepickerItemComponent] Instatiate"/>
  <testcase name="[ActionPanelComponent] ngOnInit open is false isClosed is correct" time="0" classname=".[ActionPanelComponent] ngOnInit open is false"/>
  <testcase name="[ActionPanelComponent] ngOnInit open is false isOpened is correct" time="0" classname=".[ActionPanelComponent] ngOnInit open is false"/>
  <testcase name="[ActionPanelComponent] ngOnInit open is true isClosed is correct" time="0.002" classname=".[ActionPanelComponent] ngOnInit open is true"/>
  <testcase name="[ActionPanelComponent] ngOnInit open is true isOpened is correct" time="0" classname=".[ActionPanelComponent] ngOnInit open is true"/>
  <testcase name="[ActionPanelComponent] Instatiate showCloseButton is correct" time="0" classname=".[ActionPanelComponent] Instatiate"/>
  <testcase name="[ActionPanelComponent] Instatiate slideState is correct" time="0.001" classname=".[ActionPanelComponent] Instatiate"/>
  <testcase name="[ActionPanelComponent] Instatiate fadeState is correct" time="0.001" classname=".[ActionPanelComponent] Instatiate"/>
  <testcase name="[ActionPanelComponent] Instatiate title is correct" time="0.001" classname=".[ActionPanelComponent] Instatiate"/>
  <testcase name="[ActionPanelComponent] Instatiate open is correct" time="0" classname=".[ActionPanelComponent] Instatiate"/>
  <testcase name="[ActionPanelComponent] close open is correct" time="0" classname=".[ActionPanelComponent] close"/>
  <testcase name="[ActionPanelComponent] close slideState is correct" time="0.001" classname=".[ActionPanelComponent] close"/>
  <testcase name="[ActionPanelComponent] close event is emitted" time="0.003" classname=".[ActionPanelComponent] close"/>
  <testcase name="[ActionPanelComponent] onSlideStart from open isOpened is correct" time="0.001" classname=".[ActionPanelComponent] onSlideStart from open"/>
  <testcase name="[ActionPanelComponent] onSlideStart from closed isOpened is correct" time="0" classname=".[ActionPanelComponent] onSlideStart from closed"/>
  <testcase name="[ActionPanelComponent] onSlideEnd from closed isOpened is correct" time="0" classname=".[ActionPanelComponent] onSlideEnd from closed"/>
  <testcase name="[ActionPanelComponent] onSlideEnd from open isOpened is correct" time="0.001" classname=".[ActionPanelComponent] onSlideEnd from open"/>
  <testcase name="[ActionPanelComponent] ngOnChanges showCloseButton is changed to true fadeState is correct" time="0.001" classname=".[ActionPanelComponent] ngOnChanges showCloseButton is changed to true"/>
  <testcase name="[ActionPanelComponent] ngOnChanges showCloseButton is changed to false fadeState is correct" time="0" classname=".[ActionPanelComponent] ngOnChanges showCloseButton is changed to false"/>
  <testcase name="[ActionPanelComponent] ngOnChanges open is changed to false slideState is correct" time="0" classname=".[ActionPanelComponent] ngOnChanges open is changed to false"/>
  <testcase name="[ActionPanelComponent] ngOnChanges open is changed to false openChanged is emitted" time="0" classname=".[ActionPanelComponent] ngOnChanges open is changed to false"/>
  <testcase name="[ActionPanelComponent] ngOnChanges open is changed to true slideState is correct" time="0" classname=".[ActionPanelComponent] ngOnChanges open is changed to true"/>
  <testcase name="[ActionPanelComponent] ngOnChanges open is changed to true openChanged is emitted" time="0.003" classname=".[ActionPanelComponent] ngOnChanges open is changed to true"/>
  <testcase name="GridRowComponent should create" time="0.02" classname=".GridRowComponent"/>
  <testcase name="[MenuItemComponent] When component is initialized with a green notification the menu item title is set" time="0.019" classname=".[MenuItemComponent] When component is initialized with a green notification"/>
  <testcase name="[MenuItemComponent] When component is initialized with a green notification the notification color class is correct" time="0.005" classname=".[MenuItemComponent] When component is initialized with a green notification"/>
  <testcase name="[MenuItemComponent] When component is initialized with a green notification the notification color class is set" time="0.006" classname=".[MenuItemComponent] When component is initialized with a green notification"/>
  <testcase name="[MenuItemComponent] When component is initialized with a green notification the notification text is &quot;69&quot;" time="0.004" classname=".[MenuItemComponent] When component is initialized with a green notification"/>
  <testcase name="[MenuItemComponent] When component is initialized with a default notification the notification color class is set" time="0.005" classname=".[MenuItemComponent] When component is initialized with a default notification"/>
  <testcase name="[MenuItemComponent] When component is initialized with a default notification the notification color class is correct" time="0.004" classname=".[MenuItemComponent] When component is initialized with a default notification"/>
  <testcase name="[MenuItemComponent] When component is initialized with a red notification the notification text is &quot;2&quot;" time="0.005" classname=".[MenuItemComponent] When component is initialized with a red notification"/>
  <testcase name="[MenuItemComponent] When component is initialized with a red notification the notification tooltip text is correct" time="0.005" classname=".[MenuItemComponent] When component is initialized with a red notification"/>
  <testcase name="[MenuItemComponent] When component is initialized with a red notification the notification color class is correct" time="0.004" classname=".[MenuItemComponent] When component is initialized with a red notification"/>
  <testcase name="[MenuItemComponent] When component is initialized with a red notification the notification color class is set" time="0.004" classname=".[MenuItemComponent] When component is initialized with a red notification"/>
  <testcase name="[MenuItemComponent] When component is initialized with a red notification the menu item title is set" time="0.004" classname=".[MenuItemComponent] When component is initialized with a red notification"/>
  <testcase name="[MenuItemComponent] When component is initialized with a blue notification the notification color class is set" time="0.005" classname=".[MenuItemComponent] When component is initialized with a blue notification"/>
  <testcase name="[MenuItemComponent] When component is initialized with a blue notification the notification color class is correct" time="0.005" classname=".[MenuItemComponent] When component is initialized with a blue notification"/>
  <testcase name="[MenuItemComponent] When component is initialized with a success notification the notification color class is correct" time="0.006" classname=".[MenuItemComponent] When component is initialized with a success notification"/>
  <testcase name="[MenuItemComponent] When component is initialized with a success notification the notification color class is set" time="0.004" classname=".[MenuItemComponent] When component is initialized with a success notification"/>
  <testcase name="[MenuItemComponent] When component is initialized with an error notification of length 3 the notification color class is set" time="0.004" classname=".[MenuItemComponent] When component is initialized with an error notification of length 3"/>
  <testcase name="[MenuItemComponent] When component is initialized with an error notification of length 3 the notification color class is correct" time="0.004" classname=".[MenuItemComponent] When component is initialized with an error notification of length 3"/>
  <testcase name="[MenuItemComponent] When component is initialized with an error notification of length 3 the notification text is &quot;!&quot;" time="0.005" classname=".[MenuItemComponent] When component is initialized with an error notification of length 3"/>
  <testcase name="[MenuItemComponent] When component is initialized with a text no notification visible" time="0.004" classname=".[MenuItemComponent] When component is initialized with a text"/>
  <testcase name="[MenuItemComponent] When component is initialized with a text menuitem has role menuitem" time="0.005" classname=".[MenuItemComponent] When component is initialized with a text"/>
  <testcase name="[MenuItemComponent] When component is initialized with menu item is disabled disabled tooltip is set" time="0.006" classname=".[MenuItemComponent] When component is initialized with menu item is disabled"/>
  <testcase name="[MenuItemComponent] When component is initialized with menu item is disabled the menu item title is set" time="0.004" classname=".[MenuItemComponent] When component is initialized with menu item is disabled"/>
  <testcase name="[MenuItemComponent] When component is initialized with menu item is disabled and green notification the notification tooltip text is correct" time="0.005" classname=".[MenuItemComponent] When component is initialized with menu item is disabled and green notification"/>
  <testcase name="[MenuItemComponent] When component is initialized with menu item is disabled and green notification the notification color class is set" time="0.006" classname=".[MenuItemComponent] When component is initialized with menu item is disabled and green notification"/>
  <testcase name="[MenuItemComponent] When component is initialized with menu item is disabled and green notification the notification text is &quot;69&quot;" time="0.004" classname=".[MenuItemComponent] When component is initialized with menu item is disabled and green notification"/>
  <testcase name="[MenuItemComponent] When component is initialized with menu item is disabled and green notification the notification color class is correct" time="0.004" classname=".[MenuItemComponent] When component is initialized with menu item is disabled and green notification"/>
  <testcase name="[MenuItemComponent] When component is initialized with menu item is disabled disabled class is set" time="0.003" classname=".[MenuItemComponent] When component is initialized with menu item is disabled"/>
  <testcase name="[DatepickerItemComponent - Angular] should create" time="0.003" classname=".[DatepickerItemComponent - Angular]"/>
  <testcase name="[ComboboxItemComponent - Angular] should create" time="0.01" classname=".[ComboboxItemComponent - Angular]"/>
  <testcase name="[DropdownItemComponent] onKeydown When key is &lt;space> or Spacebar and multi is true and selected is true selected is set to false" time="0.001" classname=".[DropdownItemComponent] onKeydown When key is &lt;space> or Spacebar and multi is true and selected is true"/>
  <testcase name="[DropdownItemComponent] onKeydown When key is &lt;space> or Spacebar and multi is true toggle is emitted" time="0.002" classname=".[DropdownItemComponent] onKeydown When key is &lt;space> or Spacebar and multi is true"/>
  <testcase name="[DropdownItemComponent] onKeydown When key is &lt;space> or Spacebar and multi is true and selected is false selected is set to true" time="0" classname=".[DropdownItemComponent] onKeydown When key is &lt;space> or Spacebar and multi is true and selected is false"/>
  <testcase name="[DropdownItemComponent] onKeydown When key is ArrowDown or Down next is emitted" time="0" classname=".[DropdownItemComponent] onKeydown When key is ArrowDown or Down"/>
  <testcase name="[DropdownItemComponent] onKeydown When key is ArrowUp or Up previous is emitted" time="0.003" classname=".[DropdownItemComponent] onKeydown When key is ArrowUp or Up"/>
  <testcase name="[DropdownItemComponent] onKeydown When key is Enter selected is set to true" time="0" classname=".[DropdownItemComponent] onKeydown When key is Enter"/>
  <testcase name="[DropdownItemComponent] onKeydown When key is Enter confirm is emitted" time="0.001" classname=".[DropdownItemComponent] onKeydown When key is Enter"/>
  <testcase name="[DropdownItemComponent] onKeydown When key is word character nextMatch is emitted" time="0" classname=".[DropdownItemComponent] onKeydown When key is word character"/>
  <testcase name="[DropdownItemComponent] Instatiate selectedLabel is correct" time="0" classname=".[DropdownItemComponent] Instatiate"/>
  <testcase name="[DropdownItemComponent] Instatiate selected is correct" time="0.001" classname=".[DropdownItemComponent] Instatiate"/>
  <testcase name="[DropdownItemComponent] Instatiate visible is correct" time="0" classname=".[DropdownItemComponent] Instatiate"/>
  <testcase name="[DropdownItemComponent] Instatiate value is correct" time="0" classname=".[DropdownItemComponent] Instatiate"/>
  <testcase name="[DropdownItemComponent] Instatiate label is correct" time="0" classname=".[DropdownItemComponent] Instatiate"/>
  <testcase name="[DropdownItemComponent] Instatiate multi is correct" time="0" classname=".[DropdownItemComponent] Instatiate"/>
  <testcase name="[DropdownItemComponent] onBlur hasFocus is set to false" time="0" classname=".[DropdownItemComponent] onBlur"/>
  <testcase name="[DropdownItemComponent] onFocus hasFocus is set to true" time="0.001" classname=".[DropdownItemComponent] onFocus"/>
  <testcase name="[DropdownItemComponent] toggleSelect When multi is false confirm is emitted" time="0" classname=".[DropdownItemComponent] toggleSelect When multi is false"/>
  <testcase name="[DropdownItemComponent] toggleSelect When multi is false selected is set to true" time="0.003" classname=".[DropdownItemComponent] toggleSelect When multi is false"/>
  <testcase name="[DropdownItemComponent] toggleSelect When multi is true and selected is false selected is set to true" time="0" classname=".[DropdownItemComponent] toggleSelect When multi is true and selected is false"/>
  <testcase name="[DropdownItemComponent] toggleSelect When multi is true and selected is true selected is set to false" time="0" classname=".[DropdownItemComponent] toggleSelect When multi is true and selected is true"/>
  <testcase name="[DropdownItemComponent] toggleSelect When multi is true toggle is emitted" time="0" classname=".[DropdownItemComponent] toggleSelect When multi is true"/>
  <testcase name="[IconComponent] Instatiate border is correct" time="0" classname=".[IconComponent] Instatiate"/>
  <testcase name="[IconComponent] Instatiate solid is correct" time="0" classname=".[IconComponent] Instatiate"/>
  <testcase name="[IconComponent] Instatiate pulse is correct" time="0.001" classname=".[IconComponent] Instatiate"/>
  <testcase name="[IconComponent] Instatiate color is correct" time="0" classname=".[IconComponent] Instatiate"/>
  <testcase name="[IconComponent] Instatiate spin is correct" time="0" classname=".[IconComponent] Instatiate"/>
  <testcase name="[IconComponent] Instatiate fixedWidth is correct" time="0.001" classname=".[IconComponent] Instatiate"/>
  <testcase name="[IconComponent] Instatiate ariaLabel is correct" time="0" classname=".[IconComponent] Instatiate"/>
  <testcase name="[IconComponent] Instatiate disabled is correct" time="0.002" classname=".[IconComponent] Instatiate"/>
  <testcase name="[IconComponent] Instatiate size is correct" time="0.001" classname=".[IconComponent] Instatiate"/>
  <testcase name="[ComboboxItemComponent] Instatiate selectedLabel is correct" time="0" classname=".[ComboboxItemComponent] Instatiate"/>
  <testcase name="[ComboboxItemComponent] Instatiate value is correct" time="0.001" classname=".[ComboboxItemComponent] Instatiate"/>
  <testcase name="[ComboboxItemComponent] Instatiate visible is correct" time="0" classname=".[ComboboxItemComponent] Instatiate"/>
  <testcase name="[ComboboxItemComponent] Instatiate highlighted is correct" time="0" classname=".[ComboboxItemComponent] Instatiate"/>
  <testcase name="[ComboboxItemComponent] Instatiate selected is correct" time="0" classname=".[ComboboxItemComponent] Instatiate"/>
  <testcase name="[ComboboxItemComponent] Instatiate label is correct" time="0.001" classname=".[ComboboxItemComponent] Instatiate"/>
  <testcase name="[ComboboxItemComponent] Instatiate index is correct" time="0.002" classname=".[ComboboxItemComponent] Instatiate"/>
  <testcase name="[ComboboxItemComponent] select confirm is emitted" time="0" classname=".[ComboboxItemComponent] select"/>
  <testcase name="[ComboboxItemComponent] select selected is set to true" time="0" classname=".[ComboboxItemComponent] select"/>
  <testcase name="[ComboboxComponent - Angular] When expand button is clicked and menu is collapsed menu is expanded" time="0.066" classname=".[ComboboxComponent - Angular] When expand button is clicked and menu is collapsed"/>
  <testcase name="[ComboboxComponent - Angular] When expand button is clicked and menu is collapsed event is emitted" time="0.018" classname=".[ComboboxComponent - Angular] When expand button is clicked and menu is collapsed"/>
  <testcase name="[ComboboxComponent - Angular] When expand button is clicked and menu is collapsed and component is disabled menu is not expanded" time="0.014" classname=".[ComboboxComponent - Angular] When expand button is clicked and menu is collapsed and component is disabled"/>
  <testcase name="[ComboboxComponent - Angular] When expand button is clicked and menu is collapsed and component is readonly menu is not expanded" time="0.016" classname=".[ComboboxComponent - Angular] When expand button is clicked and menu is collapsed and component is readonly"/>
  <testcase name="[ComboboxComponent - Angular] should create" time="0.014" classname=".[ComboboxComponent - Angular]"/>
  <testcase name="[ComboboxComponent - Angular] When an item is clicked label is set" time="0.025" classname=".[ComboboxComponent - Angular] When an item is clicked"/>
  <testcase name="[ComboboxComponent - Angular] When an item is clicked item is selected" time="0.023" classname=".[ComboboxComponent - Angular] When an item is clicked"/>
  <testcase name="[ComboboxComponent - Angular] When an item is clicked event is emitted" time="0.023" classname=".[ComboboxComponent - Angular] When an item is clicked"/>
  <testcase name="[ComboboxComponent - Angular] When an item is clicked value is set" time="0.024" classname=".[ComboboxComponent - Angular] When an item is clicked"/>
  <testcase name="[ComboboxComponent - Angular] onKeydown When key is ArrowUp or Up expandedChanged is emitted" time="0.022" classname=".[ComboboxComponent - Angular] onKeydown When key is ArrowUp or Up"/>
  <testcase name="[ComboboxComponent - Angular] onKeydown When key is ArrowUp or Up expanded to be true" time="0.021" classname=".[ComboboxComponent - Angular] onKeydown When key is ArrowUp or Up"/>
  <testcase name="[ComboboxComponent - Angular] onKeydown When key is ArrowUp or Up last item higlighted to be true" time="0.023" classname=".[ComboboxComponent - Angular] onKeydown When key is ArrowUp or Up"/>
  <testcase name="[ComboboxComponent - Angular] onKeydown When key is Enter and searchstring is not empty and there is a higlighted item expandedChanged is emitted" time="0.027" classname=".[ComboboxComponent - Angular] onKeydown When key is Enter and searchstring is not empty and there is a higlighted item"/>
  <testcase name="[ComboboxComponent - Angular] onKeydown When key is Enter and searchstring is not empty and there is a higlighted item selectedChanged is emitted" time="0.016" classname=".[ComboboxComponent - Angular] onKeydown When key is Enter and searchstring is not empty and there is a higlighted item"/>
  <testcase name="[ComboboxComponent - Angular] onKeydown When key is Enter and searchstring is not empty and there is a higlighted item expanded to be false" time="0.015" classname=".[ComboboxComponent - Angular] onKeydown When key is Enter and searchstring is not empty and there is a higlighted item"/>
  <testcase name="[ComboboxComponent - Angular] onKeydown When key is Enter and searchstring is not empty and there is a higlighted item the form value have the new value" time="0.015" classname=".[ComboboxComponent - Angular] onKeydown When key is Enter and searchstring is not empty and there is a higlighted item"/>
  <testcase name="[ComboboxComponent - Angular] onKeydown When key is Enter and searchstring is not empty and there is not any higlighted item the form value same as before" time="0.016" classname=".[ComboboxComponent - Angular] onKeydown When key is Enter and searchstring is not empty and there is not any higlighted item"/>
  <testcase name="[ComboboxComponent - Angular] onKeydown When key is Enter and searchstring is not empty and there is not any higlighted item expanded to be false" time="0.015" classname=".[ComboboxComponent - Angular] onKeydown When key is Enter and searchstring is not empty and there is not any higlighted item"/>
  <testcase name="[ComboboxComponent - Angular] onKeydown When key is Enter and searchstring is not empty and there is not any higlighted item confirm is emitted" time="0.016" classname=".[ComboboxComponent - Angular] onKeydown When key is Enter and searchstring is not empty and there is not any higlighted item"/>
  <testcase name="[ComboboxComponent - Angular] onKeydown When key is Enter and searchstring is not empty and there is not any higlighted item selectedChanged is emitted" time="0.016" classname=".[ComboboxComponent - Angular] onKeydown When key is Enter and searchstring is not empty and there is not any higlighted item"/>
  <testcase name="[ComboboxComponent - Angular] onKeydown When key is Enter and searchstring is empty expanded to be true" time="0.023" classname=".[ComboboxComponent - Angular] onKeydown When key is Enter and searchstring is empty"/>
  <testcase name="[ComboboxComponent - Angular] onKeydown When key is Enter and searchstring is empty confirm is emitted" time="0.022" classname=".[ComboboxComponent - Angular] onKeydown When key is Enter and searchstring is empty"/>
  <testcase name="[ComboboxComponent - Angular] onKeydown When key is word character and there are matching items or not expandedChanged is emitted" time="0.023" classname=".[ComboboxComponent - Angular] onKeydown When key is word character and there are matching items or not"/>
  <testcase name="[ComboboxComponent - Angular] onKeydown When key is Tab or Shift + Tab and there are items or not expanded is false" time="0.014" classname=".[ComboboxComponent - Angular] onKeydown When key is Tab or Shift + Tab and there are items or not"/>
  <testcase name="[ComboboxComponent - Angular] onKeydown When key is Tab or Shift + Tab and there are items or not expandedChanged is emitted" time="0.024" classname=".[ComboboxComponent - Angular] onKeydown When key is Tab or Shift + Tab and there are items or not"/>
  <testcase name="[ComboboxComponent - Angular] onKeydown When key is Escape or Esc and old value is not null and there is a higlighted item expanded to be false" time="0.024" classname=".[ComboboxComponent - Angular] onKeydown When key is Escape or Esc and old value is not null and there is a higlighted item"/>
  <testcase name="[ComboboxComponent - Angular] onKeydown When key is Escape or Esc and old value is not null and there is a higlighted item the form value have the new value" time="0.015" classname=".[ComboboxComponent - Angular] onKeydown When key is Escape or Esc and old value is not null and there is a higlighted item"/>
  <testcase name="[ComboboxComponent - Angular] onKeydown When key is Escape or Esc and old value is not null and there is a higlighted item confirm is emitted" time="0.015" classname=".[ComboboxComponent - Angular] onKeydown When key is Escape or Esc and old value is not null and there is a higlighted item"/>
  <testcase name="[ComboboxComponent - Angular] onKeydown When key is Escape or Esc and old value is null expanded to be true" time="0.015" classname=".[ComboboxComponent - Angular] onKeydown When key is Escape or Esc and old value is null"/>
  <testcase name="[ComboboxComponent - Angular] onKeydown When key is Escape or Esc and old value is null confirm is emitted" time="0.014" classname=".[ComboboxComponent - Angular] onKeydown When key is Escape or Esc and old value is null"/>
  <testcase name="[ComboboxComponent - Angular] onKeydown When key is ArrowDown or Down expandedChanged is emitted" time="0.021" classname=".[ComboboxComponent - Angular] onKeydown When key is ArrowDown or Down"/>
  <testcase name="[ComboboxComponent - Angular] onKeydown When key is ArrowDown or Down expanded to be true" time="0.023" classname=".[ComboboxComponent - Angular] onKeydown When key is ArrowDown or Down"/>
  <testcase name="[ComboboxComponent - Angular] onKeydown When key is ArrowDown or Down first item higlighted to be true" time="0.025" classname=".[ComboboxComponent - Angular] onKeydown When key is ArrowDown or Down"/>
  <testcase name="[ComboboxComponent - Angular] onKeydown When altKey + key is ArrowUp or Up expandedChanged is emitted" time="0.014" classname=".[ComboboxComponent - Angular] onKeydown When altKey + key is ArrowUp or Up"/>
  <testcase name="[ComboboxComponent - Angular] onKeydown When altKey + key is ArrowUp or Up expanded to be fale" time="0.028" classname=".[ComboboxComponent - Angular] onKeydown When altKey + key is ArrowUp or Up"/>
  <testcase name="[ComboboxComponent - Angular] onKeydown When altKey + key is ArrowUp or Up no visible items exists" time="0.015" classname=".[ComboboxComponent - Angular] onKeydown When altKey + key is ArrowUp or Up"/>
  <testcase name="[ComboboxComponent - Angular] onKeydown When altKey + key is ArrowDown or Down there is not any item higlighted" time="0.025" classname=".[ComboboxComponent - Angular] onKeydown When altKey + key is ArrowDown or Down"/>
  <testcase name="[ComboboxComponent - Angular] onKeydown When altKey + key is ArrowDown or Down expanded to be true" time="0.025" classname=".[ComboboxComponent - Angular] onKeydown When altKey + key is ArrowDown or Down"/>
  <testcase name="[ComboboxComponent - Angular] onKeydown When altKey + key is ArrowDown or Down expandedChanged is emitted" time="0.021" classname=".[ComboboxComponent - Angular] onKeydown When altKey + key is ArrowDown or Down"/>
  <testcase name="[ComboboxComponent - Angular] When there are items and filter is applied only matching items are shown" time="0.022" classname=".[ComboboxComponent - Angular] When there are items and filter is applied"/>
  <testcase name="GridColumnComponent should create" time="0.006" classname=".GridColumnComponent"/>
  <testcase name="[DropdownItemComponent - Angular] should create" time="0.007" classname=".[DropdownItemComponent - Angular]"/>
  <testcase name="[ActionPanelComponent - Angular] When clicking close button close method is called" time="0.019" classname=".[ActionPanelComponent - Angular] When clicking close button"/>
  <testcase name="[ActionPanelComponent - Angular] When creating component and title is set title is displayed" time="0.005" classname=".[ActionPanelComponent - Angular] When creating component and title is set"/>
  <testcase name="[ActionPanelComponent - Angular] When creating component it is created" time="0.006" classname=".[ActionPanelComponent - Angular] When creating component"/>
  <testcase name="[CloseButtonComponent - Angular] When disabled is true click does not bubble" time="0.007" classname=".[CloseButtonComponent - Angular] When disabled is true"/>
  <testcase name="[CloseButtonComponent - Angular] When disabled is true button is displayed as disabled" time="0.005" classname=".[CloseButtonComponent - Angular] When disabled is true"/>
  <testcase name="[CloseButtonComponent - Angular] When disabled is false click bubbles" time="0.004" classname=".[CloseButtonComponent - Angular] When disabled is false"/>
  <testcase name="[CloseButtonComponent - Angular] When disabled is false button is displayed as enabled" time="0.005" classname=".[CloseButtonComponent - Angular] When disabled is false"/>
  <testcase name="[CloseButtonComponent - Angular] WCAG Tests When button is disabled aria-disabled is set to true" time="0.004" classname=".[CloseButtonComponent - Angular] WCAG Tests When button is disabled"/>
  <testcase name="[CloseButtonComponent - Angular] WCAG Tests When button is enabled aria-disabled is false" time="0.006" classname=".[CloseButtonComponent - Angular] WCAG Tests When button is enabled"/>
  <testcase name="[CloseButtonComponent - Angular] WCAG Tests aria-label is &quot;stäng&quot;" time="0.004" classname=".[CloseButtonComponent - Angular] WCAG Tests"/>
  <testcase name="[DatepickerNewComponent] Instatiate selectedDate is correct" time="0" classname=".[DatepickerNewComponent] Instatiate"/>
  <testcase name="[DatepickerNewComponent] Instatiate minZoom is correct" time="0" classname=".[DatepickerNewComponent] Instatiate"/>
  <testcase name="[DatepickerNewComponent] Instatiate errorMessage is correct" time="0" classname=".[DatepickerNewComponent] Instatiate"/>
  <testcase name="[DatepickerNewComponent] Instatiate minDate is correct" time="0" classname=".[DatepickerNewComponent] Instatiate"/>
  <testcase name="[DatepickerNewComponent] Instatiate disabled is correct" time="0.002" classname=".[DatepickerNewComponent] Instatiate"/>
  <testcase name="[DatepickerNewComponent] Instatiate showValidation is correct" time="0" classname=".[DatepickerNewComponent] Instatiate"/>
  <testcase name="[DatepickerNewComponent] Instatiate readonly is correct" time="0" classname=".[DatepickerNewComponent] Instatiate"/>
  <testcase name="[DatepickerNewComponent] Instatiate maxDate is correct" time="0" classname=".[DatepickerNewComponent] Instatiate"/>
  <testcase name="[DatepickerNewComponent] Instatiate labelId is correct" time="0" classname=".[DatepickerNewComponent] Instatiate"/>
  <testcase name="[DatepickerNewComponent] Instatiate allowText is correct" time="0" classname=".[DatepickerNewComponent] Instatiate"/>
  <testcase name="SearchResultComponent1 When component is initialized with values  maxItems has the value 15" time="0" classname=".SearchResultComponent1 When component is initialized with values "/>
  <testcase name="SearchResultComponent1 When component is initialized with values  noResultsText is not the default" time="0" classname=".SearchResultComponent1 When component is initialized with values "/>
  <testcase name="SearchResultComponent1 When component is initialized with values  expanded is true " time="0.002" classname=".SearchResultComponent1 When component is initialized with values "/>
  <testcase name="SearchResultComponent1 When component is initialized with values  items is set" time="0.003" classname=".SearchResultComponent1 When component is initialized with values "/>
  <testcase name="SearchResultComponent1 When component is initialized without values  maxItems has the default value (25)" time="0" classname=".SearchResultComponent1 When component is initialized without values "/>
  <testcase name="SearchResultComponent1 When component is initialized without values  noResultsText is the default value" time="0" classname=".SearchResultComponent1 When component is initialized without values "/>
  <testcase name="SearchResultComponent1 When component is initialized without values  searchresult is not expanded" time="0" classname=".SearchResultComponent1 When component is initialized without values "/>
  <testcase name="[TitleValueComponent - test] When creating component it is created" time="0.026" classname=".[TitleValueComponent - test] When creating component"/>
  <testcase name="[RadioGroupComponent] When two components has same source, component1 has three items" time="0.001" classname=".[RadioGroupComponent] When two components has same source,"/>
  <testcase name="[RadioGroupComponent] When two components has same source, Kalle is selected on component2" time="0" classname=".[RadioGroupComponent] When two components has same source,"/>
  <testcase name="[RadioGroupComponent] When two components has same source, component2 has three items" time="0" classname=".[RadioGroupComponent] When two components has same source,"/>
  <testcase name="[RadioGroupComponent] When two components has same source, Kalle is selected on component1" time="0.001" classname=".[RadioGroupComponent] When two components has same source,"/>
  <testcase name="[RadioGroupComponent] When two components has same source, and component1 selects second option Kalle is still selected on component2" time="0.001" classname=".[RadioGroupComponent] When two components has same source, and component1 selects second option"/>
  <testcase name="[RadioGroupComponent] When two components has same source, and component1 selects second option Eva is selected on component1" time="0" classname=".[RadioGroupComponent] When two components has same source, and component1 selects second option"/>
  <testcase name="[RadioGroupComponent] When two components has same source, and component1 selects second option Kalle is not selected on component1" time="0.001" classname=".[RadioGroupComponent] When two components has same source, and component1 selects second option"/>
  <testcase name="CheckboxGroupComponent should create" time="0.009" classname=".CheckboxGroupComponent"/>
  <testcase name="CheckboxGroupComponent Initial values for checkbox-group on focusout onLeave() should be called" time="0.006" classname=".CheckboxGroupComponent Initial values for checkbox-group on focusout"/>
  <testcase name="CheckboxGroupComponent Initial values for checkbox-group setGroupDisabledOverride() should be called 2 times" time="0.004" classname=".CheckboxGroupComponent Initial values for checkbox-group"/>
  <testcase name="CheckboxGroupComponent Initial values for checkbox-group _value.length should be 0" time="0.004" classname=".CheckboxGroupComponent Initial values for checkbox-group"/>
  <testcase name="CheckboxGroupComponent Initial values for checkbox-group vertical should be false" time="0.004" classname=".CheckboxGroupComponent Initial values for checkbox-group"/>
  <testcase name="CheckboxGroupComponent Initial values for checkbox-group validationErrorMessage should be &quot;Obligatoriskt&quot;" time="0.003" classname=".CheckboxGroupComponent Initial values for checkbox-group"/>
  <testcase name="CheckboxGroupComponent Initial values for checkbox-group showValidation should be true" time="0.002" classname=".CheckboxGroupComponent Initial values for checkbox-group"/>
  <testcase name="CheckboxGroupComponent Initial values for checkbox-group _disabled should be true" time="0.004" classname=".CheckboxGroupComponent Initial values for checkbox-group"/>
  <testcase name="CheckboxGroupComponent Initial values for checkbox-group onKeyDown keyDown() should be called" time="0.004" classname=".CheckboxGroupComponent Initial values for checkbox-group onKeyDown"/>
  <testcase name="CheckboxGroupComponent Initial values for checkbox-group onChange() should be called" time="0.005" classname=".CheckboxGroupComponent Initial values for checkbox-group"/>
  <testcase name="CheckboxGroupComponent Initial values for checkbox-group required should be false" time="0.004" classname=".CheckboxGroupComponent Initial values for checkbox-group"/>
  <testcase name="[LoaderComponent] When activated loader is visible" time="0.001" classname=".[LoaderComponent] When activated"/>
  <testcase name="[LoaderComponent] When activated and deactivated after 0.5s and reactivated after 100ms after 1s and deactivated after 1s the loader is hidden" time="0.001" classname=".[LoaderComponent] When activated and deactivated after 0.5s and reactivated after 100ms after 1s and deactivated after 1s"/>
  <testcase name="[LoaderComponent] When activated and deactivated after 0.5s and reactivated after 100ms the loader is visible" time="0" classname=".[LoaderComponent] When activated and deactivated after 0.5s and reactivated after 100ms"/>
  <testcase name="[LoaderComponent] When activated and deactivated after 0.5s after an additional 0.5s the loader is hidden" time="0.001" classname=".[LoaderComponent] When activated and deactivated after 0.5s after an additional 0.5s"/>
  <testcase name="[LoaderComponent] When activated and deactivated after 0.5s loader is still visible" time="0" classname=".[LoaderComponent] When activated and deactivated after 0.5s"/>
  <testcase name="[LoaderComponent] When activated and deactivated after 1s the loader is hidden" time="0.001" classname=".[LoaderComponent] When activated and deactivated after 1s"/>
  <testcase name="[LoaderComponent] When initialized loader is not visible" time="0.002" classname=".[LoaderComponent] When initialized"/>
  <testcase name="[LoaderComponent] When initialized loader is not active" time="0.001" classname=".[LoaderComponent] When initialized"/>
  <testcase name="[ButtonComponent] Instatiate buttonStyle is correct" time="0" classname=".[ButtonComponent] Instatiate"/>
  <testcase name="[ButtonComponent] Instatiate type is correct" time="0" classname=".[ButtonComponent] Instatiate"/>
  <testcase name="[ButtonComponent] Instatiate disabled is correct" time="0.001" classname=".[ButtonComponent] Instatiate"/>
  <testcase name="GridService should be created" time="0.006" classname=".GridService"/>
  <testcase name="RadioGroupComponent When initialized with a disabled option and the disabled option is clicked the option is not selected" time="0.018" classname=".RadioGroupComponent When initialized with a disabled option and the disabled option is clicked"/>
  <testcase name="RadioGroupComponent When initialized with a disabled option options are displayed" time="0.007" classname=".RadioGroupComponent When initialized with a disabled option"/>
  <testcase name="RadioGroupComponent When initialized with a disabled option the disabled option is displayed as disabled" time="0.005" classname=".RadioGroupComponent When initialized with a disabled option"/>
  <testcase name="RadioGroupComponent WCAG compatibility The radiobuttons has role radio." time="0.006" classname=".RadioGroupComponent WCAG compatibility"/>
  <testcase name="RadioGroupComponent WCAG compatibility When the aria-labelledby is defined on the radiobutton  radiobutton has a label with a guid" time="0.004" classname=".RadioGroupComponent WCAG compatibility When the aria-labelledby is defined on the radiobutton "/>
  <testcase name="RadioGroupComponent WCAG compatibility When the aria-labelledby is defined on the radiobutton  radiobutton is associated with the label" time="0.005" classname=".RadioGroupComponent WCAG compatibility When the aria-labelledby is defined on the radiobutton "/>
  <testcase name="RadioGroupComponent WCAG compatibility When the aria-labelledby is defined on the radiobutton  radiobuttons labels are unique" time="0.004" classname=".RadioGroupComponent WCAG compatibility When the aria-labelledby is defined on the radiobutton "/>
  <testcase name="RadioGroupComponent WCAG compatibility Use arrowkeys to move bewtween radiobuttons; When first option is selected the option is  selected" time="0.006" classname=".RadioGroupComponent WCAG compatibility Use arrowkeys to move bewtween radiobuttons; When first option is selected"/>
  <testcase name="RadioGroupComponent WCAG compatibility Use arrowkeys to move bewtween radiobuttons; When first option is selected and down arrow key is pressed only one option is selected" time="0.009" classname=".RadioGroupComponent WCAG compatibility Use arrowkeys to move bewtween radiobuttons; When first option is selected and down arrow key is pressed"/>
  <testcase name="RadioGroupComponent WCAG compatibility Use arrowkeys to move bewtween radiobuttons; When first option is selected and down arrow key is pressed last option is selected" time="0.007" classname=".RadioGroupComponent WCAG compatibility Use arrowkeys to move bewtween radiobuttons; When first option is selected and down arrow key is pressed"/>
  <testcase name="RadioGroupComponent WCAG compatibility Use arrowkeys to move bewtween radiobuttons; When first option is selected and down arrow key is pressed and up arrow key is pressed previous option is selected (Per Åkerberg), " time="0.007" classname=".RadioGroupComponent WCAG compatibility Use arrowkeys to move bewtween radiobuttons; When first option is selected and down arrow key is pressed and up arrow key is pressed"/>
  <testcase name="RadioGroupComponent WCAG compatibility Use arrowkeys to move bewtween radiobuttons; When first option is selected and down arrow key is pressed and up arrow key is pressed only one option is selected" time="0.008" classname=".RadioGroupComponent WCAG compatibility Use arrowkeys to move bewtween radiobuttons; When first option is selected and down arrow key is pressed and up arrow key is pressed"/>
  <testcase name="RadioGroupComponent WCAG compatibility Use arrowkeys to move bewtween radiobuttons; When first option is selected and right arrow key is pressed only one option is selected" time="0.007" classname=".RadioGroupComponent WCAG compatibility Use arrowkeys to move bewtween radiobuttons; When first option is selected and right arrow key is pressed"/>
  <testcase name="RadioGroupComponent WCAG compatibility Use arrowkeys to move bewtween radiobuttons; When first option is selected and right arrow key is pressed next option is selected (Sofia Hejdenberg)" time="0.008" classname=".RadioGroupComponent WCAG compatibility Use arrowkeys to move bewtween radiobuttons; When first option is selected and right arrow key is pressed"/>
  <testcase name="RadioGroupComponent WCAG compatibility Use arrowkeys to move bewtween radiobuttons; When first option is selected and right arrow key is pressed and left arrow key is pressed only one option is selected" time="0.011" classname=".RadioGroupComponent WCAG compatibility Use arrowkeys to move bewtween radiobuttons; When first option is selected and right arrow key is pressed and left arrow key is pressed"/>
  <testcase name="RadioGroupComponent WCAG compatibility Use arrowkeys to move bewtween radiobuttons; When first option is selected and right arrow key is pressed and left arrow key is pressed previous option is selected (Per Åkerberg), " time="0.01" classname=".RadioGroupComponent WCAG compatibility Use arrowkeys to move bewtween radiobuttons; When first option is selected and right arrow key is pressed and left arrow key is pressed"/>
  <testcase name="RadioGroupComponent WCAG compatibility The radiogroup has role radiogroup." time="0.005" classname=".RadioGroupComponent WCAG compatibility"/>
  <testcase name="RadioGroupComponent WCAG compatibility no option is selected" time="0.005" classname=".RadioGroupComponent WCAG compatibility"/>
  <testcase name="RadioGroupComponent WCAG compatibility When aria-check state is set  and the radiobutton is checked and the radiobutton is not checked the radiobutton element has state aria-checked set to false" time="0.004" classname=".RadioGroupComponent WCAG compatibility When aria-check state is set  and the radiobutton is checked and the radiobutton is not checked"/>
  <testcase name="RadioGroupComponent WCAG compatibility When aria-check state is set  and the radiobutton is checked the radiobutton element has state aria-checked set to true" time="0.004" classname=".RadioGroupComponent WCAG compatibility When aria-check state is set  and the radiobutton is checked"/>
  <testcase name="RadioGroupComponent WCAG compatibility Tabstop is set When no option is selected first element has tabstop" time="0.006" classname=".RadioGroupComponent WCAG compatibility Tabstop is set When no option is selected"/>
  <testcase name="RadioGroupComponent WCAG compatibility Tabstop is set When no option is selected When second option is selected the second option is the first tabstop the option is  selected" time="0.008" classname=".RadioGroupComponent WCAG compatibility Tabstop is set When no option is selected When second option is selected the second option is the first tabstop"/>
  <testcase name="RadioGroupComponent WCAG compatibility Tabstop is set When no option is selected When second option is selected the second option is the first tabstop the selected option has tabstop" time="0.007" classname=".RadioGroupComponent WCAG compatibility Tabstop is set When no option is selected When second option is selected the second option is the first tabstop"/>
  <testcase name="RadioGroupComponent WCAG compatibility Tabstop is set When no option is selected When second option is selected the second option is the first tabstop only the second option has first tabstop" time="0.008" classname=".RadioGroupComponent WCAG compatibility Tabstop is set When no option is selected When second option is selected the second option is the first tabstop"/>
  <testcase name="RadioGroupComponent When initialized with vertical set to true the options are displayed vertically" time="0.004" classname=".RadioGroupComponent When initialized with vertical set to true"/>
  <testcase name="RadioGroupComponent When initialized with options options are displayed" time="0.008" classname=".RadioGroupComponent When initialized with options"/>
  <testcase name="RadioGroupComponent When initialized with options and an option is clicked the option is selected" time="0.013" classname=".RadioGroupComponent When initialized with options and an option is clicked"/>
  <testcase name="RadioGroupComponent When initialized with options and an option is clicked an selectedChanged event is emitted" time="0.013" classname=".RadioGroupComponent When initialized with options and an option is clicked"/>
  <testcase name="RadioGroupComponent When initialized with options and an option is clicked and the already selected option is clicked again the option is still selected" time="0.012" classname=".RadioGroupComponent When initialized with options and an option is clicked and the already selected option is clicked again"/>
  <testcase name="RadioGroupComponent When initialized with options and an option is clicked and the already selected option is clicked again no selectedChanged event is emitted" time="0.009" classname=".RadioGroupComponent When initialized with options and an option is clicked and the already selected option is clicked again"/>
  <testcase name="RadioGroupComponent When initialized with options the options are displayed horizontally" time="0.005" classname=".RadioGroupComponent When initialized with options"/>
  <testcase name="RadioGroupComponent When initialized with options and an option is selected by pressing the Enter key an selectedChanged event is emitted" time="0.007" classname=".RadioGroupComponent When initialized with options and an option is selected by pressing the Enter key"/>
  <testcase name="RadioGroupComponent When initialized with options and an option is selected by pressing the Enter key the option is selected" time="0.007" classname=".RadioGroupComponent When initialized with options and an option is selected by pressing the Enter key"/>
  <testcase name="RadioGroupComponent When initialized with options no option is selected" time="0.006" classname=".RadioGroupComponent When initialized with options"/>
  <testcase name="RadioGroupComponent When initialized with options and an option is selected by pressing the Space key the option is selected" time="0.008" classname=".RadioGroupComponent When initialized with options and an option is selected by pressing the Space key"/>
  <testcase name="RadioGroupComponent When initialized with options and an option is selected by pressing the Space key an selectedChanged event is emitted" time="0.008" classname=".RadioGroupComponent When initialized with options and an option is selected by pressing the Space key"/>
  <testcase name="RadioGroupComponent When initialized with two selected options an selectedChanged event is emitted" time="0.004" classname=".RadioGroupComponent When initialized with two selected options"/>
  <testcase name="RadioGroupComponent When initialized with two selected options the first pre-selected option is selected" time="0.011" classname=".RadioGroupComponent When initialized with two selected options"/>
  <testcase name="RadioGroupComponent When initialized with two selected options options are displayed" time="0.006" classname=".RadioGroupComponent When initialized with two selected options"/>
  <testcase name="RadioGroupComponent When initialized with one selected option the pre-selected option is selected" time="0.006" classname=".RadioGroupComponent When initialized with one selected option"/>
  <testcase name="RadioGroupComponent When initialized with one selected option options are displayed" time="0.008" classname=".RadioGroupComponent When initialized with one selected option"/>
  <testcase name="[ActionPanelComponent - Angular] When creating component set to 1 in width" time="0.003" classname=".[ActionPanelComponent - Angular] When creating component"/>
  <testcase name="[ActionPanelComponent - Angular] When creating component it is created" time="0.003" classname=".[ActionPanelComponent - Angular] When creating component"/>
  <testcase name="HeaderMenuComponent Toggle Header Menu and key is space" time="0.041" classname=".HeaderMenuComponent Toggle Header Menu"/>
  <testcase name="HeaderMenuComponent Toggle Header Menu and key is space (IE)" time="0.011" classname=".HeaderMenuComponent Toggle Header Menu"/>
  <testcase name="HeaderMenuComponent Toggle Header Menu and key is Enter" time="0.01" classname=".HeaderMenuComponent Toggle Header Menu"/>
  <testcase name="HeaderMenuComponent Toggle Header Menu and key is not Spacebar or Enter" time="0.011" classname=".HeaderMenuComponent Toggle Header Menu"/>
  <testcase name="HeaderMenuComponent When component is initialized and toggleHeaderMenu is called  headerMenu should be visible" time="0.01" classname=".HeaderMenuComponent When component is initialized and toggleHeaderMenu is called "/>
  <testcase name="HeaderMenuComponent clickToggleHeaderMenu When header menu exists header menu is toggled" time="0.01" classname=".HeaderMenuComponent clickToggleHeaderMenu When header menu exists"/>
  <testcase name="HeaderMenuComponent ngOnChanges When initials have changed from no value to some value internal initials are set to new value" time="0.01" classname=".HeaderMenuComponent ngOnChanges When initials have changed from no value to some value"/>
  <testcase name="HeaderMenuComponent ngOnChanges When initials have changed from some value to some other value internal initials are set to new value" time="0.01" classname=".HeaderMenuComponent ngOnChanges When initials have changed from some value to some other value"/>
  <testcase name="HeaderMenuComponent ngOnChanges When initials have changed from some value to no value and user name has value internal initials are set from user name" time="0.02" classname=".HeaderMenuComponent ngOnChanges When initials have changed from some value to no value and user name has value"/>
  <testcase name="HeaderMenuComponent ngOnChanges When initials have changed from some value to no value and user name has no value internal initials are empty" time="0.011" classname=".HeaderMenuComponent ngOnChanges When initials have changed from some value to no value and user name has no value"/>
  <testcase name="HeaderMenuComponent ngOnChanges When initials have not changed and user name has changed and initials have no value and user name has value internal initials are set from user name" time="0.009" classname=".HeaderMenuComponent ngOnChanges When initials have not changed and user name has changed and initials have no value and user name has value"/>
  <testcase name="HeaderMenuComponent ngOnChanges When initials have not changed and user name has changed and initials have no value and user name has no value internal initials are empty" time="0.012" classname=".HeaderMenuComponent ngOnChanges When initials have not changed and user name has changed and initials have no value and user name has no value"/>
  <testcase name="HeaderMenuComponent Test variables circleColor is correct" time="0.01" classname=".HeaderMenuComponent Test variables"/>
  <testcase name="HeaderMenuComponent Test variables textColor is correct" time="0.011" classname=".HeaderMenuComponent Test variables"/>
  <testcase name="HeaderMenuComponent Test variables userName is correct" time="0.01" classname=".HeaderMenuComponent Test variables"/>
  <testcase name="HeaderMenuComponent Test variables initials is correct" time="0.011" classname=".HeaderMenuComponent Test variables"/>
  <testcase name="GridHeaderToolbarComponent should create" time="0.005" classname=".GridHeaderToolbarComponent"/>
  <testcase name="[ActionPanelComponent - Angular] When creating component set to 1 in width" time="0.003" classname=".[ActionPanelComponent - Angular] When creating component"/>
  <testcase name="[ActionPanelComponent - Angular] When creating component it is created" time="0.002" classname=".[ActionPanelComponent - Angular] When creating component"/>
  <testcase name="[ToggleButtonComponent - Angular] When disabled is false button is displayed as enabled" time="0.01" classname=".[ToggleButtonComponent - Angular] When disabled is false"/>
  <testcase name="[ToggleButtonComponent - Angular] When disabled is false click bubbles" time="0.003" classname=".[ToggleButtonComponent - Angular] When disabled is false"/>
  <testcase name="[ToggleButtonComponent - Angular] When disabled is true click does not bubble" time="0.003" classname=".[ToggleButtonComponent - Angular] When disabled is true"/>
  <testcase name="[ToggleButtonComponent - Angular] When disabled is true button is displayed as disabled" time="0.003" classname=".[ToggleButtonComponent - Angular] When disabled is true"/>
  <testcase name="[ToggleButtonComponent - Angular] When pressed is false button is dispalyed as secondary" time="0.003" classname=".[ToggleButtonComponent - Angular] When pressed is false"/>
  <testcase name="[ToggleButtonComponent - Angular] When pressed is true button is dispalyed as primary" time="0.005" classname=".[ToggleButtonComponent - Angular] When pressed is true"/>
  <testcase name="TabManagementService should be created" time="0.004" classname=".TabManagementService"/>
  <testcase name="[CardSectionComponent] When component is initialized and section is expanded expanded class is set" time="0.019" classname=".[CardSectionComponent] When component is initialized and section is expanded"/>
  <testcase name="[CardSectionComponent] When component is initialized and section is expanded expanded is true" time="0.009" classname=".[CardSectionComponent] When component is initialized and section is expanded"/>
  <testcase name="[CardSectionComponent] When component is initialized and section is expanded and section is collapsed expanded is false" time="0.01" classname=".[CardSectionComponent] When component is initialized and section is expanded and section is collapsed"/>
  <testcase name="[CardSectionComponent] When component is initialized and section is expanded and section is collapsed expanded class is not set" time="0.008" classname=".[CardSectionComponent] When component is initialized and section is expanded and section is collapsed"/>
  <testcase name="[CardSectionComponent] When component is initialized readonly is set to true" time="0.008" classname=".[CardSectionComponent] When component is initialized"/>
  <testcase name="[CardSectionComponent] When component is initialized and title is set title is displayed" time="0.009" classname=".[CardSectionComponent] When component is initialized and title is set"/>
  <testcase name="[CardSectionComponent] When component is initialized backgroundColor is default white" time="0.006" classname=".[CardSectionComponent] When component is initialized"/>
  <testcase name="[CardSectionComponent] When component is initialized and header is clicked and header is clicked again section is collapsed" time="0.009" classname=".[CardSectionComponent] When component is initialized and header is clicked and header is clicked again"/>
  <testcase name="[CardSectionComponent] When component is initialized and header is clicked section is expanded" time="0.007" classname=".[CardSectionComponent] When component is initialized and header is clicked"/>
  <testcase name="[CardSectionComponent] When component is initialized and backgroundColor is set backgroundColor is displayed" time="0.008" classname=".[CardSectionComponent] When component is initialized and backgroundColor is set"/>
  <testcase name="[CardSectionComponent] When component is initialized header is focused and space is pressed header is focused and enter is pressed section is compressed" time="0.008" classname=".[CardSectionComponent] When component is initialized header is focused and space is pressed header is focused and enter is pressed"/>
  <testcase name="[CardSectionComponent] When component is initialized header is focused and space is pressed section is expanded" time="0.016" classname=".[CardSectionComponent] When component is initialized header is focused and space is pressed"/>
  <testcase name="[CardSectionComponent] When component is initialized component has class card-section" time="0.01" classname=".[CardSectionComponent] When component is initialized"/>
  <testcase name="ModalPlaceholderComponent When component is initialized modal is not open" time="0.014" classname=".ModalPlaceholderComponent When component is initialized"/>
  <testcase name="ModalPlaceholderComponent When component is initialized modal get unique name" time="0.004" classname=".ModalPlaceholderComponent When component is initialized"/>
  <testcase name="[DropdownSelectComponent - Angular] When multi is true and select all is clicked value is set" time="0.043" classname=".[DropdownSelectComponent - Angular] When multi is true and select all is clicked"/>
  <testcase name="[DropdownSelectComponent - Angular] When multi is true and select all is clicked and select all is clicked again label is set" time="0.018" classname=".[DropdownSelectComponent - Angular] When multi is true and select all is clicked and select all is clicked again"/>
  <testcase name="[DropdownSelectComponent - Angular] When multi is true and select all is clicked and select all is clicked again all items are deselected" time="0.016" classname=".[DropdownSelectComponent - Angular] When multi is true and select all is clicked and select all is clicked again"/>
  <testcase name="[DropdownSelectComponent - Angular] When multi is true and select all is clicked and select all is clicked again event is emitted" time="0.018" classname=".[DropdownSelectComponent - Angular] When multi is true and select all is clicked and select all is clicked again"/>
  <testcase name="[DropdownSelectComponent - Angular] When multi is true and select all is clicked and select all is clicked again value is set" time="0.02" classname=".[DropdownSelectComponent - Angular] When multi is true and select all is clicked and select all is clicked again"/>
  <testcase name="[DropdownSelectComponent - Angular] When multi is true and select all is clicked event is emitted" time="0.016" classname=".[DropdownSelectComponent - Angular] When multi is true and select all is clicked"/>
  <testcase name="[DropdownSelectComponent - Angular] When multi is true and select all is clicked label is set" time="0.019" classname=".[DropdownSelectComponent - Angular] When multi is true and select all is clicked"/>
  <testcase name="[DropdownSelectComponent - Angular] When multi is true and select all is clicked all items are selected" time="0.018" classname=".[DropdownSelectComponent - Angular] When multi is true and select all is clicked"/>
  <testcase name="[DropdownSelectComponent - Angular] When multi is true and unselected item is clicked label is set" time="0.016" classname=".[DropdownSelectComponent - Angular] When multi is true and unselected item is clicked"/>
  <testcase name="[DropdownSelectComponent - Angular] When multi is true and unselected item is clicked and then other unselected item is clicked label is set" time="0.022" classname=".[DropdownSelectComponent - Angular] When multi is true and unselected item is clicked and then other unselected item is clicked"/>
  <testcase name="[DropdownSelectComponent - Angular] When multi is true and unselected item is clicked and then other unselected item is clicked both items are selected" time="0.017" classname=".[DropdownSelectComponent - Angular] When multi is true and unselected item is clicked and then other unselected item is clicked"/>
  <testcase name="[DropdownSelectComponent - Angular] When multi is true and unselected item is clicked and then other unselected item is clicked value is set" time="0.016" classname=".[DropdownSelectComponent - Angular] When multi is true and unselected item is clicked and then other unselected item is clicked"/>
  <testcase name="[DropdownSelectComponent - Angular] When multi is true and unselected item is clicked and then other unselected item is clicked event is emitted" time="0.018" classname=".[DropdownSelectComponent - Angular] When multi is true and unselected item is clicked and then other unselected item is clicked"/>
  <testcase name="[DropdownSelectComponent - Angular] When multi is true and unselected item is clicked item is selected" time="0.018" classname=".[DropdownSelectComponent - Angular] When multi is true and unselected item is clicked"/>
  <testcase name="[DropdownSelectComponent - Angular] When multi is true and unselected item is clicked and then selected item is clicked label is set" time="0.018" classname=".[DropdownSelectComponent - Angular] When multi is true and unselected item is clicked and then selected item is clicked"/>
  <testcase name="[DropdownSelectComponent - Angular] When multi is true and unselected item is clicked and then selected item is clicked item is deselected" time="0.016" classname=".[DropdownSelectComponent - Angular] When multi is true and unselected item is clicked and then selected item is clicked"/>
  <testcase name="[DropdownSelectComponent - Angular] When multi is true and unselected item is clicked and then selected item is clicked value is set" time="0.02" classname=".[DropdownSelectComponent - Angular] When multi is true and unselected item is clicked and then selected item is clicked"/>
  <testcase name="[DropdownSelectComponent - Angular] When multi is true and unselected item is clicked and then selected item is clicked event is emitted" time="0.016" classname=".[DropdownSelectComponent - Angular] When multi is true and unselected item is clicked and then selected item is clicked"/>
  <testcase name="[DropdownSelectComponent - Angular] When multi is true and unselected item is clicked event is emitted" time="0.02" classname=".[DropdownSelectComponent - Angular] When multi is true and unselected item is clicked"/>
  <testcase name="[DropdownSelectComponent - Angular] When multi is true and unselected item is clicked value is set" time="0.018" classname=".[DropdownSelectComponent - Angular] When multi is true and unselected item is clicked"/>
  <testcase name="[DropdownSelectComponent - Angular] When multi is true select all is shown" time="0.016" classname=".[DropdownSelectComponent - Angular] When multi is true"/>
  <testcase name="[DropdownSelectComponent - Angular] When there are 20 items or less filter is not shown" time="0.03" classname=".[DropdownSelectComponent - Angular] When there are 20 items or less"/>
  <testcase name="[DropdownSelectComponent - Angular] When multi is false and unselected item is clicked and then other item is clicked label is set" time="0.021" classname=".[DropdownSelectComponent - Angular] When multi is false and unselected item is clicked and then other item is clicked"/>
  <testcase name="[DropdownSelectComponent - Angular] When multi is false and unselected item is clicked and then other item is clicked value is set" time="0.017" classname=".[DropdownSelectComponent - Angular] When multi is false and unselected item is clicked and then other item is clicked"/>
  <testcase name="[DropdownSelectComponent - Angular] When multi is false and unselected item is clicked and then other item is clicked event is emitted" time="0.02" classname=".[DropdownSelectComponent - Angular] When multi is false and unselected item is clicked and then other item is clicked"/>
  <testcase name="[DropdownSelectComponent - Angular] When multi is false and unselected item is clicked and then other item is clicked new item is selected" time="0.018" classname=".[DropdownSelectComponent - Angular] When multi is false and unselected item is clicked and then other item is clicked"/>
  <testcase name="[DropdownSelectComponent - Angular] When multi is false and unselected item is clicked and then other item is clicked previous item is deselected" time="0.018" classname=".[DropdownSelectComponent - Angular] When multi is false and unselected item is clicked and then other item is clicked"/>
  <testcase name="[DropdownSelectComponent - Angular] When multi is false and unselected item is clicked value is set" time="0.022" classname=".[DropdownSelectComponent - Angular] When multi is false and unselected item is clicked"/>
  <testcase name="[DropdownSelectComponent - Angular] When multi is false and unselected item is clicked and deselect button is clicked item is deselected" time="0.03" classname=".[DropdownSelectComponent - Angular] When multi is false and unselected item is clicked and deselect button is clicked"/>
  <testcase name="[DropdownSelectComponent - Angular] When multi is false and unselected item is clicked and deselect button is clicked label is set" time="0.025" classname=".[DropdownSelectComponent - Angular] When multi is false and unselected item is clicked and deselect button is clicked"/>
  <testcase name="[DropdownSelectComponent - Angular] When multi is false and unselected item is clicked and deselect button is clicked value is set" time="0.024" classname=".[DropdownSelectComponent - Angular] When multi is false and unselected item is clicked and deselect button is clicked"/>
  <testcase name="[DropdownSelectComponent - Angular] When multi is false and unselected item is clicked and deselect button is clicked event is emitted" time="0.024" classname=".[DropdownSelectComponent - Angular] When multi is false and unselected item is clicked and deselect button is clicked"/>
  <testcase name="[DropdownSelectComponent - Angular] When multi is false and unselected item is clicked event is emitted" time="0.032" classname=".[DropdownSelectComponent - Angular] When multi is false and unselected item is clicked"/>
  <testcase name="[DropdownSelectComponent - Angular] When multi is false and unselected item is clicked item is selected" time="0.019" classname=".[DropdownSelectComponent - Angular] When multi is false and unselected item is clicked"/>
  <testcase name="[DropdownSelectComponent - Angular] When multi is false and unselected item is clicked label is set" time="0.017" classname=".[DropdownSelectComponent - Angular] When multi is false and unselected item is clicked"/>
[...]
  <testcase name="[PageComponent] Instatiate pageHeaderHeight is correct" time="0.001" classname=".[PageComponent] Instatiate"/>
  <testcase name="[PageComponent] ngOnInit When page header exists and page header height changes body container is offset" time="0.001" classname=".[PageComponent] ngOnInit When page header exists and page header height changes"/>
  <testcase name="[ExpandableRow] When constructed When showNotificationOnRemove is called notification is set to notify on remove" time="0" classname=".[ExpandableRow] When constructed When showNotificationOnRemove is called"/>
  <testcase name="[ExpandableRow] When constructed wrapped object is stored in preview object" time="0" classname=".[ExpandableRow] When constructed"/>
  <testcase name="[ExpandableRow] When constructed When showNotificationOnCollapse is called notification is set to notify on collapse" time="0" classname=".[ExpandableRow] When constructed When showNotificationOnCollapse is called"/>
  <testcase name="[SaveCancelComponent - Angular] On initialized with no lock  component is unlocked" time="0.012" classname=".[SaveCancelComponent - Angular] On initialized with no lock "/>
  <testcase name="[SaveCancelComponent - Angular] On initialized with no lock  and save button is clicked a save event is emitted" time="0.007" classname=".[SaveCancelComponent - Angular] On initialized with no lock  and save button is clicked"/>
  <testcase name="[SaveCancelComponent - Angular] On initialized with no lock  and save button is clicked component remains unlocked" time="0.006" classname=".[SaveCancelComponent - Angular] On initialized with no lock  and save button is clicked"/>
  <testcase name="[SaveCancelComponent - Angular] On initialized with no lock  and save button is clicked no unlock event is emitted" time="0.006" classname=".[SaveCancelComponent - Angular] On initialized with no lock  and save button is clicked"/>
  <testcase name="[SaveCancelComponent - Angular] On initialized with no lock  no unlock event is emitted" time="0.006" classname=".[SaveCancelComponent - Angular] On initialized with no lock "/>
  <testcase name="[SaveCancelComponent - Angular] On initialized with no lock  lock button is hidden" time="0.005" classname=".[SaveCancelComponent - Angular] On initialized with no lock "/>
  <testcase name="[SaveCancelComponent - Angular] On initialized with no lock  and cancel button is clicked component remains unlocked" time="0.008" classname=".[SaveCancelComponent - Angular] On initialized with no lock  and cancel button is clicked"/>
  <testcase name="[SaveCancelComponent - Angular] On initialized with no lock  and cancel button is clicked no unlock event is emitted" time="0.006" classname=".[SaveCancelComponent - Angular] On initialized with no lock  and cancel button is clicked"/>
  <testcase name="[SaveCancelComponent - Angular] On initialized with no lock  and cancel button is clicked a cancel event is sent" time="0.005" classname=".[SaveCancelComponent - Angular] On initialized with no lock  and cancel button is clicked"/>
  <testcase name="[SaveCancelComponent - Angular] When initialized lock button is enabled" time="0.006" classname=".[SaveCancelComponent - Angular] When initialized"/>
  <testcase name="[SaveCancelComponent - Angular] When initialized When unlock button is clicked component is unlocked" time="0.006" classname=".[SaveCancelComponent - Angular] When initialized When unlock button is clicked"/>
  <testcase name="[SaveCancelComponent - Angular] When initialized When unlock button is clicked and lock button is clicked component is locked" time="0.014" classname=".[SaveCancelComponent - Angular] When initialized When unlock button is clicked and lock button is clicked"/>
  <testcase name="[SaveCancelComponent - Angular] When initialized When unlock button is clicked and lock button is clicked a save event is sent" time="0.007" classname=".[SaveCancelComponent - Angular] When initialized When unlock button is clicked and lock button is clicked"/>
  <testcase name="[SaveCancelComponent - Angular] When initialized When unlock button is clicked lock button is disabled" time="0.008" classname=".[SaveCancelComponent - Angular] When initialized When unlock button is clicked"/>
  <testcase name="[SaveCancelComponent - Angular] When initialized When unlock button is clicked and save button is clicked component is locked" time="0.007" classname=".[SaveCancelComponent - Angular] When initialized When unlock button is clicked and save button is clicked"/>
  <testcase name="[SaveCancelComponent - Angular] When initialized When unlock button is clicked and save button is clicked a save event is sent" time="0.008" classname=".[SaveCancelComponent - Angular] When initialized When unlock button is clicked and save button is clicked"/>
  <testcase name="[SaveCancelComponent - Angular] When initialized When unlock button is clicked and cancel button is clicked lock button is locked" time="0.007" classname=".[SaveCancelComponent - Angular] When initialized When unlock button is clicked and cancel button is clicked"/>
  <testcase name="[SaveCancelComponent - Angular] When initialized When unlock button is clicked and cancel button is clicked a cancel event is sent" time="0.006" classname=".[SaveCancelComponent - Angular] When initialized When unlock button is clicked and cancel button is clicked"/>
  <testcase name="[SaveCancelComponent - Angular] When initialized When unlock button is clicked lock button is disabled" time="0.007" classname=".[SaveCancelComponent - Angular] When initialized When unlock button is clicked"/>
  <testcase name="RadiobuttonGroupComponent No items selected firstItem has tabIndex = 0" time="0.012" classname=".RadiobuttonGroupComponent No items selected"/>
  <testcase name="RadiobuttonGroupComponent No items selected other Items has tabIndex = -1" time="0.006" classname=".RadiobuttonGroupComponent No items selected"/>
  <testcase name="RadiobuttonGroupComponent Horizontal and vertical Vertical vertical should be true" time="0.006" classname=".RadiobuttonGroupComponent Horizontal and vertical Vertical"/>
  <testcase name="RadiobuttonGroupComponent Horizontal and vertical Vertical class &quot;vertical&quot; should be true" time="0.004" classname=".RadiobuttonGroupComponent Horizontal and vertical Vertical"/>
  <testcase name="RadiobuttonGroupComponent Horizontal and vertical Horizontal (default) class &quot;vertical&quot; should be undefined" time="0.005" classname=".RadiobuttonGroupComponent Horizontal and vertical Horizontal (default)"/>
  <testcase name="RadiobuttonGroupComponent Horizontal and vertical Horizontal (default) vertical should be false" time="0.005" classname=".RadiobuttonGroupComponent Horizontal and vertical Horizontal (default)"/>
  <testcase name="RadiobuttonGroupComponent Errorhandling more than one item selected errorActive should be true" time="0.015" classname=".RadiobuttonGroupComponent Errorhandling more than one item selected"/>
  <testcase name="RadiobuttonGroupComponent Errorhandling more than one item selected validationErrorMessage should be &quot;Mer än ett val är aktivt&quot;" time="0.007" classname=".RadiobuttonGroupComponent Errorhandling more than one item selected"/>
  <testcase name="RadiobuttonGroupComponent Errorhandling required but no item selected validationErrorMessage should be &quot;Obligatoriskt&quot;" time="0.007" classname=".RadiobuttonGroupComponent Errorhandling required but no item selected"/>
  <testcase name="RadiobuttonGroupComponent Errorhandling required but no item selected errorActive should be true" time="0.007" classname=".RadiobuttonGroupComponent Errorhandling required but no item selected"/>
  <testcase name="RadiobuttonGroupComponent Errorhandling showValidation is false errorActive should be false" time="0.006" classname=".RadiobuttonGroupComponent Errorhandling showValidation is false"/>
  <testcase name="RadiobuttonGroupComponent Errorhandling showValidation is false validationErrorMessage should be &quot;Obligatoriskt&quot;" time="0.005" classname=".RadiobuttonGroupComponent Errorhandling showValidation is false"/>
  <testcase name="RadiobuttonGroupComponent Item preselected one item is selected" time="0.006" classname=".RadiobuttonGroupComponent Item preselected"/>
  <testcase name="RadiobuttonGroupComponent Item preselected preselected item to be selected" time="0.005" classname=".RadiobuttonGroupComponent Item preselected"/>
  <testcase name="RadiobuttonGroupComponent Item preselected selected item has checked class set" time="0.01" classname=".RadiobuttonGroupComponent Item preselected"/>
  <testcase name="RadiobuttonGroupComponent should create" time="0.005" classname=".RadiobuttonGroupComponent"/>
  <testcase name="RadiobuttonGroupComponent Keyboard navigation and right arrow key is pressed and left arrow key is pressed previous option is selected (One), " time="0.015" classname=".RadiobuttonGroupComponent Keyboard navigation and right arrow key is pressed and left arrow key is pressed"/>
  <testcase name="RadiobuttonGroupComponent Keyboard navigation and right arrow key is pressed and left arrow key is pressed only one option is selected" time="0.014" classname=".RadiobuttonGroupComponent Keyboard navigation and right arrow key is pressed and left arrow key is pressed"/>
  <testcase name="RadiobuttonGroupComponent Keyboard navigation and right arrow key is pressed only one option is selected" time="0.014" classname=".RadiobuttonGroupComponent Keyboard navigation and right arrow key is pressed"/>
  <testcase name="RadiobuttonGroupComponent Keyboard navigation and right arrow key is pressed next option is selected (Two)" time="0.012" classname=".RadiobuttonGroupComponent Keyboard navigation and right arrow key is pressed"/>
  <testcase name="RadiobuttonGroupComponent Keyboard navigation the option is  selected" time="0.011" classname=".RadiobuttonGroupComponent Keyboard navigation"/>
  <testcase name="RadiobuttonGroupComponent Instantiate showValidation is true" time="0.006" classname=".RadiobuttonGroupComponent Instantiate"/>
  <testcase name="RadiobuttonGroupComponent Instantiate required is false" time="0.004" classname=".RadiobuttonGroupComponent Instantiate"/>
  <testcase name="RadiobuttonGroupComponent Instantiate validationErrorMessage is &quot;Obligatoriskt&quot;" time="0.014" classname=".RadiobuttonGroupComponent Instantiate"/>
  <testcase name="RadiobuttonGroupComponent Instantiate vertical is false" time="0.005" classname=".RadiobuttonGroupComponent Instantiate"/>
  <system-out>
    <![CDATA[Chrome Headless 99.0.4844.82 (Windows 10) WARN: 'Komponenten <vgr-radio-group> är utfasad och skall ersättas med <vgr-radiobutton-group>'
,Chrome Headless 99.0.4844.82 (Windows 10) WARN: 'Komponenten <vgr-radio-group> är utfasad och skall ersättas med <vgr-radiobutton-group>'
,Chrome Headless 99.0.4844.82 (Windows 10) WARN: 'Komponenten <vgr-radio-group> är utfasad och skall ersättas med <vgr-radiobutton-group>'
,Chrome Headless 99.0.4844.82 (Windows 10) WARN: 'Komponenten <vgr-radio-group> är utfasad och skall ersättas med <vgr-radiobutton-group>'
,Chrome Headless 99.0.4844.82 (Windows 10) WARN: 'Komponenten <vgr-radio-group> är utfasad och skall ersättas med <vgr-radiobutton-group>'
,Chrome Headless 99.0.4844.82 (Windows 10) WARN: 'Komponenten <vgr-radio-group> är utfasad och skall ersättas med <vgr-radiobutton-group>'
,Chrome Headless 99.0.4844.82 (Windows 10) WARN: 'Komponenten <vgr-radio-group> är utfasad och skall ersättas med <vgr-radiobutton-group>'
,Chrome Headless 99.0.4844.82 (Windows 10) WARN: 'Komponenten <vgr-radio-group> är utfasad och skall ersättas med <vgr-radiobutton-group>'
,Chrome Headless 99.0.4844.82 (Windows 10) WARN: 'Komponenten <vgr-radio-group> är utfasad och skall ersättas med <vgr-radiobutton-group>'
,Chrome Headless 99.0.4844.82 (Windows 10) WARN: 'Komponenten <vgr-radio-group> är utfasad och skall ersättas med <vgr-radiobutton-group>'
,Chrome Headless 99.0.4844.82 (Windows 10) WARN: 'Komponenten <vgr-radio-group> är utfasad och skall ersättas med <vgr-radiobutton-group>'
,Chrome Headless 99.0.4844.82 (Windows 10) WARN: 'Komponenten <vgr-radio-group> är utfasad och skall ersättas med <vgr-radiobutton-group>'
,Chrome Headless 99.0.4844.82 (Windows 10) WARN: 'Komponenten <vgr-radio-group> är utfasad och skall ersättas med <vgr-radiobutton-group>'
,Chrome Headless 99.0.4844.82 (Windows 10) WARN: 'Komponenten <vgr-radio-group> är utfasad och skall ersättas med <vgr-radiobutton-group>'
,Chrome Headless 99.0.4844.82 (Windows 10) ERROR: 'ERROR', TypeError: event.preventDefault is not a function
TypeError: event.preventDefault is not a function
    at CheckboxGroupComponent.keyDown (http://localhost:9876/_karma_webpack_/main.js:19718:13)
    at SpyStrategy.exec (http://localhost:9876/absoluteC:/Projekt/komponentkartan/node_modules/jasmine-core/lib/jasmine-core/jasmine.js?d118a26331bea463fe0341e88f0ed0e1b4c34ac7:9326:39)
    at SpyStrategyDispatcher.exec (http://localhost:9876/absoluteC:/Projekt/komponentkartan/node_modules/jasmine-core/lib/jasmine-core/jasmine.js?d118a26331bea463fe0341e88f0ed0e1b4c34ac7:8845:23)
    at spy (http://localhost:9876/absoluteC:/Projekt/komponentkartan/node_modules/jasmine-core/lib/jasmine-core/jasmine.js?d118a26331bea463fe0341e88f0ed0e1b4c34ac7:8725:46)
    at http://localhost:9876/absoluteC:/Projekt/komponentkartan/node_modules/jasmine-core/lib/jasmine-core/jasmine.js?d118a26331bea463fe0341e88f0ed0e1b4c34ac7:8698:16
    at CheckboxGroupComponent.wrap1 [as keyDown] (http://localhost:9876/absoluteC:/Projekt/komponentkartan/node_modules/jasmine-core/lib/jasmine-core/jasmine.js?d118a26331bea463fe0341e88f0ed0e1b4c34ac7:8735:20)
    at CheckboxGroupComponent_Template_div_keydown_2_listener (ng:///CheckboxGroupComponent.js:80:22)
    at executeListenerWithErrorHandling (http://localhost:9876/_karma_webpack_/vendor.js:88945:12)
    at HTMLDivElement.wrapListenerIn_markDirtyAndPreventDefault (http://localhost:9876/_karma_webpack_/vendor.js:88989:18)
    at http://localhost:9876/_karma_webpack_/vendor.js:107713:20
,Chrome Headless 99.0.4844.82 (Windows 10) WARN: 'Komponenten <vgr-radio-group> är utfasad och skall ersättas med <vgr-radiobutton-group>'
,Chrome Headless 99.0.4844.82 (Windows 10) WARN: 'Komponenten <vgr-radio-group> är utfasad och skall ersättas med <vgr-radiobutton-group>'
,Chrome Headless 99.0.4844.82 (Windows 10) WARN: 'Komponenten <vgr-radio-group> är utfasad och skall ersättas med <vgr-radiobutton-group>'
,Chrome Headless 99.0.4844.82 (Windows 10) WARN: 'Komponenten <vgr-radio-group> är utfasad och skall ersättas med <vgr-radiobutton-group>'
,Chrome Headless 99.0.4844.82 (Windows 10) WARN: 'Komponenten <vgr-radio-group> är utfasad och skall ersättas med <vgr-radiobutton-group>'
,Chrome Headless 99.0.4844.82 (Windows 10) WARN: 'Komponenten <vgr-radio-group> är utfasad och skall ersättas med <vgr-radiobutton-group>'
,Chrome Headless 99.0.4844.82 (Windows 10) WARN: 'Komponenten <vgr-radio-group> är utfasad och skall ersättas med <vgr-radiobutton-group>'
,Chrome Headless 99.0.4844.82 (Windows 10) WARN: 'Komponenten <vgr-radio-group> är utfasad och skall ersättas med <vgr-radiobutton-group>'
,Chrome Headless 99.0.4844.82 (Windows 10) WARN: 'Komponenten <vgr-radio-group> är utfasad och skall ersättas med <vgr-radiobutton-group>'
,Chrome Headless 99.0.4844.82 (Windows 10) WARN: 'Komponenten <vgr-radio-group> är utfasad och skall ersättas med <vgr-radiobutton-group>'
,Chrome Headless 99.0.4844.82 (Windows 10) WARN: 'Komponenten <vgr-radio-group> är utfasad och skall ersättas med <vgr-radiobutton-group>'
,Chrome Headless 99.0.4844.82 (Windows 10) WARN: 'Komponenten <vgr-radio-group> är utfasad och skall ersättas med <vgr-radiobutton-group>'
,Chrome Headless 99.0.4844.82 (Windows 10) WARN: 'Komponenten <vgr-radio-group> är utfasad och skall ersättas med <vgr-radiobutton-group>'
,Chrome Headless 99.0.4844.82 (Windows 10) WARN: 'Komponenten <vgr-radio-group> är utfasad och skall ersättas med <vgr-radiobutton-group>'
,Chrome Headless 99.0.4844.82 (Windows 10) WARN: 'Komponenten <vgr-radio-group> är utfasad och skall ersättas med <vgr-radiobutton-group>'
,Chrome Headless 99.0.4844.82 (Windows 10) WARN: 'Komponenten <vgr-radio-group> är utfasad och skall ersättas med <vgr-radiobutton-group>'
,Chrome Headless 99.0.4844.82 (Windows 10) WARN: 'Komponenten <vgr-radio-group> är utfasad och skall ersättas med <vgr-radiobutton-group>'
,Chrome Headless 99.0.4844.82 (Windows 10) WARN: 'Komponenten <vgr-radio-group> är utfasad och skall ersättas med <vgr-radiobutton-group>'
,Chrome Headless 99.0.4844.82 (Windows 10) WARN: 'Komponenten <vgr-radio-group> är utfasad och skall ersättas med <vgr-radiobutton-group>'
,Chrome Headless 99.0.4844.82 (Windows 10) WARN: 'Komponenten <vgr-radio-group> är utfasad och skall ersättas med <vgr-radiobutton-group>'
,Chrome Headless 99.0.4844.82 (Windows 10) WARN: 'Komponenten <vgr-radio-group> är utfasad och skall ersättas med <vgr-radiobutton-group>'
,Chrome Headless 99.0.4844.82 (Windows 10) WARN: 'Komponenten <vgr-radio-group> är utfasad och skall ersättas med <vgr-radiobutton-group>'
,Chrome Headless 99.0.4844.82 (Windows 10) WARN: 'Komponenten <vgr-radio-group> är utfasad och skall ersättas med <vgr-radiobutton-group>'
,Chrome Headless 99.0.4844.82 (Windows 10) WARN: 'Komponenten <vgr-radio-group> är utfasad och skall ersättas med <vgr-radiobutton-group>'
,Chrome Headless 99.0.4844.82 (Windows 10) WARN: 'Komponenten <vgr-radio-group> är utfasad och skall ersättas med <vgr-radiobutton-group>'
,Chrome Headless 99.0.4844.82 (Windows 10) WARN: 'Komponenten <vgr-radio-group> är utfasad och skall ersättas med <vgr-radiobutton-group>'
,Chrome Headless 99.0.4844.82 (Windows 10) WARN: 'Komponenten <vgr-radio-group> är utfasad och skall ersättas med <vgr-radiobutton-group>'
,Chrome Headless 99.0.4844.82 (Windows 10) WARN: 'Komponenten <vgr-radio-group> är utfasad och skall ersättas med <vgr-radiobutton-group>'
,Chrome Headless 99.0.4844.82 (Windows 10) WARN: 'Komponenten <vgr-radio-group> är utfasad och skall ersättas med <vgr-radiobutton-group>'
,Chrome Headless 99.0.4844.82 (Windows 10) WARN: 'Komponenten <vgr-radio-group> är utfasad och skall ersättas med <vgr-radiobutton-group>'
,Chrome Headless 99.0.4844.82 (Windows 10) WARN: 'Komponenten <vgr-radio-group> är utfasad och skall ersättas med <vgr-radiobutton-group>'
,Chrome Headless 99.0.4844.82 (Windows 10) WARN: 'Komponenten <vgr-radio-group> är utfasad och skall ersättas med <vgr-radiobutton-group>'
,Chrome Headless 99.0.4844.82 (Windows 10) WARN: 'Komponenten <vgr-radio-group> är utfasad och skall ersättas med <vgr-radiobutton-group>'
,Chrome Headless 99.0.4844.82 (Windows 10) WARN: 'Komponenten <vgr-radio-group> är utfasad och skall ersättas med <vgr-radiobutton-group>'
,Chrome Headless 99.0.4844.82 (Windows 10) WARN: 'Komponenten <vgr-radio-group> är utfasad och skall ersättas med <vgr-radiobutton-group>'
,Chrome Headless 99.0.4844.82 (Windows 10) WARN: 'Komponenten <vgr-radio-group> är utfasad och skall ersättas med <vgr-radiobutton-group>'
,Chrome Headless 99.0.4844.82 (Windows 10) WARN: 'Komponenten <vgr-radio-group> är utfasad och skall ersättas med <vgr-radiobutton-group>'
,Chrome Headless 99.0.4844.82 (Windows 10) WARN: 'Komponenten <vgr-radio-group> är utfasad och skall ersättas med <vgr-radiobutton-group>'
,Chrome Headless 99.0.4844.82 (Windows 10) WARN: 'Komponenten <vgr-radio-group> är utfasad och skall ersättas med <vgr-radiobutton-group>'
,Chrome Headless 99.0.4844.82 (Windows 10) WARN: 'Komponenten <vgr-radio-group> är utfasad och skall ersättas med <vgr-radiobutton-group>'
,Chrome Headless 99.0.4844.82 (Windows 10) WARN: 'Komponenten <vgr-radio-group> är utfasad och skall ersättas med <vgr-radiobutton-group>'
,Chrome Headless 99.0.4844.82 (Windows 10) LOG: undefined

]]>
  </system-out>
  <system-err/>
</testsuite>